02:04:19.566 [JavaFX Application Thread] DEBUG GameApplication      - Logger initialized
02:04:19.591 [JavaFX Application Thread] DEBUG GameApplication      - Logging settings
Title: Breakout
Version: 0.1
Width: 600
Height: 700
Fullscreen: false
Intro: false
Menus: false
Profiling: false
Single step:false
App Mode: DEVELOPER
Menu Key: ESCAPE
Stage Style: DECORATED
Scene Factory: class com.almasb.fxgl.scene.SceneFactory
Dialog Factory: class com.almasb.fxgl.ui.FXGLDialogFactory
UI Factory: class com.almasb.fxgl.ui.FXGLUIFactory
Notification Service: class com.almasb.fxgl.gameplay.notification.XboxNotificationView
Exception Handler: class com.almasb.fxgl.app.FXGLExceptionHandler
02:04:19.591 [JavaFX Application Thread] DEBUG GameApplication      - Starting FXGL
02:04:19.608 [JavaFX Application Thread] INFO  FXGL                 - FXGL-0.5.4 on DESKTOP
02:04:19.609 [JavaFX Application Thread] INFO  FXGL                 - Source code and latest versions at: https://github.com/AlmasB/FXGL
02:04:19.610 [JavaFX Application Thread] INFO  FXGL                 -              Join the FXGL chat at: https://gitter.im/AlmasB/FXGL
02:04:19.610 [JavaFX Application Thread] DEBUG FXGL                 - FXGL started
02:04:19.610 [JavaFX Application Thread] DEBUG FXGL                 - Initializing FXGL
02:04:19.687 [JavaFX Application Thread] DEBUG AssetLoader          - Loading from disk: /assets/ui/cursors/fxgl_default.png
02:04:19.799 [JavaFX Application Thread] DEBUG AssetLoader          - Loading from disk: /assets/ui/fonts/VarelaRound-Regular.ttf
02:04:20.404 [JavaFX Application Thread] DEBUG MainWindow           - Creating a JavaFX scene
02:04:20.498 [JavaFX Application Thread] DEBUG MainWindow           - Target settings size: 600.0 x 700.0
02:04:20.499 [JavaFX Application Thread] DEBUG MainWindow           - Scaled scene size:    600.0 x 700.0
02:04:20.499 [JavaFX Application Thread] DEBUG MainWindow           - Scaled ratio: (1.0, 1.0)
02:04:20.506 [JavaFX Application Thread] DEBUG AssetLoader          - Loading from disk: /assets/ui/css/fxgl_dark.css
02:04:20.524 [JavaFX Application Thread] DEBUG AssetLoader          - Loading from disk: /assets/textures/fxgl_icon.png
02:04:20.570 [JavaFX Application Thread] DEBUG MainWindow           - Opening main window
02:04:21.325 [JavaFX Application Thread] DEBUG MainWindow           - Window border size: (6.0, 29.0)
02:04:21.325 [JavaFX Application Thread] DEBUG MainWindow           - Scaled size: 600.0 x 700.0
02:04:21.325 [JavaFX Application Thread] DEBUG MainWindow           - Scaled ratio: (1.0, 1.0)
02:04:21.326 [JavaFX Application Thread] DEBUG MainWindow           - Scene size: 600.0 x 700.0
02:04:21.326 [JavaFX Application Thread] DEBUG MainWindow           - Stage size: 606.0 x 729.0
02:04:21.491 [ForkJoinPool.commonPool-worker-1] DEBUG FS                   - Loaded DesktopFSService
02:04:21.492 [ForkJoinPool.commonPool-worker-1] DEBUG FXGL                 - Loading FXGL system data
02:04:21.504 [ForkJoinPool.commonPool-worker-1] DEBUG DesktopFSService     - Reading from: system\fxgl.bundle
02:04:21.523 [ForkJoinPool.commonPool-worker-1] DEBUG Bundle               - Logging bundle: FXGL
02:04:21.524 [ForkJoinPool.commonPool-worker-1] DEBUG Bundle               - FXGL.offline.timer.version.check=2018-12-02T17:17:06.777
02:04:21.526 [ForkJoinPool.commonPool-worker-1] DEBUG FXGL                 - Initializing state machine and application states
02:04:21.529 [ForkJoinPool.commonPool-worker-1] DEBUG AssetLoader          - Loading from disk: /assets/ui/cursors/fxgl_default.png
02:04:21.541 [ForkJoinPool.commonPool-worker-1] DEBUG AssetLoader          - Loading from disk: /assets/ui/cursors/fxgl_default.png
02:04:21.554 [ForkJoinPool.commonPool-worker-1] DEBUG AssetLoader          - Loading from cache: /assets/ui/fonts/VarelaRound-Regular.ttf
02:04:21.559 [ForkJoinPool.commonPool-worker-1] DEBUG AssetLoader          - Loading from disk: /assets/ui/cursors/fxgl_default.png
02:04:21.567 [ForkJoinPool.commonPool-worker-1] DEBUG GameScene            - Game scene initialized: 600x700
02:04:21.590 [ForkJoinPool.commonPool-worker-1] DEBUG GameWorld            - Game world initialized
02:04:21.723 [ForkJoinPool.commonPool-worker-1] DEBUG PhysicsWorld         - Physics world initialized: appHeight=700, physics.ppm=50,0
02:04:21.763 [ForkJoinPool.commonPool-worker-1] DEBUG Input                - Registered new binding: Pause - Esc
02:04:21.854 [JavaFX Application Thread] DEBUG FXGL                 - Running preInit()
02:04:21.857 [JavaFX Application Thread] DEBUG Input                - Registered new binding: Screenshot - P
02:04:21.858 [JavaFX Application Thread] DEBUG Input                - Registered new binding: Dev Options - CTRL+0
02:04:21.859 [JavaFX Application Thread] DEBUG Input                - Registered new binding: System info dump - CTRL+9
02:04:21.864 [JavaFX Application Thread] DEBUG Input                - Registered new binding: Restart - CTRL+R
02:04:21.865 [JavaFX Application Thread] DEBUG Input                - Registered new binding: New ball - Space
02:04:21.865 [JavaFX Application Thread] DEBUG Input                - Registered new binding: Move Left - A
02:04:21.867 [JavaFX Application Thread] DEBUG Input                - Registered new binding: Move Right - D
02:04:21.868 [JavaFX Application Thread] DEBUG Input                - Registered new binding: Add Level - N
02:04:21.869 [JavaFX Application Thread] DEBUG Input                - Registered new binding: Enable Level values editor - T
02:04:21.871 [JavaFX Application Thread] DEBUG AssetLoader          - Loading from cache: /assets/ui/fonts/VarelaRound-Regular.ttf
02:04:21.881 [JavaFX Application Thread] DEBUG AssetLoader          - Loading from cache: /assets/ui/fonts/VarelaRound-Regular.ttf
02:04:21.886 [JavaFX Application Thread] DEBUG AssetLoader          - Loading from disk: /assets/properties/languages/english.properties
02:04:21.892 [JavaFX Application Thread] DEBUG AssetLoader          - Loading from cache: /assets/ui/fonts/VarelaRound-Regular.ttf
02:04:21.893 [JavaFX Application Thread] DEBUG AppStateMachine      - Push state: DialogSubState
02:04:21.894 [JavaFX Application Thread] DEBUG Input                - Clearing active input actions
02:04:21.894 [JavaFX Application Thread] DEBUG AppStateMachine      - StartupState -> DialogSubState
02:04:21.912 [JavaFX Application Thread] DEBUG AssetLoader          - Loading from cache: /assets/ui/fonts/VarelaRound-Regular.ttf
02:04:21.926 [JavaFX Application Thread] DEBUG AssetLoader          - Loading from cache: /assets/ui/fonts/VarelaRound-Regular.ttf
02:04:21.926 [JavaFX Application Thread] DEBUG AssetLoader          - Loading from cache: /assets/ui/fonts/VarelaRound-Regular.ttf
02:04:21.927 [JavaFX Application Thread] DEBUG AssetLoader          - Loading from cache: /assets/properties/languages/english.properties
02:04:21.930 [JavaFX Application Thread] DEBUG AssetLoader          - Loading from cache: /assets/ui/fonts/VarelaRound-Regular.ttf
02:04:21.936 [JavaFX Application Thread] DEBUG AssetLoader          - Loading from cache: /assets/ui/fonts/VarelaRound-Regular.ttf
02:04:21.937 [JavaFX Application Thread] DEBUG AssetLoader          - Loading from cache: /assets/ui/fonts/VarelaRound-Regular.ttf
02:04:21.937 [JavaFX Application Thread] DEBUG AssetLoader          - Loading from cache: /assets/ui/fonts/VarelaRound-Regular.ttf
02:04:21.937 [JavaFX Application Thread] DEBUG AssetLoader          - Loading from cache: /assets/properties/languages/english.properties
02:04:21.938 [JavaFX Application Thread] DEBUG AssetLoader          - Loading from cache: /assets/ui/fonts/VarelaRound-Regular.ttf
02:04:21.940 [JavaFX Application Thread] DEBUG AssetLoader          - Loading from cache: /assets/ui/fonts/VarelaRound-Regular.ttf
02:04:21.941 [JavaFX Application Thread] DEBUG AssetLoader          - Loading from cache: /assets/ui/fonts/VarelaRound-Regular.ttf
02:04:21.942 [JavaFX Application Thread] DEBUG AssetLoader          - Loading from cache: /assets/ui/fonts/VarelaRound-Regular.ttf
02:04:21.942 [JavaFX Application Thread] DEBUG AssetLoader          - Loading from cache: /assets/properties/languages/english.properties
02:04:21.943 [JavaFX Application Thread] DEBUG AssetLoader          - Loading from cache: /assets/ui/fonts/VarelaRound-Regular.ttf
02:04:21.945 [JavaFX Application Thread] DEBUG AssetLoader          - Loading from cache: /assets/ui/fonts/VarelaRound-Regular.ttf
02:04:21.945 [JavaFX Application Thread] DEBUG AssetLoader          - Loading from cache: /assets/ui/fonts/VarelaRound-Regular.ttf
02:04:21.946 [JavaFX Application Thread] DEBUG AssetLoader          - Loading from cache: /assets/properties/languages/english.properties
02:04:21.946 [JavaFX Application Thread] DEBUG AssetLoader          - Loading from cache: /assets/ui/fonts/VarelaRound-Regular.ttf
02:04:21.948 [JavaFX Application Thread] INFO  FXGL                 - FXGL initialization took: 2,337 sec
02:04:21.948 [JavaFX Application Thread] DEBUG LoopRunner           - Starting loop
02:04:28.056 [JavaFX Application Thread] DEBUG AssetLoader          - Loading from cache: /assets/ui/fonts/VarelaRound-Regular.ttf
02:04:35.675 [JavaFX Application Thread] DEBUG AssetLoader          - Loading from cache: /assets/sounds/menu/select.wav
02:04:35.925 [JavaFX Application Thread] DEBUG AssetLoader          - Loading from cache: /assets/ui/fonts/VarelaRound-Regular.ttf
02:04:47.347 [JavaFX Application Thread] DEBUG AssetLoader          - Loading from cache: /assets/sounds/menu/select.wav
02:04:49.088 [JavaFX Application Thread] DEBUG AssetLoader          - Loading from cache: /assets/ui/fonts/VarelaRound-Regular.ttf
02:04:51.407 [JavaFX Application Thread] DEBUG AssetLoader          - Loading from cache: /assets/sounds/menu/select.wav
02:04:51.659 [JavaFX Application Thread] DEBUG AssetLoader          - Loading from cache: /assets/ui/fonts/VarelaRound-Regular.ttf
02:04:51.675 [JavaFX Application Thread] DEBUG AssetLoader          - Loading from cache: /assets/sounds/menu/select.wav
02:04:52.653 [JavaFX Application Thread] DEBUG AssetLoader          - Loading from cache: /assets/sounds/menu/select.wav
02:04:53.376 [JavaFX Application Thread] DEBUG AssetLoader          - Loading from cache: /assets/sounds/menu/select.wav
02:04:54.315 [JavaFX Application Thread] DEBUG AssetLoader          - Loading from cache: /assets/sounds/menu/select.wav
02:04:56.111 [JavaFX Application Thread] DEBUG AssetLoader          - Loading from cache: /assets/sounds/menu/select.wav
02:04:56.345 [JavaFX Application Thread] DEBUG AssetLoader          - Loading from cache: /assets/sounds/menu/select.wav
02:04:59.775 [JavaFX Application Thread] DEBUG AssetLoader          - Loading from cache: /assets/sounds/menu/select.wav
02:05:00.373 [JavaFX Application Thread] DEBUG AssetLoader          - Loading from cache: /assets/sounds/menu/select.wav
02:05:03.602 [JavaFX Application Thread] DEBUG AppStateMachine      - Pop state: DialogSubState
02:05:03.602 [JavaFX Application Thread] DEBUG Input                - Clearing active input actions
02:05:03.602 [JavaFX Application Thread] DEBUG AppStateMachine      - StartupState <- DialogSubState
02:05:03.609 [JavaFX Application Thread] DEBUG StartupState         - STARTUP
02:05:03.609 [JavaFX Application Thread] DEBUG GameApplication      - Starting new game
02:05:03.609 [JavaFX Application Thread] DEBUG Input                - Clearing active input actions
02:05:03.609 [JavaFX Application Thread] DEBUG AssetLoader          - Loading from disk: /assets/ui/css/fxgl_dark.css
02:05:03.618 [JavaFX Application Thread] DEBUG AppStateMachine      - StartupState -> LoadingState
02:05:03.691 [FXGL Background Thread 1 ] DEBUG InitAppTask          - Clearing previous game
02:05:03.692 [FXGL Background Thread 1 ] DEBUG GameWorld            - Clearing game world
02:05:03.692 [FXGL Background Thread 1 ] DEBUG PhysicsWorld         - Clearing physics world
02:05:03.692 [FXGL Background Thread 1 ] DEBUG GameScene            - Clearing game scene
02:05:03.694 [FXGL Background Thread 1 ] DEBUG InitAppTask          - Initializing Game
02:05:04.226 [FXGL Background Thread 1 ] DEBUG AudioPlayer          - Playing music com.almasb.fxgl.audio.Music@2b0770b
02:05:04.267 [FXGL Background Thread 1 ] DEBUG GameScene            - Creating render group for layer: BACKGROUND(1000)
02:05:04.357 [FXGL Background Thread 1 ] DEBUG GameScene            - Creating render group for layer: DEFAULT(100000)
02:05:04.358 [FXGL Background Thread 1 ] DEBUG InitAppTask          - Initializing Physics
02:05:04.359 [FXGL Background Thread 1 ] DEBUG InitAppTask          - Initializing UI
02:05:04.434 [FXGL Background Thread 1 ] DEBUG InitAppTask          - Initialization Complete
02:05:04.435 [FXGL Background Thread 1 ] INFO  InitAppTask          - Game initialization took: 0,743 sec
02:05:04.441 [JavaFX Application Thread] DEBUG Input                - Clearing active input actions
02:05:04.441 [JavaFX Application Thread] DEBUG AssetLoader          - Loading from disk: /assets/ui/css/fxgl_dark.css
02:05:04.448 [JavaFX Application Thread] DEBUG AppStateMachine      - LoadingState -> PlayState
02:05:10.985 [JavaFX Application Thread] DEBUG AssetLoader          - Loading from cache: /assets/sounds/GlassHit.wav
02:05:10.985 [JavaFX Application Thread] DEBUG AssetLoader          - Loading from cache: /assets/sounds/Oof.wav
02:05:14.329 [JavaFX Application Thread] DEBUG AssetLoader          - Loading from cache: /assets/sounds/GlassHit.wav
02:05:14.331 [JavaFX Application Thread] DEBUG AssetLoader          - Loading from cache: /assets/sounds/Oof.wav
02:05:17.672 [JavaFX Application Thread] DEBUG AssetLoader          - Loading from cache: /assets/sounds/GlassHit.wav
02:05:17.672 [JavaFX Application Thread] DEBUG AssetLoader          - Loading from cache: /assets/sounds/Oof.wav
02:05:20.809 [JavaFX Application Thread] DEBUG AssetLoader          - Loading from cache: /assets/sounds/GlassHit.wav
02:05:20.809 [JavaFX Application Thread] DEBUG AssetLoader          - Loading from cache: /assets/sounds/Oof.wav
02:05:24.009 [JavaFX Application Thread] DEBUG AssetLoader          - Loading from cache: /assets/sounds/MetalHit.wav
02:05:27.273 [JavaFX Application Thread] DEBUG AssetLoader          - Loading from cache: /assets/sounds/MetalHit.wav
02:05:30.537 [JavaFX Application Thread] DEBUG AssetLoader          - Loading from cache: /assets/sounds/MetalHit.wav
02:05:33.784 [JavaFX Application Thread] DEBUG AssetLoader          - Loading from cache: /assets/sounds/MetalHit.wav
02:05:37.033 [JavaFX Application Thread] DEBUG AssetLoader          - Loading from cache: /assets/sounds/GlassHit.wav
02:05:37.033 [JavaFX Application Thread] DEBUG AssetLoader          - Loading from cache: /assets/sounds/Oof.wav
02:05:43.640 [JavaFX Application Thread] DEBUG AssetLoader          - Loading from cache: /assets/sounds/MetalHit.wav
02:05:43.736 [JavaFX Application Thread] DEBUG AssetLoader          - Loading from cache: /assets/sounds/MetalHit.wav
02:05:44.024 [JavaFX Application Thread] DEBUG AssetLoader          - Loading from cache: /assets/sounds/GlassHit.wav
02:05:44.024 [JavaFX Application Thread] DEBUG AssetLoader          - Loading from cache: /assets/sounds/Oof.wav
02:05:44.025 [JavaFX Application Thread] DEBUG AssetLoader          - Loading from cache: /assets/sounds/GlassHit.wav
02:05:44.025 [JavaFX Application Thread] DEBUG AssetLoader          - Loading from cache: /assets/sounds/Oof.wav
02:05:47.721 [JavaFX Application Thread] DEBUG AssetLoader          - Loading from cache: /assets/sounds/MetalHit.wav
02:05:51.160 [JavaFX Application Thread] DEBUG AssetLoader          - Loading from cache: /assets/sounds/GlassHit.wav
02:05:51.160 [JavaFX Application Thread] DEBUG AssetLoader          - Loading from cache: /assets/sounds/Oof.wav
02:05:54.488 [JavaFX Application Thread] DEBUG AssetLoader          - Loading from cache: /assets/sounds/WoodenHit.wav
02:05:57.833 [JavaFX Application Thread] DEBUG AssetLoader          - Loading from cache: /assets/sounds/MetalHit.wav
02:06:01.192 [JavaFX Application Thread] DEBUG AssetLoader          - Loading from cache: /assets/sounds/WoodenHit.wav
02:06:01.192 [JavaFX Application Thread] DEBUG AssetLoader          - Loading from cache: /assets/sounds/Oof.wav
02:06:01.996 [JavaFX Application Thread] DEBUG FXGL                 - Exiting FXGL
02:06:01.996 [JavaFX Application Thread] DEBUG FXGL                 - Shutting down background threads
02:06:01.996 [JavaFX Application Thread] DEBUG FXGL                 - Saving FXGL system data
02:06:02.000 [JavaFX Application Thread] DEBUG DesktopFSService     - Writing to: system\fxgl.bundle
02:06:02.007 [JavaFX Application Thread] DEBUG FXGL                 - Closing logger and exiting JavaFX
