21:02:07.873 [JavaFX Application Thread] DEBUG GameApplication      - Logger initialized
21:02:07.909 [JavaFX Application Thread] DEBUG GameApplication      - Logging settings
Title: Breakout
Version: 0.1
Width: 600
Height: 700
Fullscreen: false
Intro: false
Menus: false
Profiling: false
Single step:false
App Mode: DEVELOPER
Menu Key: ESCAPE
Stage Style: DECORATED
Scene Factory: class com.almasb.fxgl.scene.SceneFactory
Dialog Factory: class com.almasb.fxgl.ui.FXGLDialogFactory
UI Factory: class com.almasb.fxgl.ui.FXGLUIFactory
Notification Service: class com.almasb.fxgl.gameplay.notification.XboxNotificationView
Exception Handler: class com.almasb.fxgl.app.FXGLExceptionHandler
21:02:07.909 [JavaFX Application Thread] DEBUG GameApplication      - Starting FXGL
21:02:07.940 [JavaFX Application Thread] INFO  FXGL                 - FXGL-0.5.4 on DESKTOP
21:02:07.941 [JavaFX Application Thread] INFO  FXGL                 - Source code and latest versions at: https://github.com/AlmasB/FXGL
21:02:07.941 [JavaFX Application Thread] INFO  FXGL                 -              Join the FXGL chat at: https://gitter.im/AlmasB/FXGL
21:02:07.942 [JavaFX Application Thread] DEBUG FXGL                 - FXGL started
21:02:07.942 [JavaFX Application Thread] DEBUG FXGL                 - Initializing FXGL
21:02:08.068 [JavaFX Application Thread] DEBUG AssetLoader          - Loading from disk: /assets/ui/cursors/fxgl_default.png
21:02:08.187 [JavaFX Application Thread] DEBUG AssetLoader          - Loading from disk: /assets/ui/fonts/VarelaRound-Regular.ttf
21:02:08.612 [JavaFX Application Thread] DEBUG MainWindow           - Creating a JavaFX scene
21:02:08.726 [JavaFX Application Thread] DEBUG MainWindow           - Target settings size: 600.0 x 700.0
21:02:08.727 [JavaFX Application Thread] DEBUG MainWindow           - Scaled scene size:    600.0 x 700.0
21:02:08.727 [JavaFX Application Thread] DEBUG MainWindow           - Scaled ratio: (1.0, 1.0)
21:02:08.736 [JavaFX Application Thread] DEBUG AssetLoader          - Loading from disk: /assets/ui/css/fxgl_dark.css
21:02:08.754 [JavaFX Application Thread] DEBUG AssetLoader          - Loading from disk: /assets/textures/fxgl_icon.png
21:02:08.792 [JavaFX Application Thread] DEBUG MainWindow           - Opening main window
21:02:09.215 [JavaFX Application Thread] DEBUG MainWindow           - Window border size: (6.0, 29.0)
21:02:09.216 [JavaFX Application Thread] DEBUG MainWindow           - Scaled size: 600.0 x 700.0
21:02:09.216 [JavaFX Application Thread] DEBUG MainWindow           - Scaled ratio: (1.0, 1.0)
21:02:09.217 [JavaFX Application Thread] DEBUG MainWindow           - Scene size: 600.0 x 700.0
21:02:09.217 [JavaFX Application Thread] DEBUG MainWindow           - Stage size: 606.0 x 729.0
21:02:09.396 [ForkJoinPool.commonPool-worker-1] DEBUG FS                   - Loaded DesktopFSService
21:02:09.397 [ForkJoinPool.commonPool-worker-1] DEBUG FXGL                 - Loading FXGL system data
21:02:09.411 [ForkJoinPool.commonPool-worker-1] DEBUG DesktopFSService     - Reading from: system\fxgl.bundle
21:02:09.431 [ForkJoinPool.commonPool-worker-1] DEBUG Bundle               - Logging bundle: FXGL
21:02:09.432 [ForkJoinPool.commonPool-worker-1] DEBUG Bundle               - FXGL.offline.timer.version.check=2018-12-02T17:17:06.777
21:02:09.434 [ForkJoinPool.commonPool-worker-1] DEBUG FXGL                 - Initializing state machine and application states
21:02:09.441 [ForkJoinPool.commonPool-worker-1] DEBUG AssetLoader          - Loading from disk: /assets/ui/cursors/fxgl_default.png
21:02:09.452 [ForkJoinPool.commonPool-worker-1] DEBUG AssetLoader          - Loading from disk: /assets/ui/cursors/fxgl_default.png
21:02:09.467 [ForkJoinPool.commonPool-worker-1] DEBUG AssetLoader          - Loading from cache: /assets/ui/fonts/VarelaRound-Regular.ttf
21:02:09.495 [ForkJoinPool.commonPool-worker-1] DEBUG AssetLoader          - Loading from disk: /assets/ui/cursors/fxgl_default.png
21:02:09.507 [ForkJoinPool.commonPool-worker-1] DEBUG GameScene            - Game scene initialized: 600x700
21:02:09.517 [ForkJoinPool.commonPool-worker-1] DEBUG GameWorld            - Game world initialized
21:02:09.662 [ForkJoinPool.commonPool-worker-1] DEBUG PhysicsWorld         - Physics world initialized: appHeight=700, physics.ppm=50,0
21:02:09.705 [ForkJoinPool.commonPool-worker-1] DEBUG Input                - Registered new binding: Pause - Esc
21:02:09.793 [JavaFX Application Thread] DEBUG FXGL                 - Running preInit()
21:02:09.796 [JavaFX Application Thread] DEBUG Input                - Registered new binding: Screenshot - P
21:02:09.797 [JavaFX Application Thread] DEBUG Input                - Registered new binding: Dev Options - CTRL+0
21:02:09.798 [JavaFX Application Thread] DEBUG Input                - Registered new binding: System info dump - CTRL+9
21:02:09.799 [JavaFX Application Thread] DEBUG Input                - Registered new binding: Restart - CTRL+R
21:02:09.800 [JavaFX Application Thread] DEBUG Input                - Registered new binding: New ball - Space
21:02:09.800 [JavaFX Application Thread] DEBUG Input                - Registered new binding: Move Left - A
21:02:09.800 [JavaFX Application Thread] DEBUG Input                - Registered new binding: Move Right - D
21:02:09.801 [JavaFX Application Thread] DEBUG Input                - Registered new binding: Add Level - N
21:02:09.801 [JavaFX Application Thread] DEBUG Input                - Registered new binding: Enable Level values editor - M
21:02:09.801 [JavaFX Application Thread] DEBUG Input                - Registered new binding: Show tutorial - T
21:02:09.806 [JavaFX Application Thread] DEBUG AssetLoader          - Loading from cache: /assets/ui/fonts/VarelaRound-Regular.ttf
21:02:09.813 [JavaFX Application Thread] DEBUG AssetLoader          - Loading from cache: /assets/ui/fonts/VarelaRound-Regular.ttf
21:02:09.819 [JavaFX Application Thread] DEBUG AssetLoader          - Loading from disk: /assets/properties/languages/english.properties
21:02:09.826 [JavaFX Application Thread] DEBUG AssetLoader          - Loading from cache: /assets/ui/fonts/VarelaRound-Regular.ttf
21:02:09.828 [JavaFX Application Thread] DEBUG AppStateMachine      - Push state: DialogSubState
21:02:09.828 [JavaFX Application Thread] DEBUG Input                - Clearing active input actions
21:02:09.828 [JavaFX Application Thread] DEBUG AppStateMachine      - StartupState -> DialogSubState
21:02:09.848 [JavaFX Application Thread] DEBUG AssetLoader          - Loading from cache: /assets/ui/fonts/VarelaRound-Regular.ttf
21:02:09.862 [JavaFX Application Thread] DEBUG AssetLoader          - Loading from cache: /assets/ui/fonts/VarelaRound-Regular.ttf
21:02:09.863 [JavaFX Application Thread] DEBUG AssetLoader          - Loading from cache: /assets/ui/fonts/VarelaRound-Regular.ttf
21:02:09.863 [JavaFX Application Thread] DEBUG AssetLoader          - Loading from cache: /assets/properties/languages/english.properties
21:02:09.866 [JavaFX Application Thread] DEBUG AssetLoader          - Loading from cache: /assets/ui/fonts/VarelaRound-Regular.ttf
21:02:09.871 [JavaFX Application Thread] DEBUG AssetLoader          - Loading from cache: /assets/ui/fonts/VarelaRound-Regular.ttf
21:02:09.872 [JavaFX Application Thread] DEBUG AssetLoader          - Loading from cache: /assets/ui/fonts/VarelaRound-Regular.ttf
21:02:09.872 [JavaFX Application Thread] DEBUG AssetLoader          - Loading from cache: /assets/ui/fonts/VarelaRound-Regular.ttf
21:02:09.873 [JavaFX Application Thread] DEBUG AssetLoader          - Loading from cache: /assets/properties/languages/english.properties
21:02:09.873 [JavaFX Application Thread] DEBUG AssetLoader          - Loading from cache: /assets/ui/fonts/VarelaRound-Regular.ttf
21:02:09.876 [JavaFX Application Thread] DEBUG AssetLoader          - Loading from cache: /assets/ui/fonts/VarelaRound-Regular.ttf
21:02:09.877 [JavaFX Application Thread] DEBUG AssetLoader          - Loading from cache: /assets/ui/fonts/VarelaRound-Regular.ttf
21:02:09.877 [JavaFX Application Thread] DEBUG AssetLoader          - Loading from cache: /assets/ui/fonts/VarelaRound-Regular.ttf
21:02:09.878 [JavaFX Application Thread] DEBUG AssetLoader          - Loading from cache: /assets/properties/languages/english.properties
21:02:09.879 [JavaFX Application Thread] DEBUG AssetLoader          - Loading from cache: /assets/ui/fonts/VarelaRound-Regular.ttf
21:02:09.881 [JavaFX Application Thread] DEBUG AssetLoader          - Loading from cache: /assets/ui/fonts/VarelaRound-Regular.ttf
21:02:09.881 [JavaFX Application Thread] DEBUG AssetLoader          - Loading from cache: /assets/ui/fonts/VarelaRound-Regular.ttf
21:02:09.881 [JavaFX Application Thread] DEBUG AssetLoader          - Loading from cache: /assets/properties/languages/english.properties
21:02:09.882 [JavaFX Application Thread] DEBUG AssetLoader          - Loading from cache: /assets/ui/fonts/VarelaRound-Regular.ttf
21:02:09.884 [JavaFX Application Thread] INFO  FXGL                 - FXGL initialization took: 1,941 sec
21:02:09.884 [JavaFX Application Thread] DEBUG LoopRunner           - Starting loop
21:02:12.054 [JavaFX Application Thread] DEBUG AssetLoader          - Loading from cache: /assets/ui/fonts/VarelaRound-Regular.ttf
21:02:16.522 [JavaFX Application Thread] DEBUG AssetLoader          - Loading from cache: /assets/sounds/menu/select.wav
21:02:16.526 [JavaFX Application Thread] DEBUG AssetLoader          - Loading from cache: /assets/sounds/menu/select.wav
21:02:16.737 [JavaFX Application Thread] DEBUG AssetLoader          - Loading from cache: /assets/ui/fonts/VarelaRound-Regular.ttf
21:02:17.536 [JavaFX Application Thread] DEBUG AssetLoader          - Loading from cache: /assets/sounds/menu/select.wav
21:02:18.761 [JavaFX Application Thread] DEBUG AssetLoader          - Loading from cache: /assets/ui/fonts/VarelaRound-Regular.ttf
21:02:19.282 [JavaFX Application Thread] DEBUG AssetLoader          - Loading from cache: /assets/sounds/menu/select.wav
21:02:21.399 [JavaFX Application Thread] DEBUG AssetLoader          - Loading from cache: /assets/ui/fonts/VarelaRound-Regular.ttf
21:02:21.819 [JavaFX Application Thread] DEBUG AssetLoader          - Loading from cache: /assets/sounds/menu/select.wav
21:02:22.065 [JavaFX Application Thread] DEBUG AppStateMachine      - Pop state: DialogSubState
21:02:22.066 [JavaFX Application Thread] DEBUG Input                - Clearing active input actions
21:02:22.066 [JavaFX Application Thread] DEBUG AppStateMachine      - StartupState <- DialogSubState
21:02:22.081 [JavaFX Application Thread] DEBUG StartupState         - STARTUP
21:02:22.081 [JavaFX Application Thread] DEBUG GameApplication      - Starting new game
21:02:22.081 [JavaFX Application Thread] DEBUG Input                - Clearing active input actions
21:02:22.081 [JavaFX Application Thread] DEBUG AssetLoader          - Loading from disk: /assets/ui/css/fxgl_dark.css
21:02:22.088 [JavaFX Application Thread] DEBUG AppStateMachine      - StartupState -> LoadingState
21:02:22.097 [FXGL Background Thread 1 ] DEBUG InitAppTask          - Clearing previous game
21:02:22.097 [FXGL Background Thread 1 ] DEBUG GameWorld            - Clearing game world
21:02:22.097 [FXGL Background Thread 1 ] DEBUG PhysicsWorld         - Clearing physics world
21:02:22.097 [FXGL Background Thread 1 ] DEBUG GameScene            - Clearing game scene
21:02:22.099 [FXGL Background Thread 1 ] DEBUG InitAppTask          - Initializing Game
21:02:22.173 [FXGL Background Thread 1 ] DEBUG AssetLoader          - Loading from disk: /assets/textures/bat.png
21:02:22.222 [FXGL Background Thread 1 ] DEBUG AudioPlayer          - Playing music com.almasb.fxgl.audio.Music@7aee7058
21:02:22.296 [FXGL Background Thread 1 ] DEBUG GameScene            - Creating render group for layer: BACKGROUND(1000)
21:02:22.347 [FXGL Background Thread 1 ] DEBUG GameScene            - Creating render group for layer: DEFAULT(100000)
21:02:22.348 [FXGL Background Thread 1 ] DEBUG InitAppTask          - Initializing Physics
21:02:22.349 [FXGL Background Thread 1 ] DEBUG InitAppTask          - Initializing UI
21:02:22.352 [FXGL Background Thread 1 ] DEBUG InitAppTask          - Initialization Complete
21:02:22.353 [FXGL Background Thread 1 ] INFO  InitAppTask          - Game initialization took: 0,257 sec
21:02:22.358 [JavaFX Application Thread] DEBUG Input                - Clearing active input actions
21:02:22.359 [JavaFX Application Thread] DEBUG AssetLoader          - Loading from disk: /assets/ui/css/fxgl_dark.css
21:02:22.370 [JavaFX Application Thread] DEBUG AppStateMachine      - LoadingState -> PlayState
21:02:23.011 [JavaFX Application Thread] DEBUG AssetLoader          - Loading from disk: /assets/textures/brick_blue.png
21:02:23.016 [JavaFX Application Thread] DEBUG AssetLoader          - Loading from cache: /assets/textures/brick_blue.png@50.0x20.0
21:02:23.017 [JavaFX Application Thread] DEBUG AssetLoader          - Loading from disk: /assets/textures/brick_wood.png
21:02:23.022 [JavaFX Application Thread] DEBUG AssetLoader          - Loading from cache: /assets/textures/brick_blue.png@50.0x20.0
21:02:23.023 [JavaFX Application Thread] DEBUG AssetLoader          - Loading from cache: /assets/textures/brick_blue.png@50.0x20.0
21:02:23.024 [JavaFX Application Thread] DEBUG AssetLoader          - Loading from cache: /assets/textures/brick_blue.png@50.0x20.0
21:02:23.025 [JavaFX Application Thread] DEBUG AssetLoader          - Loading from disk: /assets/textures/brick_metal.png
21:02:23.245 [JavaFX Application Thread] DEBUG AssetLoader          - Loading from cache: /assets/textures/brick_blue.png@50.0x20.0
21:02:23.247 [JavaFX Application Thread] DEBUG AssetLoader          - Loading from cache: /assets/textures/brick_blue.png@50.0x20.0
21:02:23.248 [JavaFX Application Thread] DEBUG AssetLoader          - Loading from cache: /assets/textures/brick_blue.png@50.0x20.0
21:02:23.249 [JavaFX Application Thread] DEBUG AssetLoader          - Loading from cache: /assets/textures/brick_blue.png@50.0x20.0
21:02:23.250 [JavaFX Application Thread] DEBUG AssetLoader          - Loading from cache: /assets/textures/brick_metal.png@50.0x20.0
21:02:23.252 [JavaFX Application Thread] DEBUG AssetLoader          - Loading from cache: /assets/textures/brick_wood.png@50.0x20.0
21:02:23.254 [JavaFX Application Thread] DEBUG AssetLoader          - Loading from cache: /assets/textures/brick_blue.png@50.0x20.0
21:02:23.256 [JavaFX Application Thread] DEBUG AssetLoader          - Loading from cache: /assets/textures/brick_blue.png@50.0x20.0
21:02:23.257 [JavaFX Application Thread] DEBUG AssetLoader          - Loading from cache: /assets/textures/brick_blue.png@50.0x20.0
21:02:23.259 [JavaFX Application Thread] DEBUG AssetLoader          - Loading from cache: /assets/textures/brick_blue.png@50.0x20.0
21:02:23.260 [JavaFX Application Thread] DEBUG AssetLoader          - Loading from cache: /assets/textures/brick_blue.png@50.0x20.0
21:02:23.261 [JavaFX Application Thread] DEBUG AssetLoader          - Loading from cache: /assets/textures/brick_wood.png@50.0x20.0
21:02:23.262 [JavaFX Application Thread] DEBUG AssetLoader          - Loading from cache: /assets/textures/brick_metal.png@50.0x20.0
21:02:23.263 [JavaFX Application Thread] DEBUG AssetLoader          - Loading from cache: /assets/textures/brick_blue.png@50.0x20.0
21:02:23.265 [JavaFX Application Thread] DEBUG AssetLoader          - Loading from cache: /assets/textures/brick_blue.png@50.0x20.0
21:02:23.266 [JavaFX Application Thread] DEBUG AssetLoader          - Loading from cache: /assets/textures/brick_wood.png@50.0x20.0
21:02:23.267 [JavaFX Application Thread] DEBUG AssetLoader          - Loading from cache: /assets/textures/brick_blue.png@50.0x20.0
21:02:23.268 [JavaFX Application Thread] DEBUG AssetLoader          - Loading from cache: /assets/textures/brick_blue.png@50.0x20.0
21:02:23.269 [JavaFX Application Thread] DEBUG AssetLoader          - Loading from cache: /assets/textures/brick_wood.png@50.0x20.0
21:02:23.270 [JavaFX Application Thread] DEBUG AssetLoader          - Loading from cache: /assets/textures/brick_wood.png@50.0x20.0
21:02:23.271 [JavaFX Application Thread] DEBUG AssetLoader          - Loading from cache: /assets/textures/brick_metal.png@50.0x20.0
21:02:23.272 [JavaFX Application Thread] DEBUG AssetLoader          - Loading from cache: /assets/textures/brick_blue.png@50.0x20.0
21:02:23.274 [JavaFX Application Thread] DEBUG AssetLoader          - Loading from cache: /assets/textures/brick_blue.png@50.0x20.0
21:02:23.275 [JavaFX Application Thread] DEBUG AssetLoader          - Loading from cache: /assets/textures/brick_blue.png@50.0x20.0
21:02:23.276 [JavaFX Application Thread] DEBUG AssetLoader          - Loading from cache: /assets/textures/brick_blue.png@50.0x20.0
21:02:23.277 [JavaFX Application Thread] DEBUG AssetLoader          - Loading from cache: /assets/textures/brick_blue.png@50.0x20.0
21:02:23.279 [JavaFX Application Thread] DEBUG AssetLoader          - Loading from cache: /assets/textures/brick_blue.png@50.0x20.0
21:02:23.280 [JavaFX Application Thread] DEBUG AssetLoader          - Loading from cache: /assets/textures/brick_wood.png@50.0x20.0
21:02:23.281 [JavaFX Application Thread] DEBUG AssetLoader          - Loading from cache: /assets/textures/brick_blue.png@50.0x20.0
21:02:23.281 [JavaFX Application Thread] DEBUG AssetLoader          - Loading from cache: /assets/textures/brick_blue.png@50.0x20.0
21:02:23.283 [JavaFX Application Thread] DEBUG AssetLoader          - Loading from cache: /assets/textures/brick_wood.png@50.0x20.0
21:02:23.284 [JavaFX Application Thread] DEBUG AssetLoader          - Loading from cache: /assets/textures/brick_blue.png@50.0x20.0
21:02:23.286 [JavaFX Application Thread] DEBUG AssetLoader          - Loading from cache: /assets/textures/brick_blue.png@50.0x20.0
21:02:23.287 [JavaFX Application Thread] DEBUG AssetLoader          - Loading from cache: /assets/textures/brick_blue.png@50.0x20.0
21:02:23.288 [JavaFX Application Thread] DEBUG AssetLoader          - Loading from cache: /assets/textures/brick_blue.png@50.0x20.0
21:02:23.289 [JavaFX Application Thread] DEBUG AssetLoader          - Loading from cache: /assets/textures/brick_blue.png@50.0x20.0
21:02:23.290 [JavaFX Application Thread] DEBUG AssetLoader          - Loading from cache: /assets/textures/brick_blue.png@50.0x20.0
21:02:23.291 [JavaFX Application Thread] DEBUG AssetLoader          - Loading from cache: /assets/textures/brick_blue.png@50.0x20.0
21:02:23.293 [JavaFX Application Thread] DEBUG AssetLoader          - Loading from cache: /assets/textures/brick_wood.png@50.0x20.0
21:02:23.294 [JavaFX Application Thread] DEBUG AssetLoader          - Loading from cache: /assets/textures/brick_blue.png@50.0x20.0
21:02:23.295 [JavaFX Application Thread] DEBUG AssetLoader          - Loading from cache: /assets/textures/brick_blue.png@50.0x20.0
21:02:23.296 [JavaFX Application Thread] DEBUG AssetLoader          - Loading from cache: /assets/textures/brick_wood.png@50.0x20.0
21:02:23.297 [JavaFX Application Thread] DEBUG AssetLoader          - Loading from cache: /assets/textures/brick_metal.png@50.0x20.0
21:02:23.298 [JavaFX Application Thread] DEBUG AssetLoader          - Loading from cache: /assets/textures/brick_wood.png@50.0x20.0
21:02:23.308 [JavaFX Application Thread] DEBUG AssetLoader          - Loading from cache: /assets/textures/brick_wood.png@50.0x20.0
21:02:23.309 [JavaFX Application Thread] DEBUG AssetLoader          - Loading from cache: /assets/textures/brick_wood.png@50.0x20.0
21:02:23.310 [JavaFX Application Thread] DEBUG AssetLoader          - Loading from cache: /assets/textures/brick_metal.png@50.0x20.0
21:02:23.310 [JavaFX Application Thread] DEBUG AssetLoader          - Loading from cache: /assets/textures/brick_blue.png@50.0x20.0
21:02:23.311 [JavaFX Application Thread] DEBUG AssetLoader          - Loading from cache: /assets/textures/brick_blue.png@50.0x20.0
21:02:24.853 [JavaFX Application Thread] DEBUG AssetLoader          - Loading from disk: /assets/textures/brick_wood2.png
21:02:27.200 [JavaFX Application Thread] DEBUG AssetLoader          - Loading from cache: /assets/sounds/GlassHit.wav
21:02:27.201 [JavaFX Application Thread] DEBUG AssetLoader          - Loading from cache: /assets/sounds/Oof.wav
21:02:30.465 [JavaFX Application Thread] DEBUG AssetLoader          - Loading from cache: /assets/sounds/GlassHit.wav
21:02:30.465 [JavaFX Application Thread] DEBUG AssetLoader          - Loading from cache: /assets/sounds/Oof.wav
21:02:36.256 [JavaFX Application Thread] DEBUG AssetLoader          - Loading from cache: /assets/sounds/GlassHit.wav
21:02:36.256 [JavaFX Application Thread] DEBUG AssetLoader          - Loading from cache: /assets/sounds/Oof.wav
21:02:36.258 [JavaFX Application Thread] DEBUG AssetLoader          - Loading from cache: /assets/textures/brick_wood2.png@50.0x20.0
21:02:36.258 [JavaFX Application Thread] DEBUG AssetLoader          - Loading from cache: /assets/sounds/WoodenHit.wav
21:02:38.960 [JavaFX Application Thread] DEBUG AssetLoader          - Loading from cache: /assets/textures/brick_wood2.png@50.0x20.0
21:02:38.960 [JavaFX Application Thread] DEBUG AssetLoader          - Loading from cache: /assets/sounds/WoodenHit.wav
21:02:41.697 [JavaFX Application Thread] DEBUG AssetLoader          - Loading from cache: /assets/textures/brick_wood2.png@50.0x20.0
21:02:41.697 [JavaFX Application Thread] DEBUG AssetLoader          - Loading from cache: /assets/sounds/WoodenHit.wav
21:02:47.281 [JavaFX Application Thread] DEBUG AssetLoader          - Loading from cache: /assets/textures/brick_wood2.png@50.0x20.0
21:02:47.281 [JavaFX Application Thread] DEBUG AssetLoader          - Loading from cache: /assets/sounds/WoodenHit.wav
21:02:47.297 [JavaFX Application Thread] DEBUG AssetLoader          - Loading from cache: /assets/sounds/GlassHit.wav
21:02:47.297 [JavaFX Application Thread] DEBUG AssetLoader          - Loading from cache: /assets/sounds/Oof.wav
21:02:50.208 [JavaFX Application Thread] DEBUG AssetLoader          - Loading from cache: /assets/textures/brick_wood2.png@50.0x20.0
21:02:50.208 [JavaFX Application Thread] DEBUG AssetLoader          - Loading from cache: /assets/sounds/WoodenHit.wav
21:02:53.025 [JavaFX Application Thread] DEBUG AssetLoader          - Loading from cache: /assets/sounds/GlassHit.wav
21:02:53.025 [JavaFX Application Thread] DEBUG AssetLoader          - Loading from cache: /assets/sounds/Oof.wav
21:02:53.026 [JavaFX Application Thread] DEBUG AssetLoader          - Loading from cache: /assets/sounds/MetalHit.wav
21:02:55.857 [JavaFX Application Thread] DEBUG AssetLoader          - Loading from cache: /assets/textures/brick_wood2.png@50.0x20.0
21:02:55.857 [JavaFX Application Thread] DEBUG AssetLoader          - Loading from cache: /assets/sounds/WoodenHit.wav
21:02:58.592 [JavaFX Application Thread] DEBUG AssetLoader          - Loading from cache: /assets/sounds/GlassHit.wav
21:02:58.592 [JavaFX Application Thread] DEBUG AssetLoader          - Loading from cache: /assets/sounds/Oof.wav
21:03:01.411 [JavaFX Application Thread] DEBUG AssetLoader          - Loading from disk: /assets/textures/brick_metal_hitted.png
21:03:01.435 [JavaFX Application Thread] DEBUG AssetLoader          - Loading from cache: /assets/sounds/MetalHit.wav
21:03:04.225 [JavaFX Application Thread] DEBUG AssetLoader          - Loading from cache: /assets/textures/brick_metal_hitted.png@50.0x20.0
21:03:04.225 [JavaFX Application Thread] DEBUG AssetLoader          - Loading from cache: /assets/sounds/MetalHit.wav
21:03:05.520 [JavaFX Application Thread] DEBUG AssetLoader          - Loading from cache: /assets/sounds/WoodenHit.wav
21:03:05.520 [JavaFX Application Thread] DEBUG AssetLoader          - Loading from cache: /assets/sounds/Oof.wav
21:03:08.321 [JavaFX Application Thread] DEBUG AssetLoader          - Loading from cache: /assets/textures/brick_metal_hitted.png@50.0x20.0
21:03:08.321 [JavaFX Application Thread] DEBUG AssetLoader          - Loading from cache: /assets/sounds/MetalHit.wav
21:03:11.121 [JavaFX Application Thread] DEBUG AssetLoader          - Loading from cache: /assets/sounds/GlassHit.wav
21:03:11.121 [JavaFX Application Thread] DEBUG AssetLoader          - Loading from cache: /assets/sounds/Oof.wav
21:03:11.122 [JavaFX Application Thread] DEBUG AssetLoader          - Loading from cache: /assets/textures/brick_metal_hitted.png@50.0x20.0
21:03:11.122 [JavaFX Application Thread] DEBUG AssetLoader          - Loading from cache: /assets/sounds/MetalHit.wav
21:03:11.424 [JavaFX Application Thread] DEBUG AssetLoader          - Loading from cache: /assets/textures/brick_wood2.png@50.0x20.0
21:03:11.424 [JavaFX Application Thread] DEBUG AssetLoader          - Loading from cache: /assets/sounds/WoodenHit.wav
21:03:14.289 [JavaFX Application Thread] DEBUG AssetLoader          - Loading from cache: /assets/textures/brick_wood2.png@50.0x20.0
21:03:14.289 [JavaFX Application Thread] DEBUG AssetLoader          - Loading from cache: /assets/sounds/WoodenHit.wav
21:03:17.217 [JavaFX Application Thread] DEBUG AssetLoader          - Loading from cache: /assets/textures/brick_wood2.png@50.0x20.0
21:03:17.217 [JavaFX Application Thread] DEBUG AssetLoader          - Loading from cache: /assets/sounds/WoodenHit.wav
21:03:20.096 [JavaFX Application Thread] DEBUG AssetLoader          - Loading from cache: /assets/textures/brick_metal_hitted.png@50.0x20.0
21:03:20.096 [JavaFX Application Thread] DEBUG AssetLoader          - Loading from cache: /assets/sounds/MetalHit.wav
21:03:20.177 [JavaFX Application Thread] DEBUG AssetLoader          - Loading from cache: /assets/sounds/GlassHit.wav
21:03:20.177 [JavaFX Application Thread] DEBUG AssetLoader          - Loading from cache: /assets/sounds/Oof.wav
21:03:20.195 [JavaFX Application Thread] DEBUG AssetLoader          - Loading from cache: /assets/sounds/GlassHit.wav
21:03:20.195 [JavaFX Application Thread] DEBUG AssetLoader          - Loading from cache: /assets/sounds/Oof.wav
21:03:23.057 [JavaFX Application Thread] DEBUG AssetLoader          - Loading from cache: /assets/textures/brick_wood2.png@50.0x20.0
21:03:23.057 [JavaFX Application Thread] DEBUG AssetLoader          - Loading from cache: /assets/sounds/WoodenHit.wav
21:03:25.857 [JavaFX Application Thread] DEBUG AssetLoader          - Loading from cache: /assets/textures/brick_wood2.png@50.0x20.0
21:03:25.857 [JavaFX Application Thread] DEBUG AssetLoader          - Loading from cache: /assets/sounds/WoodenHit.wav
21:03:28.737 [JavaFX Application Thread] DEBUG AssetLoader          - Loading from cache: /assets/sounds/WoodenHit.wav
21:03:28.737 [JavaFX Application Thread] DEBUG AssetLoader          - Loading from cache: /assets/sounds/Oof.wav
21:03:28.785 [JavaFX Application Thread] DEBUG AssetLoader          - Loading from cache: /assets/sounds/WoodenHit.wav
21:03:28.785 [JavaFX Application Thread] DEBUG AssetLoader          - Loading from cache: /assets/sounds/Oof.wav
21:03:31.729 [JavaFX Application Thread] DEBUG AssetLoader          - Loading from cache: /assets/textures/brick_metal_hitted.png@50.0x20.0
21:03:31.729 [JavaFX Application Thread] DEBUG AssetLoader          - Loading from cache: /assets/sounds/MetalHit.wav
21:03:34.721 [JavaFX Application Thread] DEBUG AssetLoader          - Loading from cache: /assets/sounds/MetalHit.wav
21:03:34.737 [JavaFX Application Thread] DEBUG AssetLoader          - Loading from cache: /assets/sounds/GlassHit.wav
21:03:34.737 [JavaFX Application Thread] DEBUG AssetLoader          - Loading from cache: /assets/sounds/Oof.wav
21:03:37.777 [JavaFX Application Thread] DEBUG AssetLoader          - Loading from cache: /assets/textures/brick_metal_hitted.png@50.0x20.0
21:03:37.777 [JavaFX Application Thread] DEBUG AssetLoader          - Loading from cache: /assets/sounds/MetalHit.wav
21:03:37.857 [JavaFX Application Thread] DEBUG AssetLoader          - Loading from cache: /assets/sounds/GlassHit.wav
21:03:37.857 [JavaFX Application Thread] DEBUG AssetLoader          - Loading from cache: /assets/sounds/Oof.wav
21:03:40.977 [JavaFX Application Thread] DEBUG AssetLoader          - Loading from cache: /assets/sounds/GlassHit.wav
21:03:40.977 [JavaFX Application Thread] DEBUG AssetLoader          - Loading from cache: /assets/sounds/Oof.wav
21:03:41.041 [JavaFX Application Thread] DEBUG AssetLoader          - Loading from cache: /assets/textures/brick_wood2.png@50.0x20.0
21:03:41.042 [JavaFX Application Thread] DEBUG AssetLoader          - Loading from cache: /assets/sounds/WoodenHit.wav
21:03:41.073 [JavaFX Application Thread] DEBUG AssetLoader          - Loading from cache: /assets/textures/brick_metal_hitted.png@50.0x20.0
21:03:41.074 [JavaFX Application Thread] DEBUG AssetLoader          - Loading from cache: /assets/sounds/MetalHit.wav
21:03:41.169 [JavaFX Application Thread] DEBUG AssetLoader          - Loading from disk: /assets/textures/brick_metal_cracked.png
21:03:41.204 [JavaFX Application Thread] DEBUG AssetLoader          - Loading from cache: /assets/sounds/MetalHit.wav
21:03:44.257 [JavaFX Application Thread] DEBUG AssetLoader          - Loading from cache: /assets/textures/brick_metal_hitted.png@50.0x20.0
21:03:44.257 [JavaFX Application Thread] DEBUG AssetLoader          - Loading from cache: /assets/sounds/MetalHit.wav
21:03:47.249 [JavaFX Application Thread] DEBUG AssetLoader          - Loading from cache: /assets/textures/brick_metal_hitted.png@50.0x20.0
21:03:47.249 [JavaFX Application Thread] DEBUG AssetLoader          - Loading from cache: /assets/sounds/MetalHit.wav
21:03:47.361 [JavaFX Application Thread] DEBUG AssetLoader          - Loading from cache: /assets/sounds/GlassHit.wav
21:03:47.361 [JavaFX Application Thread] DEBUG AssetLoader          - Loading from cache: /assets/sounds/Oof.wav
21:03:47.393 [JavaFX Application Thread] DEBUG AssetLoader          - Loading from cache: /assets/textures/brick_wood2.png@50.0x20.0
21:03:47.393 [JavaFX Application Thread] DEBUG AssetLoader          - Loading from cache: /assets/sounds/WoodenHit.wav
21:03:47.457 [JavaFX Application Thread] DEBUG AssetLoader          - Loading from cache: /assets/sounds/GlassHit.wav
21:03:47.457 [JavaFX Application Thread] DEBUG AssetLoader          - Loading from cache: /assets/sounds/Oof.wav
21:03:47.569 [JavaFX Application Thread] DEBUG AssetLoader          - Loading from cache: /assets/sounds/WoodenHit.wav
21:03:47.570 [JavaFX Application Thread] DEBUG AssetLoader          - Loading from cache: /assets/sounds/Oof.wav
21:03:49.315 [JavaFX Application Thread] DEBUG AssetLoader          - Loading from cache: /assets/ui/fonts/VarelaRound-Regular.ttf
21:03:49.315 [JavaFX Application Thread] DEBUG AssetLoader          - Loading from cache: /assets/ui/fonts/VarelaRound-Regular.ttf
21:03:49.315 [JavaFX Application Thread] DEBUG AssetLoader          - Loading from cache: /assets/properties/languages/english.properties
21:03:49.316 [JavaFX Application Thread] DEBUG AssetLoader          - Loading from cache: /assets/ui/fonts/VarelaRound-Regular.ttf
21:03:49.316 [JavaFX Application Thread] DEBUG AssetLoader          - Loading from cache: /assets/properties/languages/english.properties
21:03:49.317 [JavaFX Application Thread] DEBUG AssetLoader          - Loading from cache: /assets/ui/fonts/VarelaRound-Regular.ttf
21:03:49.319 [JavaFX Application Thread] DEBUG AppStateMachine      - Push state: DialogSubState
21:03:49.319 [JavaFX Application Thread] DEBUG Input                - Clearing active input actions
21:03:49.319 [JavaFX Application Thread] DEBUG AppStateMachine      - PlayState -> DialogSubState
21:03:50.352 [JavaFX Application Thread] DEBUG AssetLoader          - Loading from cache: /assets/sounds/menu/select.wav
21:03:51.197 [JavaFX Application Thread] DEBUG AssetLoader          - Loading from cache: /assets/sounds/menu/select.wav
21:03:51.432 [JavaFX Application Thread] DEBUG AppStateMachine      - Pop state: DialogSubState
21:03:51.432 [JavaFX Application Thread] DEBUG Input                - Clearing active input actions
21:03:51.433 [JavaFX Application Thread] DEBUG AppStateMachine      - PlayState <- DialogSubState
21:03:51.433 [JavaFX Application Thread] DEBUG FXGL                 - Exiting FXGL
21:03:51.433 [JavaFX Application Thread] DEBUG FXGL                 - Shutting down background threads
21:03:51.433 [JavaFX Application Thread] DEBUG FXGL                 - Saving FXGL system data
21:03:51.436 [JavaFX Application Thread] DEBUG DesktopFSService     - Writing to: system\fxgl.bundle
21:03:51.443 [JavaFX Application Thread] DEBUG FXGL                 - Closing logger and exiting JavaFX
