21:48:08.142 [JavaFX Application Thread] DEBUG GameApplication      - Logger initialized
21:48:08.160 [JavaFX Application Thread] DEBUG GameApplication      - Logging settings
Title: Breakout
Version: 0.1
Width: 600
Height: 700
Fullscreen: false
Intro: false
Menus: false
Profiling: false
Single step:false
App Mode: DEVELOPER
Menu Key: ESCAPE
Stage Style: DECORATED
Scene Factory: class com.almasb.fxgl.scene.SceneFactory
Dialog Factory: class com.almasb.fxgl.ui.FXGLDialogFactory
UI Factory: class com.almasb.fxgl.ui.FXGLUIFactory
Notification Service: class com.almasb.fxgl.gameplay.notification.XboxNotificationView
Exception Handler: class com.almasb.fxgl.app.FXGLExceptionHandler
21:48:08.161 [JavaFX Application Thread] DEBUG GameApplication      - Starting FXGL
21:48:08.170 [JavaFX Application Thread] INFO  FXGL                 - FXGL-0.5.4 on DESKTOP
21:48:08.171 [JavaFX Application Thread] INFO  FXGL                 - Source code and latest versions at: https://github.com/AlmasB/FXGL
21:48:08.171 [JavaFX Application Thread] INFO  FXGL                 -              Join the FXGL chat at: https://gitter.im/AlmasB/FXGL
21:48:08.171 [JavaFX Application Thread] DEBUG FXGL                 - FXGL started
21:48:08.172 [JavaFX Application Thread] DEBUG FXGL                 - Initializing FXGL
21:48:08.235 [JavaFX Application Thread] DEBUG AssetLoader          - Loading from disk: /assets/ui/cursors/fxgl_default.png
21:48:08.307 [JavaFX Application Thread] DEBUG AssetLoader          - Loading from disk: /assets/ui/fonts/VarelaRound-Regular.ttf
21:48:08.535 [JavaFX Application Thread] DEBUG MainWindow           - Creating a JavaFX scene
21:48:08.604 [JavaFX Application Thread] DEBUG MainWindow           - Target settings size: 600.0 x 700.0
21:48:08.604 [JavaFX Application Thread] DEBUG MainWindow           - Scaled scene size:    600.0 x 700.0
21:48:08.605 [JavaFX Application Thread] DEBUG MainWindow           - Scaled ratio: (1.0, 1.0)
21:48:08.619 [JavaFX Application Thread] DEBUG AssetLoader          - Loading from disk: /assets/ui/css/fxgl_dark.css
21:48:08.626 [JavaFX Application Thread] DEBUG AssetLoader          - Loading from disk: /assets/textures/fxgl_icon.png
21:48:08.653 [JavaFX Application Thread] DEBUG MainWindow           - Opening main window
21:48:09.069 [JavaFX Application Thread] DEBUG MainWindow           - Window border size: (6.0, 29.0)
21:48:09.069 [JavaFX Application Thread] DEBUG MainWindow           - Scaled size: 600.0 x 700.0
21:48:09.070 [JavaFX Application Thread] DEBUG MainWindow           - Scaled ratio: (1.0, 1.0)
21:48:09.070 [JavaFX Application Thread] DEBUG MainWindow           - Scene size: 600.0 x 700.0
21:48:09.070 [JavaFX Application Thread] DEBUG MainWindow           - Stage size: 606.0 x 729.0
21:48:09.206 [ForkJoinPool.commonPool-worker-1] DEBUG FS                   - Loaded DesktopFSService
21:48:09.207 [ForkJoinPool.commonPool-worker-1] DEBUG FXGL                 - Loading FXGL system data
21:48:09.223 [ForkJoinPool.commonPool-worker-1] DEBUG DesktopFSService     - Reading from: system\fxgl.bundle
21:48:09.241 [ForkJoinPool.commonPool-worker-1] DEBUG Bundle               - Logging bundle: FXGL
21:48:09.244 [ForkJoinPool.commonPool-worker-1] DEBUG Bundle               - FXGL.offline.timer.version.check=2018-12-02T17:17:06.777
21:48:09.245 [ForkJoinPool.commonPool-worker-1] DEBUG FXGL                 - Initializing state machine and application states
21:48:09.248 [ForkJoinPool.commonPool-worker-1] DEBUG AssetLoader          - Loading from disk: /assets/ui/cursors/fxgl_default.png
21:48:09.258 [ForkJoinPool.commonPool-worker-1] DEBUG AssetLoader          - Loading from disk: /assets/ui/cursors/fxgl_default.png
21:48:09.273 [ForkJoinPool.commonPool-worker-1] DEBUG AssetLoader          - Loading from cache: /assets/ui/fonts/VarelaRound-Regular.ttf
21:48:09.279 [ForkJoinPool.commonPool-worker-1] DEBUG AssetLoader          - Loading from disk: /assets/ui/cursors/fxgl_default.png
21:48:09.288 [ForkJoinPool.commonPool-worker-1] DEBUG GameScene            - Game scene initialized: 600x700
21:48:09.306 [ForkJoinPool.commonPool-worker-1] DEBUG GameWorld            - Game world initialized
21:48:09.449 [ForkJoinPool.commonPool-worker-1] DEBUG PhysicsWorld         - Physics world initialized: appHeight=700, physics.ppm=50,0
21:48:09.490 [ForkJoinPool.commonPool-worker-1] DEBUG Input                - Registered new binding: Pause - Esc
21:48:09.599 [JavaFX Application Thread] DEBUG FXGL                 - Running preInit()
21:48:09.602 [JavaFX Application Thread] DEBUG Input                - Registered new binding: Screenshot - P
21:48:09.603 [JavaFX Application Thread] DEBUG Input                - Registered new binding: Dev Options - CTRL+0
21:48:09.603 [JavaFX Application Thread] DEBUG Input                - Registered new binding: System info dump - CTRL+9
21:48:09.604 [JavaFX Application Thread] DEBUG Input                - Registered new binding: Restart - CTRL+R
21:48:09.605 [JavaFX Application Thread] DEBUG Input                - Registered new binding: New ball - Space
21:48:09.605 [JavaFX Application Thread] DEBUG Input                - Registered new binding: Move Left - A
21:48:09.606 [JavaFX Application Thread] DEBUG Input                - Registered new binding: Move Right - D
21:48:09.606 [JavaFX Application Thread] DEBUG Input                - Registered new binding: Add Level - N
21:48:09.606 [JavaFX Application Thread] DEBUG Input                - Registered new binding: Enable Level values editor - M
21:48:09.607 [JavaFX Application Thread] DEBUG Input                - Registered new binding: Show tutorial - T
21:48:09.611 [JavaFX Application Thread] DEBUG AssetLoader          - Loading from cache: /assets/ui/fonts/VarelaRound-Regular.ttf
21:48:09.619 [JavaFX Application Thread] DEBUG AssetLoader          - Loading from cache: /assets/ui/fonts/VarelaRound-Regular.ttf
21:48:09.625 [JavaFX Application Thread] DEBUG AssetLoader          - Loading from disk: /assets/properties/languages/english.properties
21:48:09.632 [JavaFX Application Thread] DEBUG AssetLoader          - Loading from cache: /assets/ui/fonts/VarelaRound-Regular.ttf
21:48:09.633 [JavaFX Application Thread] DEBUG AppStateMachine      - Push state: DialogSubState
21:48:09.634 [JavaFX Application Thread] DEBUG Input                - Clearing active input actions
21:48:09.634 [JavaFX Application Thread] DEBUG AppStateMachine      - StartupState -> DialogSubState
21:48:09.656 [JavaFX Application Thread] DEBUG AssetLoader          - Loading from cache: /assets/ui/fonts/VarelaRound-Regular.ttf
21:48:09.671 [JavaFX Application Thread] DEBUG AssetLoader          - Loading from cache: /assets/ui/fonts/VarelaRound-Regular.ttf
21:48:09.672 [JavaFX Application Thread] DEBUG AssetLoader          - Loading from cache: /assets/ui/fonts/VarelaRound-Regular.ttf
21:48:09.673 [JavaFX Application Thread] DEBUG AssetLoader          - Loading from cache: /assets/properties/languages/english.properties
21:48:09.676 [JavaFX Application Thread] DEBUG AssetLoader          - Loading from cache: /assets/ui/fonts/VarelaRound-Regular.ttf
21:48:09.683 [JavaFX Application Thread] DEBUG AssetLoader          - Loading from cache: /assets/ui/fonts/VarelaRound-Regular.ttf
21:48:09.684 [JavaFX Application Thread] DEBUG AssetLoader          - Loading from cache: /assets/ui/fonts/VarelaRound-Regular.ttf
21:48:09.685 [JavaFX Application Thread] DEBUG AssetLoader          - Loading from cache: /assets/ui/fonts/VarelaRound-Regular.ttf
21:48:09.685 [JavaFX Application Thread] DEBUG AssetLoader          - Loading from cache: /assets/properties/languages/english.properties
21:48:09.686 [JavaFX Application Thread] DEBUG AssetLoader          - Loading from cache: /assets/ui/fonts/VarelaRound-Regular.ttf
21:48:09.689 [JavaFX Application Thread] DEBUG AssetLoader          - Loading from cache: /assets/ui/fonts/VarelaRound-Regular.ttf
21:48:09.690 [JavaFX Application Thread] DEBUG AssetLoader          - Loading from cache: /assets/ui/fonts/VarelaRound-Regular.ttf
21:48:09.691 [JavaFX Application Thread] DEBUG AssetLoader          - Loading from cache: /assets/ui/fonts/VarelaRound-Regular.ttf
21:48:09.691 [JavaFX Application Thread] DEBUG AssetLoader          - Loading from cache: /assets/properties/languages/english.properties
21:48:09.692 [JavaFX Application Thread] DEBUG AssetLoader          - Loading from cache: /assets/ui/fonts/VarelaRound-Regular.ttf
21:48:09.695 [JavaFX Application Thread] DEBUG AssetLoader          - Loading from cache: /assets/ui/fonts/VarelaRound-Regular.ttf
21:48:09.695 [JavaFX Application Thread] DEBUG AssetLoader          - Loading from cache: /assets/ui/fonts/VarelaRound-Regular.ttf
21:48:09.695 [JavaFX Application Thread] DEBUG AssetLoader          - Loading from cache: /assets/properties/languages/english.properties
21:48:09.696 [JavaFX Application Thread] DEBUG AssetLoader          - Loading from cache: /assets/ui/fonts/VarelaRound-Regular.ttf
21:48:09.698 [JavaFX Application Thread] INFO  FXGL                 - FXGL initialization took: 1,526 sec
21:48:09.698 [JavaFX Application Thread] DEBUG LoopRunner           - Starting loop
21:48:10.695 [JavaFX Application Thread] DEBUG AssetLoader          - Loading from cache: /assets/ui/fonts/VarelaRound-Regular.ttf
21:48:13.166 [JavaFX Application Thread] DEBUG AssetLoader          - Loading from cache: /assets/sounds/menu/select.wav
21:48:14.492 [JavaFX Application Thread] DEBUG AssetLoader          - Loading from cache: /assets/sounds/menu/select.wav
21:48:15.629 [JavaFX Application Thread] DEBUG AssetLoader          - Loading from cache: /assets/ui/fonts/VarelaRound-Regular.ttf
21:48:19.514 [JavaFX Application Thread] DEBUG AssetLoader          - Loading from cache: /assets/sounds/menu/select.wav
21:48:20.352 [JavaFX Application Thread] DEBUG AssetLoader          - Loading from cache: /assets/sounds/menu/select.wav
21:48:20.662 [JavaFX Application Thread] DEBUG AssetLoader          - Loading from cache: /assets/ui/fonts/VarelaRound-Regular.ttf
21:48:21.016 [JavaFX Application Thread] DEBUG AssetLoader          - Loading from cache: /assets/sounds/menu/select.wav
21:48:21.833 [JavaFX Application Thread] DEBUG AssetLoader          - Loading from cache: /assets/ui/fonts/VarelaRound-Regular.ttf
21:48:22.397 [JavaFX Application Thread] DEBUG AssetLoader          - Loading from cache: /assets/sounds/menu/select.wav
21:48:22.782 [JavaFX Application Thread] DEBUG AssetLoader          - Loading from cache: /assets/sounds/menu/select.wav
21:48:22.973 [JavaFX Application Thread] DEBUG AppStateMachine      - Pop state: DialogSubState
21:48:22.973 [JavaFX Application Thread] DEBUG Input                - Clearing active input actions
21:48:22.974 [JavaFX Application Thread] DEBUG AppStateMachine      - StartupState <- DialogSubState
21:48:22.982 [JavaFX Application Thread] DEBUG StartupState         - STARTUP
21:48:22.982 [JavaFX Application Thread] DEBUG GameApplication      - Starting new game
21:48:22.982 [JavaFX Application Thread] DEBUG Input                - Clearing active input actions
21:48:22.982 [JavaFX Application Thread] DEBUG AssetLoader          - Loading from disk: /assets/ui/css/fxgl_dark.css
21:48:22.990 [JavaFX Application Thread] DEBUG AppStateMachine      - StartupState -> LoadingState
21:48:22.997 [FXGL Background Thread 1 ] DEBUG InitAppTask          - Clearing previous game
21:48:22.998 [FXGL Background Thread 1 ] DEBUG GameWorld            - Clearing game world
21:48:22.998 [FXGL Background Thread 1 ] DEBUG PhysicsWorld         - Clearing physics world
21:48:22.998 [FXGL Background Thread 1 ] DEBUG GameScene            - Clearing game scene
21:48:23.000 [FXGL Background Thread 1 ] DEBUG InitAppTask          - Initializing Game
21:48:23.070 [FXGL Background Thread 1 ] DEBUG AssetLoader          - Loading from disk: /assets/textures/bat.png
21:48:23.123 [FXGL Background Thread 1 ] DEBUG AudioPlayer          - Playing music com.almasb.fxgl.audio.Music@b2798e0
21:48:23.132 [FXGL Background Thread 1 ] DEBUG GameScene            - Creating render group for layer: BACKGROUND(1000)
21:48:23.193 [FXGL Background Thread 1 ] DEBUG GameScene            - Creating render group for layer: DEFAULT(100000)
21:48:23.195 [FXGL Background Thread 1 ] DEBUG InitAppTask          - Initializing Physics
21:48:23.196 [FXGL Background Thread 1 ] DEBUG InitAppTask          - Initializing UI
21:48:23.199 [FXGL Background Thread 1 ] DEBUG InitAppTask          - Initialization Complete
21:48:23.200 [FXGL Background Thread 1 ] INFO  InitAppTask          - Game initialization took: 0,202 sec
21:48:23.207 [JavaFX Application Thread] DEBUG Input                - Clearing active input actions
21:48:23.207 [JavaFX Application Thread] DEBUG AssetLoader          - Loading from disk: /assets/ui/css/fxgl_dark.css
21:48:23.216 [JavaFX Application Thread] DEBUG AppStateMachine      - LoadingState -> PlayState
21:48:23.776 [JavaFX Application Thread] DEBUG AssetLoader          - Loading from disk: /assets/textures/brick_blue.png
21:48:23.780 [JavaFX Application Thread] DEBUG AssetLoader          - Loading from disk: /assets/textures/brick_wood.png
21:48:23.785 [JavaFX Application Thread] DEBUG AssetLoader          - Loading from cache: /assets/textures/brick_blue.png@50.0x20.0
21:48:23.786 [JavaFX Application Thread] DEBUG AssetLoader          - Loading from disk: /assets/textures/brick_metal.png
21:48:23.815 [JavaFX Application Thread] DEBUG AssetLoader          - Loading from cache: /assets/textures/brick_blue.png@50.0x20.0
21:48:23.816 [JavaFX Application Thread] DEBUG AssetLoader          - Loading from cache: /assets/textures/brick_blue.png@50.0x20.0
21:48:23.818 [JavaFX Application Thread] DEBUG AssetLoader          - Loading from cache: /assets/textures/brick_blue.png@50.0x20.0
21:48:23.819 [JavaFX Application Thread] DEBUG AssetLoader          - Loading from cache: /assets/textures/brick_blue.png@50.0x20.0
21:48:23.821 [JavaFX Application Thread] DEBUG AssetLoader          - Loading from cache: /assets/textures/brick_wood.png@50.0x20.0
21:48:23.822 [JavaFX Application Thread] DEBUG AssetLoader          - Loading from cache: /assets/textures/brick_blue.png@50.0x20.0
21:48:23.823 [JavaFX Application Thread] DEBUG AssetLoader          - Loading from cache: /assets/textures/brick_wood.png@50.0x20.0
21:48:23.824 [JavaFX Application Thread] DEBUG AssetLoader          - Loading from cache: /assets/textures/brick_metal.png@50.0x20.0
21:48:23.826 [JavaFX Application Thread] DEBUG AssetLoader          - Loading from cache: /assets/textures/brick_blue.png@50.0x20.0
21:48:23.827 [JavaFX Application Thread] DEBUG AssetLoader          - Loading from cache: /assets/textures/brick_blue.png@50.0x20.0
21:48:23.829 [JavaFX Application Thread] DEBUG AssetLoader          - Loading from cache: /assets/textures/brick_blue.png@50.0x20.0
21:48:23.831 [JavaFX Application Thread] DEBUG AssetLoader          - Loading from cache: /assets/textures/brick_blue.png@50.0x20.0
21:48:23.833 [JavaFX Application Thread] DEBUG AssetLoader          - Loading from cache: /assets/textures/brick_blue.png@50.0x20.0
21:48:23.834 [JavaFX Application Thread] DEBUG AssetLoader          - Loading from cache: /assets/textures/brick_blue.png@50.0x20.0
21:48:23.836 [JavaFX Application Thread] DEBUG AssetLoader          - Loading from cache: /assets/textures/brick_wood.png@50.0x20.0
21:48:23.837 [JavaFX Application Thread] DEBUG AssetLoader          - Loading from cache: /assets/textures/brick_blue.png@50.0x20.0
21:48:23.838 [JavaFX Application Thread] DEBUG AssetLoader          - Loading from cache: /assets/textures/brick_wood.png@50.0x20.0
21:48:23.839 [JavaFX Application Thread] DEBUG AssetLoader          - Loading from cache: /assets/textures/brick_blue.png@50.0x20.0
21:48:23.842 [JavaFX Application Thread] DEBUG AssetLoader          - Loading from cache: /assets/textures/brick_metal.png@50.0x20.0
21:48:23.843 [JavaFX Application Thread] DEBUG AssetLoader          - Loading from cache: /assets/textures/brick_blue.png@50.0x20.0
21:48:23.845 [JavaFX Application Thread] DEBUG AssetLoader          - Loading from cache: /assets/textures/brick_blue.png@50.0x20.0
21:48:23.847 [JavaFX Application Thread] DEBUG AssetLoader          - Loading from cache: /assets/textures/brick_blue.png@50.0x20.0
21:48:23.848 [JavaFX Application Thread] DEBUG AssetLoader          - Loading from cache: /assets/textures/brick_blue.png@50.0x20.0
21:48:23.849 [JavaFX Application Thread] DEBUG AssetLoader          - Loading from cache: /assets/textures/brick_wood.png@50.0x20.0
21:48:23.850 [JavaFX Application Thread] DEBUG AssetLoader          - Loading from cache: /assets/textures/brick_blue.png@50.0x20.0
21:48:23.852 [JavaFX Application Thread] DEBUG AssetLoader          - Loading from cache: /assets/textures/brick_blue.png@50.0x20.0
21:48:23.854 [JavaFX Application Thread] DEBUG AssetLoader          - Loading from cache: /assets/textures/brick_blue.png@50.0x20.0
21:48:23.855 [JavaFX Application Thread] DEBUG AssetLoader          - Loading from cache: /assets/textures/brick_blue.png@50.0x20.0
21:48:23.858 [JavaFX Application Thread] DEBUG AssetLoader          - Loading from cache: /assets/textures/brick_wood.png@50.0x20.0
21:48:23.859 [JavaFX Application Thread] DEBUG AssetLoader          - Loading from cache: /assets/textures/brick_blue.png@50.0x20.0
21:48:23.861 [JavaFX Application Thread] DEBUG AssetLoader          - Loading from cache: /assets/textures/brick_blue.png@50.0x20.0
21:48:23.862 [JavaFX Application Thread] DEBUG AssetLoader          - Loading from cache: /assets/textures/brick_blue.png@50.0x20.0
21:48:23.864 [JavaFX Application Thread] DEBUG AssetLoader          - Loading from cache: /assets/textures/brick_blue.png@50.0x20.0
21:48:23.866 [JavaFX Application Thread] DEBUG AssetLoader          - Loading from cache: /assets/textures/brick_blue.png@50.0x20.0
21:48:23.868 [JavaFX Application Thread] DEBUG AssetLoader          - Loading from cache: /assets/textures/brick_blue.png@50.0x20.0
21:48:23.869 [JavaFX Application Thread] DEBUG AssetLoader          - Loading from cache: /assets/textures/brick_metal.png@50.0x20.0
21:48:23.874 [JavaFX Application Thread] DEBUG AssetLoader          - Loading from cache: /assets/textures/brick_metal.png@50.0x20.0
21:48:23.875 [JavaFX Application Thread] DEBUG AssetLoader          - Loading from cache: /assets/textures/brick_wood.png@50.0x20.0
21:48:23.877 [JavaFX Application Thread] DEBUG AssetLoader          - Loading from cache: /assets/textures/brick_wood.png@50.0x20.0
21:48:23.879 [JavaFX Application Thread] DEBUG AssetLoader          - Loading from cache: /assets/textures/brick_blue.png@50.0x20.0
21:48:23.880 [JavaFX Application Thread] DEBUG AssetLoader          - Loading from cache: /assets/textures/brick_wood.png@50.0x20.0
21:48:23.882 [JavaFX Application Thread] DEBUG AssetLoader          - Loading from cache: /assets/textures/brick_blue.png@50.0x20.0
21:48:23.884 [JavaFX Application Thread] DEBUG AssetLoader          - Loading from cache: /assets/textures/brick_wood.png@50.0x20.0
21:48:23.885 [JavaFX Application Thread] DEBUG AssetLoader          - Loading from cache: /assets/textures/brick_blue.png@50.0x20.0
21:48:23.887 [JavaFX Application Thread] DEBUG AssetLoader          - Loading from cache: /assets/textures/brick_blue.png@50.0x20.0
21:48:23.888 [JavaFX Application Thread] DEBUG AssetLoader          - Loading from cache: /assets/textures/brick_blue.png@50.0x20.0
21:48:23.891 [JavaFX Application Thread] DEBUG AssetLoader          - Loading from cache: /assets/textures/brick_blue.png@50.0x20.0
21:48:23.893 [JavaFX Application Thread] DEBUG AssetLoader          - Loading from cache: /assets/textures/brick_blue.png@50.0x20.0
21:48:23.894 [JavaFX Application Thread] DEBUG AssetLoader          - Loading from cache: /assets/textures/brick_blue.png@50.0x20.0
21:48:23.896 [JavaFX Application Thread] DEBUG AssetLoader          - Loading from cache: /assets/textures/brick_wood.png@50.0x20.0
21:48:23.897 [JavaFX Application Thread] DEBUG AssetLoader          - Loading from cache: /assets/textures/brick_blue.png@50.0x20.0
21:48:25.683 [JavaFX Application Thread] DEBUG AssetLoader          - Loading from cache: /assets/sounds/GlassHit.wav
21:48:25.683 [JavaFX Application Thread] DEBUG AssetLoader          - Loading from cache: /assets/sounds/Oof.wav
21:48:30.613 [JavaFX Application Thread] DEBUG AssetLoader          - Loading from disk: /assets/textures/brick_wood2.png
21:48:32.718 [JavaFX Application Thread] DEBUG FXGL                 - Exiting FXGL
21:48:32.718 [JavaFX Application Thread] DEBUG FXGL                 - Shutting down background threads
21:48:32.718 [JavaFX Application Thread] DEBUG FXGL                 - Saving FXGL system data
21:48:32.723 [JavaFX Application Thread] DEBUG DesktopFSService     - Writing to: system\fxgl.bundle
21:48:32.728 [JavaFX Application Thread] DEBUG FXGL                 - Closing logger and exiting JavaFX
