01:57:33.326 [JavaFX Application Thread] DEBUG GameApplication      - Logger initialized
01:57:33.357 [JavaFX Application Thread] DEBUG GameApplication      - Logging settings
Title: Breakout
Version: 0.1
Width: 600
Height: 700
Fullscreen: false
Intro: false
Menus: false
Profiling: false
Single step:false
App Mode: DEVELOPER
Menu Key: ESCAPE
Stage Style: DECORATED
Scene Factory: class com.almasb.fxgl.scene.SceneFactory
Dialog Factory: class com.almasb.fxgl.ui.FXGLDialogFactory
UI Factory: class com.almasb.fxgl.ui.FXGLUIFactory
Notification Service: class com.almasb.fxgl.gameplay.notification.XboxNotificationView
Exception Handler: class com.almasb.fxgl.app.FXGLExceptionHandler
01:57:33.358 [JavaFX Application Thread] DEBUG GameApplication      - Starting FXGL
01:57:33.372 [JavaFX Application Thread] INFO  FXGL                 - FXGL-0.5.4 on DESKTOP
01:57:33.373 [JavaFX Application Thread] INFO  FXGL                 - Source code and latest versions at: https://github.com/AlmasB/FXGL
01:57:33.374 [JavaFX Application Thread] INFO  FXGL                 -              Join the FXGL chat at: https://gitter.im/AlmasB/FXGL
01:57:33.374 [JavaFX Application Thread] DEBUG FXGL                 - FXGL started
01:57:33.374 [JavaFX Application Thread] DEBUG FXGL                 - Initializing FXGL
01:57:33.454 [JavaFX Application Thread] DEBUG AssetLoader          - Loading from disk: /assets/ui/cursors/fxgl_default.png
01:57:33.555 [JavaFX Application Thread] DEBUG AssetLoader          - Loading from disk: /assets/ui/fonts/VarelaRound-Regular.ttf
01:57:34.347 [JavaFX Application Thread] DEBUG MainWindow           - Creating a JavaFX scene
01:57:34.564 [JavaFX Application Thread] DEBUG MainWindow           - Target settings size: 600.0 x 700.0
01:57:34.564 [JavaFX Application Thread] DEBUG MainWindow           - Scaled scene size:    600.0 x 700.0
01:57:34.564 [JavaFX Application Thread] DEBUG MainWindow           - Scaled ratio: (1.0, 1.0)
01:57:34.575 [JavaFX Application Thread] DEBUG AssetLoader          - Loading from disk: /assets/ui/css/fxgl_dark.css
01:57:34.640 [JavaFX Application Thread] DEBUG AssetLoader          - Loading from disk: /assets/textures/fxgl_icon.png
01:57:34.677 [JavaFX Application Thread] DEBUG MainWindow           - Opening main window
01:57:35.124 [JavaFX Application Thread] DEBUG MainWindow           - Window border size: (6.0, 29.0)
01:57:35.125 [JavaFX Application Thread] DEBUG MainWindow           - Scaled size: 600.0 x 700.0
01:57:35.125 [JavaFX Application Thread] DEBUG MainWindow           - Scaled ratio: (1.0, 1.0)
01:57:35.125 [JavaFX Application Thread] DEBUG MainWindow           - Scene size: 600.0 x 700.0
01:57:35.125 [JavaFX Application Thread] DEBUG MainWindow           - Stage size: 606.0 x 729.0
01:57:35.254 [ForkJoinPool.commonPool-worker-1] DEBUG FS                   - Loaded DesktopFSService
01:57:35.255 [ForkJoinPool.commonPool-worker-1] DEBUG FXGL                 - Loading FXGL system data
01:57:35.270 [ForkJoinPool.commonPool-worker-1] DEBUG DesktopFSService     - Reading from: system\fxgl.bundle
01:57:35.290 [ForkJoinPool.commonPool-worker-1] DEBUG Bundle               - Logging bundle: FXGL
01:57:35.291 [ForkJoinPool.commonPool-worker-1] DEBUG Bundle               - FXGL.offline.timer.version.check=2018-12-02T17:17:06.777
01:57:35.292 [ForkJoinPool.commonPool-worker-1] DEBUG FXGL                 - Initializing state machine and application states
01:57:35.295 [ForkJoinPool.commonPool-worker-1] DEBUG AssetLoader          - Loading from disk: /assets/ui/cursors/fxgl_default.png
01:57:35.307 [ForkJoinPool.commonPool-worker-1] DEBUG AssetLoader          - Loading from disk: /assets/ui/cursors/fxgl_default.png
01:57:35.319 [ForkJoinPool.commonPool-worker-1] DEBUG AssetLoader          - Loading from cache: /assets/ui/fonts/VarelaRound-Regular.ttf
01:57:35.325 [ForkJoinPool.commonPool-worker-1] DEBUG AssetLoader          - Loading from disk: /assets/ui/cursors/fxgl_default.png
01:57:35.330 [ForkJoinPool.commonPool-worker-1] DEBUG GameScene            - Game scene initialized: 600x700
01:57:35.359 [ForkJoinPool.commonPool-worker-1] DEBUG GameWorld            - Game world initialized
01:57:35.506 [ForkJoinPool.commonPool-worker-1] DEBUG PhysicsWorld         - Physics world initialized: appHeight=700, physics.ppm=50,0
01:57:35.547 [ForkJoinPool.commonPool-worker-1] DEBUG Input                - Registered new binding: Pause - Esc
01:57:35.641 [JavaFX Application Thread] DEBUG FXGL                 - Running preInit()
01:57:35.645 [JavaFX Application Thread] DEBUG Input                - Registered new binding: Screenshot - P
01:57:35.646 [JavaFX Application Thread] DEBUG Input                - Registered new binding: Dev Options - CTRL+0
01:57:35.647 [JavaFX Application Thread] DEBUG Input                - Registered new binding: System info dump - CTRL+9
01:57:35.648 [JavaFX Application Thread] DEBUG Input                - Registered new binding: Restart - CTRL+R
01:57:35.648 [JavaFX Application Thread] DEBUG Input                - Registered new binding: New ball - Space
01:57:35.649 [JavaFX Application Thread] DEBUG Input                - Registered new binding: Move Left - A
01:57:35.649 [JavaFX Application Thread] DEBUG Input                - Registered new binding: Move Right - D
01:57:35.649 [JavaFX Application Thread] DEBUG Input                - Registered new binding: Add Level - N
01:57:35.649 [JavaFX Application Thread] DEBUG Input                - Registered new binding: Enable Level values editor - T
01:57:35.654 [JavaFX Application Thread] DEBUG AssetLoader          - Loading from cache: /assets/ui/fonts/VarelaRound-Regular.ttf
01:57:35.662 [JavaFX Application Thread] DEBUG AssetLoader          - Loading from cache: /assets/ui/fonts/VarelaRound-Regular.ttf
01:57:35.666 [JavaFX Application Thread] DEBUG AssetLoader          - Loading from disk: /assets/properties/languages/english.properties
01:57:35.673 [JavaFX Application Thread] DEBUG AssetLoader          - Loading from cache: /assets/ui/fonts/VarelaRound-Regular.ttf
01:57:35.675 [JavaFX Application Thread] DEBUG AppStateMachine      - Push state: DialogSubState
01:57:35.675 [JavaFX Application Thread] DEBUG Input                - Clearing active input actions
01:57:35.676 [JavaFX Application Thread] DEBUG AppStateMachine      - StartupState -> DialogSubState
01:57:35.697 [JavaFX Application Thread] DEBUG AssetLoader          - Loading from cache: /assets/ui/fonts/VarelaRound-Regular.ttf
01:57:35.714 [JavaFX Application Thread] DEBUG AssetLoader          - Loading from cache: /assets/ui/fonts/VarelaRound-Regular.ttf
01:57:35.714 [JavaFX Application Thread] DEBUG AssetLoader          - Loading from cache: /assets/ui/fonts/VarelaRound-Regular.ttf
01:57:35.715 [JavaFX Application Thread] DEBUG AssetLoader          - Loading from cache: /assets/properties/languages/english.properties
01:57:35.718 [JavaFX Application Thread] DEBUG AssetLoader          - Loading from cache: /assets/ui/fonts/VarelaRound-Regular.ttf
01:57:35.724 [JavaFX Application Thread] DEBUG AssetLoader          - Loading from cache: /assets/ui/fonts/VarelaRound-Regular.ttf
01:57:35.725 [JavaFX Application Thread] DEBUG AssetLoader          - Loading from cache: /assets/ui/fonts/VarelaRound-Regular.ttf
01:57:35.725 [JavaFX Application Thread] DEBUG AssetLoader          - Loading from cache: /assets/ui/fonts/VarelaRound-Regular.ttf
01:57:35.726 [JavaFX Application Thread] DEBUG AssetLoader          - Loading from cache: /assets/properties/languages/english.properties
01:57:35.726 [JavaFX Application Thread] DEBUG AssetLoader          - Loading from cache: /assets/ui/fonts/VarelaRound-Regular.ttf
01:57:35.729 [JavaFX Application Thread] DEBUG AssetLoader          - Loading from cache: /assets/ui/fonts/VarelaRound-Regular.ttf
01:57:35.730 [JavaFX Application Thread] DEBUG AssetLoader          - Loading from cache: /assets/ui/fonts/VarelaRound-Regular.ttf
01:57:35.730 [JavaFX Application Thread] DEBUG AssetLoader          - Loading from cache: /assets/ui/fonts/VarelaRound-Regular.ttf
01:57:35.731 [JavaFX Application Thread] DEBUG AssetLoader          - Loading from cache: /assets/properties/languages/english.properties
01:57:35.732 [JavaFX Application Thread] DEBUG AssetLoader          - Loading from cache: /assets/ui/fonts/VarelaRound-Regular.ttf
01:57:35.734 [JavaFX Application Thread] INFO  FXGL                 - FXGL initialization took: 2,360 sec
01:57:35.735 [JavaFX Application Thread] DEBUG LoopRunner           - Starting loop
01:57:39.404 [JavaFX Application Thread] DEBUG FXGL                 - Exiting FXGL
01:57:39.404 [JavaFX Application Thread] DEBUG FXGL                 - Shutting down background threads
01:57:39.405 [JavaFX Application Thread] DEBUG FXGL                 - Saving FXGL system data
01:57:39.410 [JavaFX Application Thread] DEBUG DesktopFSService     - Writing to: system\fxgl.bundle
01:57:39.426 [JavaFX Application Thread] DEBUG FXGL                 - Closing logger and exiting JavaFX
