21:32:28.917 [JavaFX Application Thread] DEBUG GameApplication      - Logger initialized
21:32:28.940 [JavaFX Application Thread] DEBUG GameApplication      - Logging settings
Title: Breakout
Version: 0.1
Width: 600
Height: 700
Fullscreen: false
Intro: false
Menus: false
Profiling: false
Single step:false
App Mode: DEVELOPER
Menu Key: ESCAPE
Stage Style: DECORATED
Scene Factory: class com.almasb.fxgl.scene.SceneFactory
Dialog Factory: class com.almasb.fxgl.ui.FXGLDialogFactory
UI Factory: class com.almasb.fxgl.ui.FXGLUIFactory
Notification Service: class com.almasb.fxgl.gameplay.notification.XboxNotificationView
Exception Handler: class com.almasb.fxgl.app.FXGLExceptionHandler
21:32:28.940 [JavaFX Application Thread] DEBUG GameApplication      - Starting FXGL
21:32:28.954 [JavaFX Application Thread] INFO  FXGL                 - FXGL-0.5.4 on DESKTOP
21:32:28.954 [JavaFX Application Thread] INFO  FXGL                 - Source code and latest versions at: https://github.com/AlmasB/FXGL
21:32:28.955 [JavaFX Application Thread] INFO  FXGL                 -              Join the FXGL chat at: https://gitter.im/AlmasB/FXGL
21:32:28.955 [JavaFX Application Thread] DEBUG FXGL                 - FXGL started
21:32:28.955 [JavaFX Application Thread] DEBUG FXGL                 - Initializing FXGL
21:32:29.026 [JavaFX Application Thread] DEBUG AssetLoader          - Loading from disk: /assets/ui/cursors/fxgl_default.png
21:32:29.094 [JavaFX Application Thread] DEBUG AssetLoader          - Loading from disk: /assets/ui/fonts/VarelaRound-Regular.ttf
21:32:29.337 [JavaFX Application Thread] DEBUG MainWindow           - Creating a JavaFX scene
21:32:29.399 [JavaFX Application Thread] DEBUG MainWindow           - Target settings size: 600.0 x 700.0
21:32:29.399 [JavaFX Application Thread] DEBUG MainWindow           - Scaled scene size:    600.0 x 700.0
21:32:29.399 [JavaFX Application Thread] DEBUG MainWindow           - Scaled ratio: (1.0, 1.0)
21:32:29.406 [JavaFX Application Thread] DEBUG AssetLoader          - Loading from disk: /assets/ui/css/fxgl_dark.css
21:32:29.422 [JavaFX Application Thread] DEBUG AssetLoader          - Loading from disk: /assets/textures/fxgl_icon.png
21:32:29.454 [JavaFX Application Thread] DEBUG MainWindow           - Opening main window
21:32:29.874 [JavaFX Application Thread] DEBUG MainWindow           - Window border size: (6.0, 29.0)
21:32:29.875 [JavaFX Application Thread] DEBUG MainWindow           - Scaled size: 600.0 x 700.0
21:32:29.875 [JavaFX Application Thread] DEBUG MainWindow           - Scaled ratio: (1.0, 1.0)
21:32:29.875 [JavaFX Application Thread] DEBUG MainWindow           - Scene size: 600.0 x 700.0
21:32:29.875 [JavaFX Application Thread] DEBUG MainWindow           - Stage size: 606.0 x 729.0
21:32:29.988 [ForkJoinPool.commonPool-worker-1] DEBUG FS                   - Loaded DesktopFSService
21:32:29.989 [ForkJoinPool.commonPool-worker-1] DEBUG FXGL                 - Loading FXGL system data
21:32:30.000 [ForkJoinPool.commonPool-worker-1] DEBUG DesktopFSService     - Reading from: system\fxgl.bundle
21:32:30.023 [ForkJoinPool.commonPool-worker-1] DEBUG Bundle               - Logging bundle: FXGL
21:32:30.024 [ForkJoinPool.commonPool-worker-1] DEBUG Bundle               - FXGL.offline.timer.version.check=2018-12-02T17:17:06.777
21:32:30.026 [ForkJoinPool.commonPool-worker-1] DEBUG FXGL                 - Initializing state machine and application states
21:32:30.029 [ForkJoinPool.commonPool-worker-1] DEBUG AssetLoader          - Loading from disk: /assets/ui/cursors/fxgl_default.png
21:32:30.041 [ForkJoinPool.commonPool-worker-1] DEBUG AssetLoader          - Loading from disk: /assets/ui/cursors/fxgl_default.png
21:32:30.054 [ForkJoinPool.commonPool-worker-1] DEBUG AssetLoader          - Loading from cache: /assets/ui/fonts/VarelaRound-Regular.ttf
21:32:30.059 [ForkJoinPool.commonPool-worker-1] DEBUG AssetLoader          - Loading from disk: /assets/ui/cursors/fxgl_default.png
21:32:30.065 [ForkJoinPool.commonPool-worker-1] DEBUG GameScene            - Game scene initialized: 600x700
21:32:30.096 [ForkJoinPool.commonPool-worker-1] DEBUG GameWorld            - Game world initialized
21:32:30.227 [ForkJoinPool.commonPool-worker-1] DEBUG PhysicsWorld         - Physics world initialized: appHeight=700, physics.ppm=50,0
21:32:30.269 [ForkJoinPool.commonPool-worker-1] DEBUG Input                - Registered new binding: Pause - Esc
21:32:30.359 [JavaFX Application Thread] DEBUG FXGL                 - Running preInit()
21:32:30.361 [JavaFX Application Thread] DEBUG Input                - Registered new binding: Screenshot - P
21:32:30.362 [JavaFX Application Thread] DEBUG Input                - Registered new binding: Dev Options - CTRL+0
21:32:30.363 [JavaFX Application Thread] DEBUG Input                - Registered new binding: System info dump - CTRL+9
21:32:30.364 [JavaFX Application Thread] DEBUG Input                - Registered new binding: Restart - CTRL+R
21:32:30.364 [JavaFX Application Thread] DEBUG Input                - Registered new binding: New ball - Space
21:32:30.365 [JavaFX Application Thread] DEBUG Input                - Registered new binding: Move Left - A
21:32:30.365 [JavaFX Application Thread] DEBUG Input                - Registered new binding: Move Right - D
21:32:30.365 [JavaFX Application Thread] DEBUG Input                - Registered new binding: Add Level - N
21:32:30.365 [JavaFX Application Thread] DEBUG Input                - Registered new binding: Enable Level values editor - M
21:32:30.366 [JavaFX Application Thread] DEBUG Input                - Registered new binding: Show tutorial - T
21:32:30.372 [JavaFX Application Thread] DEBUG AssetLoader          - Loading from cache: /assets/ui/fonts/VarelaRound-Regular.ttf
21:32:30.378 [JavaFX Application Thread] DEBUG AssetLoader          - Loading from cache: /assets/ui/fonts/VarelaRound-Regular.ttf
21:32:30.383 [JavaFX Application Thread] DEBUG AssetLoader          - Loading from disk: /assets/properties/languages/english.properties
21:32:30.390 [JavaFX Application Thread] DEBUG AssetLoader          - Loading from cache: /assets/ui/fonts/VarelaRound-Regular.ttf
21:32:30.392 [JavaFX Application Thread] DEBUG AppStateMachine      - Push state: DialogSubState
21:32:30.392 [JavaFX Application Thread] DEBUG Input                - Clearing active input actions
21:32:30.392 [JavaFX Application Thread] DEBUG AppStateMachine      - StartupState -> DialogSubState
21:32:30.410 [JavaFX Application Thread] DEBUG AssetLoader          - Loading from cache: /assets/ui/fonts/VarelaRound-Regular.ttf
21:32:30.423 [JavaFX Application Thread] DEBUG AssetLoader          - Loading from cache: /assets/ui/fonts/VarelaRound-Regular.ttf
21:32:30.423 [JavaFX Application Thread] DEBUG AssetLoader          - Loading from cache: /assets/ui/fonts/VarelaRound-Regular.ttf
21:32:30.424 [JavaFX Application Thread] DEBUG AssetLoader          - Loading from cache: /assets/properties/languages/english.properties
21:32:30.427 [JavaFX Application Thread] DEBUG AssetLoader          - Loading from cache: /assets/ui/fonts/VarelaRound-Regular.ttf
21:32:30.432 [JavaFX Application Thread] DEBUG AssetLoader          - Loading from cache: /assets/ui/fonts/VarelaRound-Regular.ttf
21:32:30.433 [JavaFX Application Thread] DEBUG AssetLoader          - Loading from cache: /assets/ui/fonts/VarelaRound-Regular.ttf
21:32:30.433 [JavaFX Application Thread] DEBUG AssetLoader          - Loading from cache: /assets/ui/fonts/VarelaRound-Regular.ttf
21:32:30.434 [JavaFX Application Thread] DEBUG AssetLoader          - Loading from cache: /assets/properties/languages/english.properties
21:32:30.434 [JavaFX Application Thread] DEBUG AssetLoader          - Loading from cache: /assets/ui/fonts/VarelaRound-Regular.ttf
21:32:30.437 [JavaFX Application Thread] DEBUG AssetLoader          - Loading from cache: /assets/ui/fonts/VarelaRound-Regular.ttf
21:32:30.438 [JavaFX Application Thread] DEBUG AssetLoader          - Loading from cache: /assets/ui/fonts/VarelaRound-Regular.ttf
21:32:30.438 [JavaFX Application Thread] DEBUG AssetLoader          - Loading from cache: /assets/ui/fonts/VarelaRound-Regular.ttf
21:32:30.438 [JavaFX Application Thread] DEBUG AssetLoader          - Loading from cache: /assets/properties/languages/english.properties
21:32:30.439 [JavaFX Application Thread] DEBUG AssetLoader          - Loading from cache: /assets/ui/fonts/VarelaRound-Regular.ttf
21:32:30.441 [JavaFX Application Thread] DEBUG AssetLoader          - Loading from cache: /assets/ui/fonts/VarelaRound-Regular.ttf
21:32:30.442 [JavaFX Application Thread] DEBUG AssetLoader          - Loading from cache: /assets/ui/fonts/VarelaRound-Regular.ttf
21:32:30.442 [JavaFX Application Thread] DEBUG AssetLoader          - Loading from cache: /assets/properties/languages/english.properties
21:32:30.443 [JavaFX Application Thread] DEBUG AssetLoader          - Loading from cache: /assets/ui/fonts/VarelaRound-Regular.ttf
21:32:30.444 [JavaFX Application Thread] INFO  FXGL                 - FXGL initialization took: 1,488 sec
21:32:30.445 [JavaFX Application Thread] DEBUG LoopRunner           - Starting loop
21:32:50.200 [JavaFX Application Thread] DEBUG AssetLoader          - Loading from cache: /assets/ui/fonts/VarelaRound-Regular.ttf
21:32:58.207 [JavaFX Application Thread] DEBUG AssetLoader          - Loading from cache: /assets/sounds/menu/select.wav
21:32:58.763 [JavaFX Application Thread] DEBUG AssetLoader          - Loading from cache: /assets/sounds/menu/select.wav
21:32:58.968 [JavaFX Application Thread] DEBUG AssetLoader          - Loading from cache: /assets/ui/fonts/VarelaRound-Regular.ttf
21:32:59.885 [JavaFX Application Thread] DEBUG AssetLoader          - Loading from cache: /assets/sounds/menu/select.wav
21:33:01.080 [JavaFX Application Thread] DEBUG AssetLoader          - Loading from cache: /assets/sounds/menu/select.wav
21:33:01.289 [JavaFX Application Thread] DEBUG AssetLoader          - Loading from cache: /assets/ui/fonts/VarelaRound-Regular.ttf
21:33:02.270 [JavaFX Application Thread] DEBUG AssetLoader          - Loading from cache: /assets/sounds/menu/select.wav
21:33:08.705 [JavaFX Application Thread] DEBUG AssetLoader          - Loading from cache: /assets/sounds/menu/select.wav
21:33:09.165 [JavaFX Application Thread] DEBUG AssetLoader          - Loading from cache: /assets/sounds/menu/select.wav
21:33:09.391 [JavaFX Application Thread] DEBUG AssetLoader          - Loading from cache: /assets/ui/fonts/VarelaRound-Regular.ttf
21:33:09.406 [JavaFX Application Thread] DEBUG AssetLoader          - Loading from cache: /assets/sounds/menu/select.wav
21:33:10.077 [JavaFX Application Thread] DEBUG AppStateMachine      - Pop state: DialogSubState
21:33:10.077 [JavaFX Application Thread] DEBUG Input                - Clearing active input actions
21:33:10.078 [JavaFX Application Thread] DEBUG AppStateMachine      - StartupState <- DialogSubState
21:33:10.092 [JavaFX Application Thread] DEBUG StartupState         - STARTUP
21:33:10.092 [JavaFX Application Thread] DEBUG GameApplication      - Starting new game
21:33:10.092 [JavaFX Application Thread] DEBUG Input                - Clearing active input actions
21:33:10.092 [JavaFX Application Thread] DEBUG AssetLoader          - Loading from disk: /assets/ui/css/fxgl_dark.css
21:33:10.102 [JavaFX Application Thread] DEBUG AppStateMachine      - StartupState -> LoadingState
21:33:10.109 [FXGL Background Thread 1 ] DEBUG InitAppTask          - Clearing previous game
21:33:10.110 [FXGL Background Thread 1 ] DEBUG GameWorld            - Clearing game world
21:33:10.110 [FXGL Background Thread 1 ] DEBUG PhysicsWorld         - Clearing physics world
21:33:10.110 [FXGL Background Thread 1 ] DEBUG GameScene            - Clearing game scene
21:33:10.112 [FXGL Background Thread 1 ] DEBUG InitAppTask          - Initializing Game
21:33:10.186 [FXGL Background Thread 1 ] DEBUG AssetLoader          - Loading from disk: /assets/textures/bat.png
21:33:10.237 [FXGL Background Thread 1 ] DEBUG AudioPlayer          - Playing music com.almasb.fxgl.audio.Music@70873714
21:33:10.245 [FXGL Background Thread 1 ] DEBUG GameScene            - Creating render group for layer: BACKGROUND(1000)
21:33:10.313 [FXGL Background Thread 1 ] DEBUG GameScene            - Creating render group for layer: DEFAULT(100000)
21:33:10.314 [FXGL Background Thread 1 ] DEBUG InitAppTask          - Initializing Physics
21:33:10.315 [FXGL Background Thread 1 ] DEBUG InitAppTask          - Initializing UI
21:33:10.320 [FXGL Background Thread 1 ] DEBUG InitAppTask          - Initialization Complete
21:33:10.321 [FXGL Background Thread 1 ] INFO  InitAppTask          - Game initialization took: 0,210 sec
21:33:10.332 [JavaFX Application Thread] DEBUG Input                - Clearing active input actions
21:33:10.332 [JavaFX Application Thread] DEBUG AssetLoader          - Loading from disk: /assets/ui/css/fxgl_dark.css
21:33:10.340 [JavaFX Application Thread] DEBUG AppStateMachine      - LoadingState -> PlayState
21:33:10.851 [JavaFX Application Thread] DEBUG AssetLoader          - Loading from disk: /assets/textures/brick_metal.png
21:33:10.873 [JavaFX Application Thread] DEBUG AssetLoader          - Loading from disk: /assets/textures/brick_wood.png
21:33:10.877 [JavaFX Application Thread] DEBUG AssetLoader          - Loading from disk: /assets/textures/brick_blue.png
21:33:10.883 [JavaFX Application Thread] DEBUG AssetLoader          - Loading from cache: /assets/textures/brick_blue.png@50.0x20.0
21:33:10.884 [JavaFX Application Thread] DEBUG AssetLoader          - Loading from cache: /assets/textures/brick_blue.png@50.0x20.0
21:33:10.886 [JavaFX Application Thread] DEBUG AssetLoader          - Loading from cache: /assets/textures/brick_wood.png@50.0x20.0
21:33:10.887 [JavaFX Application Thread] DEBUG AssetLoader          - Loading from cache: /assets/textures/brick_metal.png@50.0x20.0
21:33:10.888 [JavaFX Application Thread] DEBUG AssetLoader          - Loading from cache: /assets/textures/brick_blue.png@50.0x20.0
21:33:10.890 [JavaFX Application Thread] DEBUG AssetLoader          - Loading from cache: /assets/textures/brick_wood.png@50.0x20.0
21:33:10.891 [JavaFX Application Thread] DEBUG AssetLoader          - Loading from cache: /assets/textures/brick_blue.png@50.0x20.0
21:33:10.893 [JavaFX Application Thread] DEBUG AssetLoader          - Loading from cache: /assets/textures/brick_blue.png@50.0x20.0
21:33:10.894 [JavaFX Application Thread] DEBUG AssetLoader          - Loading from cache: /assets/textures/brick_metal.png@50.0x20.0
21:33:10.895 [JavaFX Application Thread] DEBUG AssetLoader          - Loading from cache: /assets/textures/brick_metal.png@50.0x20.0
21:33:10.896 [JavaFX Application Thread] DEBUG AssetLoader          - Loading from cache: /assets/textures/brick_blue.png@50.0x20.0
21:33:10.897 [JavaFX Application Thread] DEBUG AssetLoader          - Loading from cache: /assets/textures/brick_wood.png@50.0x20.0
21:33:10.899 [JavaFX Application Thread] DEBUG AssetLoader          - Loading from cache: /assets/textures/brick_metal.png@50.0x20.0
21:33:10.900 [JavaFX Application Thread] DEBUG AssetLoader          - Loading from cache: /assets/textures/brick_blue.png@50.0x20.0
21:33:10.901 [JavaFX Application Thread] DEBUG AssetLoader          - Loading from cache: /assets/textures/brick_blue.png@50.0x20.0
21:33:10.902 [JavaFX Application Thread] DEBUG AssetLoader          - Loading from cache: /assets/textures/brick_blue.png@50.0x20.0
21:33:10.904 [JavaFX Application Thread] DEBUG AssetLoader          - Loading from cache: /assets/textures/brick_wood.png@50.0x20.0
21:33:10.905 [JavaFX Application Thread] DEBUG AssetLoader          - Loading from cache: /assets/textures/brick_blue.png@50.0x20.0
21:33:10.906 [JavaFX Application Thread] DEBUG AssetLoader          - Loading from cache: /assets/textures/brick_metal.png@50.0x20.0
21:33:10.907 [JavaFX Application Thread] DEBUG AssetLoader          - Loading from cache: /assets/textures/brick_blue.png@50.0x20.0
21:33:10.908 [JavaFX Application Thread] DEBUG AssetLoader          - Loading from cache: /assets/textures/brick_blue.png@50.0x20.0
21:33:10.910 [JavaFX Application Thread] DEBUG AssetLoader          - Loading from cache: /assets/textures/brick_wood.png@50.0x20.0
21:33:10.911 [JavaFX Application Thread] DEBUG AssetLoader          - Loading from cache: /assets/textures/brick_blue.png@50.0x20.0
21:33:10.912 [JavaFX Application Thread] DEBUG AssetLoader          - Loading from cache: /assets/textures/brick_blue.png@50.0x20.0
21:33:10.913 [JavaFX Application Thread] DEBUG AssetLoader          - Loading from cache: /assets/textures/brick_metal.png@50.0x20.0
21:33:10.914 [JavaFX Application Thread] DEBUG AssetLoader          - Loading from cache: /assets/textures/brick_blue.png@50.0x20.0
21:33:10.915 [JavaFX Application Thread] DEBUG AssetLoader          - Loading from cache: /assets/textures/brick_blue.png@50.0x20.0
21:33:10.916 [JavaFX Application Thread] DEBUG AssetLoader          - Loading from cache: /assets/textures/brick_metal.png@50.0x20.0
21:33:10.917 [JavaFX Application Thread] DEBUG AssetLoader          - Loading from cache: /assets/textures/brick_blue.png@50.0x20.0
21:33:10.918 [JavaFX Application Thread] DEBUG AssetLoader          - Loading from cache: /assets/textures/brick_blue.png@50.0x20.0
21:33:10.919 [JavaFX Application Thread] DEBUG AssetLoader          - Loading from cache: /assets/textures/brick_blue.png@50.0x20.0
21:33:10.920 [JavaFX Application Thread] DEBUG AssetLoader          - Loading from cache: /assets/textures/brick_metal.png@50.0x20.0
21:33:10.921 [JavaFX Application Thread] DEBUG AssetLoader          - Loading from cache: /assets/textures/brick_blue.png@50.0x20.0
21:33:10.922 [JavaFX Application Thread] DEBUG AssetLoader          - Loading from cache: /assets/textures/brick_blue.png@50.0x20.0
21:33:10.923 [JavaFX Application Thread] DEBUG AssetLoader          - Loading from cache: /assets/textures/brick_blue.png@50.0x20.0
21:33:10.924 [JavaFX Application Thread] DEBUG AssetLoader          - Loading from cache: /assets/textures/brick_blue.png@50.0x20.0
21:33:10.925 [JavaFX Application Thread] DEBUG AssetLoader          - Loading from cache: /assets/textures/brick_blue.png@50.0x20.0
21:33:10.926 [JavaFX Application Thread] DEBUG AssetLoader          - Loading from cache: /assets/textures/brick_metal.png@50.0x20.0
21:33:10.927 [JavaFX Application Thread] DEBUG AssetLoader          - Loading from cache: /assets/textures/brick_blue.png@50.0x20.0
21:33:10.928 [JavaFX Application Thread] DEBUG AssetLoader          - Loading from cache: /assets/textures/brick_wood.png@50.0x20.0
21:33:10.929 [JavaFX Application Thread] DEBUG AssetLoader          - Loading from cache: /assets/textures/brick_blue.png@50.0x20.0
21:33:10.930 [JavaFX Application Thread] DEBUG AssetLoader          - Loading from cache: /assets/textures/brick_blue.png@50.0x20.0
21:33:10.931 [JavaFX Application Thread] DEBUG AssetLoader          - Loading from cache: /assets/textures/brick_blue.png@50.0x20.0
21:33:10.932 [JavaFX Application Thread] DEBUG AssetLoader          - Loading from cache: /assets/textures/brick_blue.png@50.0x20.0
21:33:10.934 [JavaFX Application Thread] DEBUG AssetLoader          - Loading from cache: /assets/textures/brick_blue.png@50.0x20.0
21:33:10.934 [JavaFX Application Thread] DEBUG AssetLoader          - Loading from cache: /assets/textures/brick_metal.png@50.0x20.0
21:33:10.936 [JavaFX Application Thread] DEBUG AssetLoader          - Loading from cache: /assets/textures/brick_metal.png@50.0x20.0
21:33:10.937 [JavaFX Application Thread] DEBUG AssetLoader          - Loading from cache: /assets/textures/brick_metal.png@50.0x20.0
21:33:10.939 [JavaFX Application Thread] DEBUG AssetLoader          - Loading from cache: /assets/textures/brick_metal.png@50.0x20.0
21:33:10.940 [JavaFX Application Thread] DEBUG AssetLoader          - Loading from cache: /assets/textures/brick_wood.png@50.0x20.0
21:33:10.942 [JavaFX Application Thread] DEBUG AssetLoader          - Loading from cache: /assets/textures/brick_blue.png@50.0x20.0
21:33:16.013 [JavaFX Application Thread] DEBUG AssetLoader          - Loading from cache: /assets/sounds/GlassHit.wav
21:33:16.013 [JavaFX Application Thread] DEBUG AssetLoader          - Loading from cache: /assets/sounds/Oof.wav
21:33:18.845 [JavaFX Application Thread] DEBUG AssetLoader          - Loading from cache: /assets/sounds/MetalHit.wav
21:33:22.060 [JavaFX Application Thread] DEBUG AssetLoader          - Loading from cache: /assets/sounds/GlassHit.wav
21:33:22.060 [JavaFX Application Thread] DEBUG AssetLoader          - Loading from cache: /assets/sounds/Oof.wav
21:33:22.094 [JavaFX Application Thread] DEBUG AssetLoader          - Loading from cache: /assets/sounds/GlassHit.wav
21:33:22.094 [JavaFX Application Thread] DEBUG AssetLoader          - Loading from cache: /assets/sounds/Oof.wav
21:33:24.929 [JavaFX Application Thread] DEBUG AssetLoader          - Loading from disk: /assets/textures/brick_metal_hitted.png
21:33:24.951 [JavaFX Application Thread] DEBUG AssetLoader          - Loading from cache: /assets/sounds/MetalHit.wav
21:33:24.951 [JavaFX Application Thread] DEBUG AssetLoader          - Loading from cache: /assets/sounds/MetalHit.wav
21:33:27.677 [JavaFX Application Thread] DEBUG AssetLoader          - Loading from cache: /assets/textures/brick_metal_hitted.png@50.0x20.0
21:33:27.677 [JavaFX Application Thread] DEBUG AssetLoader          - Loading from cache: /assets/sounds/MetalHit.wav
21:33:30.460 [JavaFX Application Thread] DEBUG AssetLoader          - Loading from cache: /assets/sounds/GlassHit.wav
21:33:30.460 [JavaFX Application Thread] DEBUG AssetLoader          - Loading from cache: /assets/sounds/Oof.wav
21:33:33.329 [JavaFX Application Thread] DEBUG AssetLoader          - Loading from disk: /assets/textures/brick_wood2.png
21:33:35.837 [JavaFX Application Thread] DEBUG AssetLoader          - Loading from cache: /assets/sounds/GlassHit.wav
21:33:35.837 [JavaFX Application Thread] DEBUG AssetLoader          - Loading from cache: /assets/sounds/Oof.wav
21:33:35.902 [JavaFX Application Thread] DEBUG AssetLoader          - Loading from cache: /assets/textures/brick_wood2.png@50.0x20.0
21:33:35.903 [JavaFX Application Thread] DEBUG AssetLoader          - Loading from cache: /assets/sounds/WoodenHit.wav
21:33:38.701 [JavaFX Application Thread] DEBUG AssetLoader          - Loading from cache: /assets/textures/brick_metal_hitted.png@50.0x20.0
21:33:38.701 [JavaFX Application Thread] DEBUG AssetLoader          - Loading from cache: /assets/sounds/MetalHit.wav
21:33:41.580 [JavaFX Application Thread] DEBUG AssetLoader          - Loading from cache: /assets/sounds/GlassHit.wav
21:33:41.580 [JavaFX Application Thread] DEBUG AssetLoader          - Loading from cache: /assets/sounds/Oof.wav
21:33:44.508 [JavaFX Application Thread] DEBUG AssetLoader          - Loading from cache: /assets/textures/brick_metal_hitted.png@50.0x20.0
21:33:44.508 [JavaFX Application Thread] DEBUG AssetLoader          - Loading from cache: /assets/sounds/MetalHit.wav
21:33:44.589 [JavaFX Application Thread] DEBUG AssetLoader          - Loading from cache: /assets/sounds/GlassHit.wav
21:33:44.589 [JavaFX Application Thread] DEBUG AssetLoader          - Loading from cache: /assets/sounds/Oof.wav
21:33:44.591 [JavaFX Application Thread] DEBUG AssetLoader          - Loading from cache: /assets/sounds/GlassHit.wav
21:33:44.591 [JavaFX Application Thread] DEBUG AssetLoader          - Loading from cache: /assets/sounds/Oof.wav
21:33:47.564 [JavaFX Application Thread] DEBUG AssetLoader          - Loading from cache: /assets/sounds/MetalHit.wav
21:33:50.429 [JavaFX Application Thread] DEBUG AssetLoader          - Loading from cache: /assets/textures/brick_metal_hitted.png@50.0x20.0
21:33:50.429 [JavaFX Application Thread] DEBUG AssetLoader          - Loading from cache: /assets/sounds/MetalHit.wav
21:33:50.429 [JavaFX Application Thread] DEBUG AssetLoader          - Loading from cache: /assets/textures/brick_metal_hitted.png@50.0x20.0
21:33:50.430 [JavaFX Application Thread] DEBUG AssetLoader          - Loading from cache: /assets/sounds/MetalHit.wav
21:33:53.228 [JavaFX Application Thread] DEBUG AssetLoader          - Loading from cache: /assets/sounds/WoodenHit.wav
21:33:53.228 [JavaFX Application Thread] DEBUG AssetLoader          - Loading from cache: /assets/sounds/Oof.wav
21:33:53.324 [JavaFX Application Thread] DEBUG AssetLoader          - Loading from cache: /assets/textures/brick_metal_hitted.png@50.0x20.0
21:33:53.324 [JavaFX Application Thread] DEBUG AssetLoader          - Loading from cache: /assets/sounds/MetalHit.wav
21:33:53.356 [JavaFX Application Thread] DEBUG AssetLoader          - Loading from cache: /assets/sounds/GlassHit.wav
21:33:53.357 [JavaFX Application Thread] DEBUG AssetLoader          - Loading from cache: /assets/sounds/Oof.wav
21:33:53.454 [JavaFX Application Thread] DEBUG AssetLoader          - Loading from cache: /assets/textures/brick_wood2.png@50.0x20.0
21:33:53.454 [JavaFX Application Thread] DEBUG AssetLoader          - Loading from cache: /assets/sounds/WoodenHit.wav
21:33:56.333 [JavaFX Application Thread] DEBUG AssetLoader          - Loading from cache: /assets/textures/brick_metal_hitted.png@50.0x20.0
21:33:56.333 [JavaFX Application Thread] DEBUG AssetLoader          - Loading from cache: /assets/sounds/MetalHit.wav
21:33:59.196 [JavaFX Application Thread] DEBUG AssetLoader          - Loading from cache: /assets/textures/brick_metal_hitted.png@50.0x20.0
21:33:59.196 [JavaFX Application Thread] DEBUG AssetLoader          - Loading from cache: /assets/sounds/MetalHit.wav
21:34:02.172 [JavaFX Application Thread] DEBUG AssetLoader          - Loading from cache: /assets/sounds/GlassHit.wav
21:34:02.172 [JavaFX Application Thread] DEBUG AssetLoader          - Loading from cache: /assets/sounds/Oof.wav
21:34:05.101 [JavaFX Application Thread] DEBUG AssetLoader          - Loading from cache: /assets/textures/brick_metal_hitted.png@50.0x20.0
21:34:05.101 [JavaFX Application Thread] DEBUG AssetLoader          - Loading from cache: /assets/sounds/MetalHit.wav
21:34:08.045 [JavaFX Application Thread] DEBUG AssetLoader          - Loading from cache: /assets/textures/brick_metal_hitted.png@50.0x20.0
21:34:08.045 [JavaFX Application Thread] DEBUG AssetLoader          - Loading from cache: /assets/sounds/MetalHit.wav
21:34:08.124 [JavaFX Application Thread] DEBUG AssetLoader          - Loading from cache: /assets/sounds/MetalHit.wav
21:34:11.117 [JavaFX Application Thread] DEBUG AssetLoader          - Loading from cache: /assets/sounds/MetalHit.wav
21:34:14.124 [JavaFX Application Thread] DEBUG AssetLoader          - Loading from cache: /assets/textures/brick_metal_hitted.png@50.0x20.0
21:34:14.124 [JavaFX Application Thread] DEBUG AssetLoader          - Loading from cache: /assets/sounds/MetalHit.wav
21:34:14.221 [JavaFX Application Thread] DEBUG AssetLoader          - Loading from cache: /assets/textures/brick_metal_hitted.png@50.0x20.0
21:34:14.221 [JavaFX Application Thread] DEBUG AssetLoader          - Loading from cache: /assets/sounds/MetalHit.wav
21:34:16.845 [JavaFX Application Thread] DEBUG AssetLoader          - Loading from disk: /assets/textures/brick_metal_cracked.png
21:34:16.850 [JavaFX Application Thread] DEBUG AssetLoader          - Loading from cache: /assets/sounds/MetalHit.wav
21:34:19.804 [JavaFX Application Thread] DEBUG AssetLoader          - Loading from cache: /assets/sounds/GlassHit.wav
21:34:19.804 [JavaFX Application Thread] DEBUG AssetLoader          - Loading from cache: /assets/sounds/Oof.wav
21:34:22.845 [JavaFX Application Thread] DEBUG AssetLoader          - Loading from cache: /assets/textures/brick_metal_hitted.png@50.0x20.0
21:34:22.845 [JavaFX Application Thread] DEBUG AssetLoader          - Loading from cache: /assets/sounds/MetalHit.wav
21:34:25.708 [JavaFX Application Thread] DEBUG AssetLoader          - Loading from cache: /assets/textures/brick_metal_cracked.png@50.0x20.0
21:34:25.708 [JavaFX Application Thread] DEBUG AssetLoader          - Loading from cache: /assets/sounds/MetalHit.wav
21:34:28.508 [JavaFX Application Thread] DEBUG AssetLoader          - Loading from cache: /assets/textures/brick_wood2.png@50.0x20.0
21:34:28.508 [JavaFX Application Thread] DEBUG AssetLoader          - Loading from cache: /assets/sounds/WoodenHit.wav
21:34:28.540 [JavaFX Application Thread] DEBUG AssetLoader          - Loading from cache: /assets/textures/brick_metal_cracked.png@50.0x20.0
21:34:28.540 [JavaFX Application Thread] DEBUG AssetLoader          - Loading from cache: /assets/sounds/MetalHit.wav
21:34:31.245 [JavaFX Application Thread] DEBUG AssetLoader          - Loading from cache: /assets/sounds/GlassHit.wav
21:34:31.245 [JavaFX Application Thread] DEBUG AssetLoader          - Loading from cache: /assets/sounds/Oof.wav
21:34:31.246 [JavaFX Application Thread] DEBUG AssetLoader          - Loading from cache: /assets/sounds/GlassHit.wav
21:34:31.247 [JavaFX Application Thread] DEBUG AssetLoader          - Loading from cache: /assets/sounds/Oof.wav
21:34:31.279 [JavaFX Application Thread] DEBUG AssetLoader          - Loading from cache: /assets/sounds/GlassHit.wav
21:34:31.280 [JavaFX Application Thread] DEBUG AssetLoader          - Loading from cache: /assets/sounds/Oof.wav
21:34:31.438 [JavaFX Application Thread] DEBUG AssetLoader          - Loading from cache: /assets/textures/brick_metal_hitted.png@50.0x20.0
21:34:31.438 [JavaFX Application Thread] DEBUG AssetLoader          - Loading from cache: /assets/sounds/MetalHit.wav
21:34:31.550 [JavaFX Application Thread] DEBUG AssetLoader          - Loading from cache: /assets/sounds/WoodenHit.wav
21:34:31.550 [JavaFX Application Thread] DEBUG AssetLoader          - Loading from cache: /assets/sounds/Oof.wav
21:34:34.301 [JavaFX Application Thread] DEBUG AssetLoader          - Loading from cache: /assets/textures/brick_metal_hitted.png@50.0x20.0
21:34:34.301 [JavaFX Application Thread] DEBUG AssetLoader          - Loading from cache: /assets/sounds/MetalHit.wav
21:34:37.181 [JavaFX Application Thread] DEBUG AssetLoader          - Loading from cache: /assets/textures/brick_metal_cracked.png@50.0x20.0
21:34:37.181 [JavaFX Application Thread] DEBUG AssetLoader          - Loading from cache: /assets/sounds/MetalHit.wav
21:34:40.252 [JavaFX Application Thread] DEBUG AssetLoader          - Loading from cache: /assets/sounds/GlassHit.wav
21:34:40.252 [JavaFX Application Thread] DEBUG AssetLoader          - Loading from cache: /assets/sounds/Oof.wav
21:34:40.284 [JavaFX Application Thread] DEBUG AssetLoader          - Loading from cache: /assets/textures/brick_metal_cracked.png@50.0x20.0
21:34:40.285 [JavaFX Application Thread] DEBUG AssetLoader          - Loading from cache: /assets/sounds/MetalHit.wav
21:34:42.732 [JavaFX Application Thread] DEBUG AssetLoader          - Loading from cache: /assets/sounds/GlassHit.wav
21:34:42.732 [JavaFX Application Thread] DEBUG AssetLoader          - Loading from cache: /assets/sounds/Oof.wav
21:34:42.733 [JavaFX Application Thread] DEBUG AssetLoader          - Loading from cache: /assets/textures/brick_metal_hitted.png@50.0x20.0
21:34:42.733 [JavaFX Application Thread] DEBUG AssetLoader          - Loading from cache: /assets/sounds/MetalHit.wav
21:34:45.517 [JavaFX Application Thread] DEBUG AssetLoader          - Loading from cache: /assets/textures/brick_metal_hitted.png@50.0x20.0
21:34:45.517 [JavaFX Application Thread] DEBUG AssetLoader          - Loading from cache: /assets/sounds/MetalHit.wav
21:34:45.517 [JavaFX Application Thread] DEBUG AssetLoader          - Loading from cache: /assets/textures/brick_metal_cracked.png@50.0x20.0
21:34:45.517 [JavaFX Application Thread] DEBUG AssetLoader          - Loading from cache: /assets/sounds/MetalHit.wav
21:34:45.533 [JavaFX Application Thread] DEBUG AssetLoader          - Loading from cache: /assets/textures/brick_metal_hitted.png@50.0x20.0
21:34:45.533 [JavaFX Application Thread] DEBUG AssetLoader          - Loading from cache: /assets/sounds/MetalHit.wav
21:34:45.534 [JavaFX Application Thread] DEBUG AssetLoader          - Loading from cache: /assets/textures/brick_metal_cracked.png@50.0x20.0
21:34:45.534 [JavaFX Application Thread] DEBUG AssetLoader          - Loading from cache: /assets/sounds/MetalHit.wav
21:34:48.540 [JavaFX Application Thread] DEBUG AssetLoader          - Loading from cache: /assets/textures/brick_metal_cracked.png@50.0x20.0
21:34:48.540 [JavaFX Application Thread] DEBUG AssetLoader          - Loading from cache: /assets/sounds/MetalHit.wav
21:34:51.356 [JavaFX Application Thread] DEBUG AssetLoader          - Loading from cache: /assets/textures/brick_metal_cracked.png@50.0x20.0
21:34:51.356 [JavaFX Application Thread] DEBUG AssetLoader          - Loading from cache: /assets/sounds/MetalHit.wav
21:34:51.598 [JavaFX Application Thread] DEBUG AssetLoader          - Loading from cache: /assets/textures/brick_metal_cracked.png@50.0x20.0
21:34:51.598 [JavaFX Application Thread] DEBUG AssetLoader          - Loading from cache: /assets/sounds/MetalHit.wav
21:34:51.676 [JavaFX Application Thread] DEBUG AssetLoader          - Loading from cache: /assets/sounds/MetalHit.wav
21:34:51.692 [JavaFX Application Thread] DEBUG AssetLoader          - Loading from cache: /assets/sounds/GlassHit.wav
21:34:51.692 [JavaFX Application Thread] DEBUG AssetLoader          - Loading from cache: /assets/sounds/Oof.wav
21:34:51.772 [JavaFX Application Thread] DEBUG AssetLoader          - Loading from cache: /assets/textures/brick_wood2.png@50.0x20.0
21:34:51.772 [JavaFX Application Thread] DEBUG AssetLoader          - Loading from cache: /assets/sounds/WoodenHit.wav
21:34:54.845 [JavaFX Application Thread] DEBUG AssetLoader          - Loading from cache: /assets/sounds/MetalHit.wav
21:34:54.845 [JavaFX Application Thread] DEBUG AssetLoader          - Loading from cache: /assets/sounds/Oof.wav
21:34:57.837 [JavaFX Application Thread] DEBUG AssetLoader          - Loading from cache: /assets/textures/brick_metal_cracked.png@50.0x20.0
21:34:57.837 [JavaFX Application Thread] DEBUG AssetLoader          - Loading from cache: /assets/sounds/MetalHit.wav
21:35:00.684 [JavaFX Application Thread] DEBUG AssetLoader          - Loading from cache: /assets/textures/brick_metal_cracked.png@50.0x20.0
21:35:00.684 [JavaFX Application Thread] DEBUG AssetLoader          - Loading from cache: /assets/sounds/MetalHit.wav
21:35:03.548 [JavaFX Application Thread] DEBUG AssetLoader          - Loading from cache: /assets/textures/brick_metal_hitted.png@50.0x20.0
21:35:03.548 [JavaFX Application Thread] DEBUG AssetLoader          - Loading from cache: /assets/sounds/MetalHit.wav
21:35:03.564 [JavaFX Application Thread] DEBUG AssetLoader          - Loading from cache: /assets/sounds/MetalHit.wav
21:35:03.564 [JavaFX Application Thread] DEBUG AssetLoader          - Loading from cache: /assets/sounds/GlassHit.wav
21:35:03.564 [JavaFX Application Thread] DEBUG AssetLoader          - Loading from cache: /assets/sounds/Oof.wav
21:35:06.556 [JavaFX Application Thread] DEBUG AssetLoader          - Loading from cache: /assets/textures/brick_metal_hitted.png@50.0x20.0
21:35:06.556 [JavaFX Application Thread] DEBUG AssetLoader          - Loading from cache: /assets/sounds/MetalHit.wav
21:35:08.780 [JavaFX Application Thread] DEBUG AssetLoader          - Loading from cache: /assets/textures/brick_metal_hitted.png@50.0x20.0
21:35:08.780 [JavaFX Application Thread] DEBUG AssetLoader          - Loading from cache: /assets/sounds/MetalHit.wav
21:35:08.844 [JavaFX Application Thread] DEBUG AssetLoader          - Loading from cache: /assets/sounds/GlassHit.wav
21:35:08.844 [JavaFX Application Thread] DEBUG AssetLoader          - Loading from cache: /assets/sounds/Oof.wav
21:35:08.988 [JavaFX Application Thread] DEBUG AssetLoader          - Loading from cache: /assets/textures/brick_wood2.png@50.0x20.0
21:35:08.989 [JavaFX Application Thread] DEBUG AssetLoader          - Loading from cache: /assets/sounds/WoodenHit.wav
21:35:09.036 [JavaFX Application Thread] DEBUG AssetLoader          - Loading from cache: /assets/sounds/GlassHit.wav
21:35:09.037 [JavaFX Application Thread] DEBUG AssetLoader          - Loading from cache: /assets/sounds/Oof.wav
21:35:09.148 [JavaFX Application Thread] DEBUG AssetLoader          - Loading from cache: /assets/sounds/GlassHit.wav
21:35:09.149 [JavaFX Application Thread] DEBUG AssetLoader          - Loading from cache: /assets/sounds/Oof.wav
21:35:09.438 [JavaFX Application Thread] DEBUG AssetLoader          - Loading from cache: /assets/textures/brick_wood2.png@50.0x20.0
21:35:09.438 [JavaFX Application Thread] DEBUG AssetLoader          - Loading from cache: /assets/sounds/WoodenHit.wav
21:35:09.486 [JavaFX Application Thread] DEBUG AssetLoader          - Loading from cache: /assets/textures/brick_wood2.png@50.0x20.0
21:35:09.487 [JavaFX Application Thread] DEBUG AssetLoader          - Loading from cache: /assets/sounds/WoodenHit.wav
21:35:09.821 [JavaFX Application Thread] DEBUG AssetLoader          - Loading from cache: /assets/textures/brick_metal_hitted.png@50.0x20.0
21:35:09.822 [JavaFX Application Thread] DEBUG AssetLoader          - Loading from cache: /assets/sounds/MetalHit.wav
21:35:10.061 [JavaFX Application Thread] DEBUG AssetLoader          - Loading from cache: /assets/textures/brick_wood2.png@50.0x20.0
21:35:10.062 [JavaFX Application Thread] DEBUG AssetLoader          - Loading from cache: /assets/sounds/WoodenHit.wav
21:35:10.064 [JavaFX Application Thread] DEBUG AssetLoader          - Loading from cache: /assets/sounds/MetalHit.wav
21:35:10.205 [JavaFX Application Thread] DEBUG AssetLoader          - Loading from cache: /assets/textures/brick_metal_hitted.png@50.0x20.0
21:35:10.205 [JavaFX Application Thread] DEBUG AssetLoader          - Loading from cache: /assets/sounds/MetalHit.wav
21:35:10.430 [JavaFX Application Thread] DEBUG AssetLoader          - Loading from cache: /assets/textures/brick_metal_hitted.png@50.0x20.0
21:35:10.430 [JavaFX Application Thread] DEBUG AssetLoader          - Loading from cache: /assets/sounds/MetalHit.wav
21:35:10.540 [JavaFX Application Thread] DEBUG AssetLoader          - Loading from cache: /assets/textures/brick_metal_hitted.png@50.0x20.0
21:35:10.540 [JavaFX Application Thread] DEBUG AssetLoader          - Loading from cache: /assets/sounds/MetalHit.wav
21:35:10.764 [JavaFX Application Thread] DEBUG AssetLoader          - Loading from cache: /assets/textures/brick_metal_hitted.png@50.0x20.0
21:35:10.765 [JavaFX Application Thread] DEBUG AssetLoader          - Loading from cache: /assets/sounds/MetalHit.wav
21:35:10.941 [JavaFX Application Thread] DEBUG AssetLoader          - Loading from cache: /assets/textures/brick_wood2.png@50.0x20.0
21:35:10.941 [JavaFX Application Thread] DEBUG AssetLoader          - Loading from cache: /assets/sounds/WoodenHit.wav
21:35:11.181 [JavaFX Application Thread] DEBUG AssetLoader          - Loading from cache: /assets/textures/brick_metal_hitted.png@50.0x20.0
21:35:11.181 [JavaFX Application Thread] DEBUG AssetLoader          - Loading from cache: /assets/sounds/MetalHit.wav
21:35:11.516 [JavaFX Application Thread] DEBUG AssetLoader          - Loading from cache: /assets/textures/brick_wood2.png@50.0x20.0
21:35:11.516 [JavaFX Application Thread] DEBUG AssetLoader          - Loading from cache: /assets/sounds/WoodenHit.wav
21:35:11.516 [JavaFX Application Thread] DEBUG AssetLoader          - Loading from cache: /assets/sounds/WoodenHit.wav
21:35:11.516 [JavaFX Application Thread] DEBUG AssetLoader          - Loading from cache: /assets/sounds/Oof.wav
21:35:11.853 [JavaFX Application Thread] DEBUG AssetLoader          - Loading from cache: /assets/textures/brick_metal_cracked.png@50.0x20.0
21:35:11.853 [JavaFX Application Thread] DEBUG AssetLoader          - Loading from cache: /assets/sounds/MetalHit.wav
21:35:12.124 [JavaFX Application Thread] DEBUG AssetLoader          - Loading from cache: /assets/sounds/WoodenHit.wav
21:35:12.124 [JavaFX Application Thread] DEBUG AssetLoader          - Loading from cache: /assets/sounds/Oof.wav
21:35:12.333 [JavaFX Application Thread] DEBUG AssetLoader          - Loading from cache: /assets/textures/brick_metal_cracked.png@50.0x20.0
21:35:12.333 [JavaFX Application Thread] DEBUG AssetLoader          - Loading from cache: /assets/sounds/MetalHit.wav
21:35:12.556 [JavaFX Application Thread] DEBUG AssetLoader          - Loading from cache: /assets/textures/brick_metal_cracked.png@50.0x20.0
21:35:12.556 [JavaFX Application Thread] DEBUG AssetLoader          - Loading from cache: /assets/sounds/MetalHit.wav
21:35:12.765 [JavaFX Application Thread] DEBUG AssetLoader          - Loading from cache: /assets/textures/brick_metal_cracked.png@50.0x20.0
21:35:12.765 [JavaFX Application Thread] DEBUG AssetLoader          - Loading from cache: /assets/sounds/MetalHit.wav
21:35:12.989 [JavaFX Application Thread] DEBUG AssetLoader          - Loading from cache: /assets/textures/brick_metal_cracked.png@50.0x20.0
21:35:12.989 [JavaFX Application Thread] DEBUG AssetLoader          - Loading from cache: /assets/sounds/MetalHit.wav
21:35:13.230 [JavaFX Application Thread] DEBUG AssetLoader          - Loading from cache: /assets/sounds/MetalHit.wav
21:35:13.231 [JavaFX Application Thread] DEBUG AssetLoader          - Loading from cache: /assets/sounds/Oof.wav
21:35:13.485 [JavaFX Application Thread] DEBUG AssetLoader          - Loading from cache: /assets/sounds/GlassHit.wav
21:35:13.485 [JavaFX Application Thread] DEBUG AssetLoader          - Loading from cache: /assets/sounds/Oof.wav
21:35:13.836 [JavaFX Application Thread] DEBUG AssetLoader          - Loading from cache: /assets/textures/brick_metal_cracked.png@50.0x20.0
21:35:13.836 [JavaFX Application Thread] DEBUG AssetLoader          - Loading from cache: /assets/sounds/MetalHit.wav
21:35:14.236 [JavaFX Application Thread] DEBUG AssetLoader          - Loading from cache: /assets/textures/brick_wood2.png@50.0x20.0
21:35:14.236 [JavaFX Application Thread] DEBUG AssetLoader          - Loading from cache: /assets/sounds/WoodenHit.wav
21:35:14.284 [JavaFX Application Thread] DEBUG AssetLoader          - Loading from cache: /assets/sounds/MetalHit.wav
21:35:14.284 [JavaFX Application Thread] DEBUG AssetLoader          - Loading from cache: /assets/sounds/WoodenHit.wav
21:35:14.284 [JavaFX Application Thread] DEBUG AssetLoader          - Loading from cache: /assets/sounds/Oof.wav
21:35:14.637 [JavaFX Application Thread] DEBUG AssetLoader          - Loading from cache: /assets/textures/brick_metal_cracked.png@50.0x20.0
21:35:14.637 [JavaFX Application Thread] DEBUG AssetLoader          - Loading from cache: /assets/sounds/MetalHit.wav
21:35:15.036 [JavaFX Application Thread] DEBUG AssetLoader          - Loading from cache: /assets/sounds/GlassHit.wav
21:35:15.036 [JavaFX Application Thread] DEBUG AssetLoader          - Loading from cache: /assets/sounds/Oof.wav
21:35:15.485 [JavaFX Application Thread] DEBUG AssetLoader          - Loading from cache: /assets/sounds/MetalHit.wav
21:35:15.581 [JavaFX Application Thread] DEBUG AssetLoader          - Loading from cache: /assets/sounds/MetalHit.wav
21:35:16.060 [JavaFX Application Thread] DEBUG AssetLoader          - Loading from cache: /assets/textures/brick_metal_hitted.png@50.0x20.0
21:35:16.060 [JavaFX Application Thread] DEBUG AssetLoader          - Loading from cache: /assets/sounds/MetalHit.wav
21:35:16.396 [JavaFX Application Thread] DEBUG AssetLoader          - Loading from cache: /assets/textures/brick_metal_cracked.png@50.0x20.0
21:35:16.396 [JavaFX Application Thread] DEBUG AssetLoader          - Loading from cache: /assets/sounds/MetalHit.wav
21:35:16.492 [JavaFX Application Thread] DEBUG AssetLoader          - Loading from cache: /assets/sounds/WoodenHit.wav
21:35:16.492 [JavaFX Application Thread] DEBUG AssetLoader          - Loading from cache: /assets/sounds/Oof.wav
21:35:16.685 [JavaFX Application Thread] DEBUG AssetLoader          - Loading from cache: /assets/sounds/MetalHit.wav
21:35:16.685 [JavaFX Application Thread] DEBUG AssetLoader          - Loading from cache: /assets/sounds/Oof.wav
21:35:17.230 [JavaFX Application Thread] DEBUG AssetLoader          - Loading from cache: /assets/sounds/MetalHit.wav
21:35:17.436 [JavaFX Application Thread] DEBUG AssetLoader          - Loading from cache: /assets/sounds/GlassHit.wav
21:35:17.436 [JavaFX Application Thread] DEBUG AssetLoader          - Loading from cache: /assets/sounds/Oof.wav
21:35:17.646 [JavaFX Application Thread] DEBUG AssetLoader          - Loading from cache: /assets/textures/brick_wood2.png@50.0x20.0
21:35:17.647 [JavaFX Application Thread] DEBUG AssetLoader          - Loading from cache: /assets/sounds/WoodenHit.wav
21:35:17.836 [JavaFX Application Thread] DEBUG AssetLoader          - Loading from cache: /assets/sounds/GlassHit.wav
21:35:17.836 [JavaFX Application Thread] DEBUG AssetLoader          - Loading from cache: /assets/sounds/Oof.wav
21:35:18.141 [JavaFX Application Thread] DEBUG AssetLoader          - Loading from cache: /assets/textures/brick_wood2.png@50.0x20.0
21:35:18.141 [JavaFX Application Thread] DEBUG AssetLoader          - Loading from cache: /assets/sounds/WoodenHit.wav
21:35:18.492 [JavaFX Application Thread] DEBUG AssetLoader          - Loading from cache: /assets/textures/brick_wood2.png@50.0x20.0
21:35:18.492 [JavaFX Application Thread] DEBUG AssetLoader          - Loading from cache: /assets/sounds/WoodenHit.wav
21:35:18.508 [JavaFX Application Thread] DEBUG AssetLoader          - Loading from cache: /assets/textures/brick_wood2.png@50.0x20.0
21:35:18.508 [JavaFX Application Thread] DEBUG AssetLoader          - Loading from cache: /assets/sounds/WoodenHit.wav
21:35:18.876 [JavaFX Application Thread] DEBUG AssetLoader          - Loading from cache: /assets/sounds/WoodenHit.wav
21:35:18.876 [JavaFX Application Thread] DEBUG AssetLoader          - Loading from cache: /assets/sounds/Oof.wav
21:35:19.213 [JavaFX Application Thread] DEBUG AssetLoader          - Loading from cache: /assets/sounds/WoodenHit.wav
21:35:19.213 [JavaFX Application Thread] DEBUG AssetLoader          - Loading from cache: /assets/sounds/Oof.wav
21:35:19.309 [JavaFX Application Thread] DEBUG AssetLoader          - Loading from cache: /assets/sounds/GlassHit.wav
21:35:19.309 [JavaFX Application Thread] DEBUG AssetLoader          - Loading from cache: /assets/sounds/Oof.wav
21:35:19.756 [JavaFX Application Thread] DEBUG AssetLoader          - Loading from cache: /assets/sounds/GlassHit.wav
21:35:19.756 [JavaFX Application Thread] DEBUG AssetLoader          - Loading from cache: /assets/sounds/Oof.wav
21:35:19.837 [JavaFX Application Thread] DEBUG AssetLoader          - Loading from cache: /assets/sounds/GlassHit.wav
21:35:19.837 [JavaFX Application Thread] DEBUG AssetLoader          - Loading from cache: /assets/sounds/Oof.wav
21:35:20.365 [JavaFX Application Thread] DEBUG AssetLoader          - Loading from cache: /assets/sounds/GlassHit.wav
21:35:20.365 [JavaFX Application Thread] DEBUG AssetLoader          - Loading from cache: /assets/sounds/Oof.wav
21:35:20.700 [JavaFX Application Thread] DEBUG AssetLoader          - Loading from cache: /assets/textures/brick_metal_hitted.png@50.0x20.0
21:35:20.700 [JavaFX Application Thread] DEBUG AssetLoader          - Loading from cache: /assets/sounds/MetalHit.wav
21:35:20.972 [JavaFX Application Thread] DEBUG AssetLoader          - Loading from cache: /assets/textures/brick_metal_hitted.png@50.0x20.0
21:35:20.972 [JavaFX Application Thread] DEBUG AssetLoader          - Loading from cache: /assets/sounds/MetalHit.wav
21:35:21.325 [JavaFX Application Thread] DEBUG AssetLoader          - Loading from cache: /assets/sounds/MetalHit.wav
21:35:21.325 [JavaFX Application Thread] DEBUG AssetLoader          - Loading from cache: /assets/sounds/Oof.wav
21:35:21.645 [JavaFX Application Thread] DEBUG AssetLoader          - Loading from cache: /assets/textures/brick_metal_hitted.png@50.0x20.0
21:35:21.645 [JavaFX Application Thread] DEBUG AssetLoader          - Loading from cache: /assets/sounds/MetalHit.wav
21:35:22.092 [JavaFX Application Thread] DEBUG AssetLoader          - Loading from cache: /assets/textures/brick_metal_hitted.png@50.0x20.0
21:35:22.092 [JavaFX Application Thread] DEBUG AssetLoader          - Loading from cache: /assets/sounds/MetalHit.wav
21:35:24.893 [JavaFX Application Thread] DEBUG AssetLoader          - Loading from cache: /assets/textures/brick_metal_hitted.png@50.0x20.0
21:35:24.893 [JavaFX Application Thread] DEBUG AssetLoader          - Loading from cache: /assets/sounds/MetalHit.wav
21:35:28.236 [JavaFX Application Thread] DEBUG AssetLoader          - Loading from cache: /assets/textures/brick_metal_hitted.png@50.0x20.0
21:35:28.236 [JavaFX Application Thread] DEBUG AssetLoader          - Loading from cache: /assets/sounds/MetalHit.wav
21:35:33.693 [JavaFX Application Thread] DEBUG AssetLoader          - Loading from cache: /assets/textures/brick_metal_hitted.png@50.0x20.0
21:35:33.693 [JavaFX Application Thread] DEBUG AssetLoader          - Loading from cache: /assets/sounds/MetalHit.wav
21:35:36.828 [JavaFX Application Thread] DEBUG AssetLoader          - Loading from cache: /assets/textures/brick_metal_cracked.png@50.0x20.0
21:35:36.828 [JavaFX Application Thread] DEBUG AssetLoader          - Loading from cache: /assets/sounds/MetalHit.wav
21:35:38.764 [JavaFX Application Thread] DEBUG AssetLoader          - Loading from cache: /assets/textures/brick_metal_hitted.png@50.0x20.0
21:35:38.764 [JavaFX Application Thread] DEBUG AssetLoader          - Loading from cache: /assets/sounds/MetalHit.wav
21:35:38.845 [JavaFX Application Thread] DEBUG AssetLoader          - Loading from cache: /assets/sounds/MetalHit.wav
21:35:38.845 [JavaFX Application Thread] DEBUG AssetLoader          - Loading from cache: /assets/sounds/Oof.wav
21:35:41.820 [JavaFX Application Thread] DEBUG AssetLoader          - Loading from cache: /assets/textures/brick_metal_cracked.png@50.0x20.0
21:35:41.820 [JavaFX Application Thread] DEBUG AssetLoader          - Loading from cache: /assets/sounds/MetalHit.wav
21:35:42.013 [JavaFX Application Thread] DEBUG AssetLoader          - Loading from cache: /assets/textures/brick_metal_hitted.png@50.0x20.0
21:35:42.013 [JavaFX Application Thread] DEBUG AssetLoader          - Loading from cache: /assets/sounds/MetalHit.wav
21:35:42.541 [JavaFX Application Thread] DEBUG AssetLoader          - Loading from cache: /assets/textures/brick_metal_hitted.png@50.0x20.0
21:35:42.541 [JavaFX Application Thread] DEBUG AssetLoader          - Loading from cache: /assets/sounds/MetalHit.wav
21:35:46.093 [JavaFX Application Thread] DEBUG AssetLoader          - Loading from cache: /assets/textures/brick_metal_cracked.png@50.0x20.0
21:35:46.094 [JavaFX Application Thread] DEBUG AssetLoader          - Loading from cache: /assets/sounds/MetalHit.wav
21:35:49.981 [JavaFX Application Thread] DEBUG AssetLoader          - Loading from cache: /assets/textures/brick_metal_hitted.png@50.0x20.0
21:35:49.981 [JavaFX Application Thread] DEBUG AssetLoader          - Loading from cache: /assets/sounds/MetalHit.wav
21:35:50.637 [JavaFX Application Thread] DEBUG AssetLoader          - Loading from cache: /assets/sounds/GlassHit.wav
21:35:50.637 [JavaFX Application Thread] DEBUG AssetLoader          - Loading from cache: /assets/sounds/Oof.wav
21:35:50.909 [JavaFX Application Thread] DEBUG AssetLoader          - Loading from cache: /assets/textures/brick_metal_hitted.png@50.0x20.0
21:35:50.910 [JavaFX Application Thread] DEBUG AssetLoader          - Loading from cache: /assets/sounds/MetalHit.wav
21:35:55.037 [JavaFX Application Thread] DEBUG AssetLoader          - Loading from cache: /assets/textures/brick_metal_hitted.png@50.0x20.0
21:35:55.037 [JavaFX Application Thread] DEBUG AssetLoader          - Loading from cache: /assets/sounds/MetalHit.wav
21:35:55.133 [JavaFX Application Thread] DEBUG AssetLoader          - Loading from cache: /assets/textures/brick_metal_hitted.png@50.0x20.0
21:35:55.133 [JavaFX Application Thread] DEBUG AssetLoader          - Loading from cache: /assets/sounds/MetalHit.wav
21:35:55.533 [JavaFX Application Thread] DEBUG AssetLoader          - Loading from cache: /assets/sounds/MetalHit.wav
21:35:58.797 [JavaFX Application Thread] DEBUG AssetLoader          - Loading from cache: /assets/textures/brick_metal_cracked.png@50.0x20.0
21:35:58.797 [JavaFX Application Thread] DEBUG AssetLoader          - Loading from cache: /assets/sounds/MetalHit.wav
21:35:59.229 [JavaFX Application Thread] DEBUG AssetLoader          - Loading from cache: /assets/textures/brick_metal_cracked.png@50.0x20.0
21:35:59.229 [JavaFX Application Thread] DEBUG AssetLoader          - Loading from cache: /assets/sounds/MetalHit.wav
21:36:02.380 [JavaFX Application Thread] DEBUG AssetLoader          - Loading from cache: /assets/textures/brick_metal_hitted.png@50.0x20.0
21:36:02.380 [JavaFX Application Thread] DEBUG AssetLoader          - Loading from cache: /assets/sounds/MetalHit.wav
21:36:05.405 [JavaFX Application Thread] DEBUG AssetLoader          - Loading from cache: /assets/textures/brick_metal_cracked.png@50.0x20.0
21:36:05.405 [JavaFX Application Thread] DEBUG AssetLoader          - Loading from cache: /assets/sounds/MetalHit.wav
21:36:08.860 [JavaFX Application Thread] DEBUG AssetLoader          - Loading from cache: /assets/textures/brick_metal_cracked.png@50.0x20.0
21:36:08.860 [JavaFX Application Thread] DEBUG AssetLoader          - Loading from cache: /assets/sounds/MetalHit.wav
21:36:09.132 [JavaFX Application Thread] DEBUG AssetLoader          - Loading from cache: /assets/textures/brick_metal_hitted.png@50.0x20.0
21:36:09.132 [JavaFX Application Thread] DEBUG AssetLoader          - Loading from cache: /assets/sounds/MetalHit.wav
21:36:09.597 [JavaFX Application Thread] DEBUG AssetLoader          - Loading from cache: /assets/textures/brick_metal_hitted.png@50.0x20.0
21:36:09.597 [JavaFX Application Thread] DEBUG AssetLoader          - Loading from cache: /assets/sounds/MetalHit.wav
21:36:10.284 [JavaFX Application Thread] DEBUG AssetLoader          - Loading from cache: /assets/textures/brick_metal_cracked.png@50.0x20.0
21:36:10.284 [JavaFX Application Thread] DEBUG AssetLoader          - Loading from cache: /assets/sounds/MetalHit.wav
21:36:10.381 [JavaFX Application Thread] DEBUG AssetLoader          - Loading from cache: /assets/textures/brick_metal_hitted.png@50.0x20.0
21:36:10.381 [JavaFX Application Thread] DEBUG AssetLoader          - Loading from cache: /assets/sounds/MetalHit.wav
21:36:14.220 [JavaFX Application Thread] DEBUG AssetLoader          - Loading from cache: /assets/textures/brick_metal_cracked.png@50.0x20.0
21:36:14.220 [JavaFX Application Thread] DEBUG AssetLoader          - Loading from cache: /assets/sounds/MetalHit.wav
21:36:14.685 [JavaFX Application Thread] DEBUG AssetLoader          - Loading from cache: /assets/textures/brick_metal_hitted.png@50.0x20.0
21:36:14.685 [JavaFX Application Thread] DEBUG AssetLoader          - Loading from cache: /assets/sounds/MetalHit.wav
21:36:18.348 [JavaFX Application Thread] DEBUG AssetLoader          - Loading from cache: /assets/textures/brick_metal_cracked.png@50.0x20.0
21:36:18.348 [JavaFX Application Thread] DEBUG AssetLoader          - Loading from cache: /assets/sounds/MetalHit.wav
21:36:21.628 [JavaFX Application Thread] DEBUG AssetLoader          - Loading from cache: /assets/textures/brick_metal_cracked.png@50.0x20.0
21:36:21.628 [JavaFX Application Thread] DEBUG AssetLoader          - Loading from cache: /assets/sounds/MetalHit.wav
21:36:21.630 [JavaFX Application Thread] DEBUG AssetLoader          - Loading from cache: /assets/ui/fonts/VarelaRound-Regular.ttf
21:36:21.630 [JavaFX Application Thread] DEBUG AssetLoader          - Loading from cache: /assets/ui/fonts/VarelaRound-Regular.ttf
21:36:21.630 [JavaFX Application Thread] DEBUG AssetLoader          - Loading from cache: /assets/properties/languages/english.properties
21:36:21.631 [JavaFX Application Thread] DEBUG AssetLoader          - Loading from cache: /assets/ui/fonts/VarelaRound-Regular.ttf
21:36:21.631 [JavaFX Application Thread] DEBUG AssetLoader          - Loading from cache: /assets/properties/languages/english.properties
21:36:21.632 [JavaFX Application Thread] DEBUG AssetLoader          - Loading from cache: /assets/ui/fonts/VarelaRound-Regular.ttf
21:36:21.633 [JavaFX Application Thread] DEBUG AppStateMachine      - Push state: DialogSubState
21:36:21.633 [JavaFX Application Thread] DEBUG Input                - Clearing active input actions
21:36:21.633 [JavaFX Application Thread] DEBUG AppStateMachine      - PlayState -> DialogSubState
21:36:21.635 [JavaFX Application Thread] DEBUG AssetLoader          - Loading from cache: /assets/sounds/GlassHit.wav
21:36:21.635 [JavaFX Application Thread] DEBUG AssetLoader          - Loading from cache: /assets/sounds/Oof.wav
21:36:23.181 [JavaFX Application Thread] DEBUG AssetLoader          - Loading from cache: /assets/sounds/menu/select.wav
21:36:23.611 [JavaFX Application Thread] DEBUG AssetLoader          - Loading from cache: /assets/sounds/menu/select.wav
21:36:23.905 [JavaFX Application Thread] DEBUG AppStateMachine      - Pop state: DialogSubState
21:36:23.905 [JavaFX Application Thread] DEBUG Input                - Clearing active input actions
21:36:23.906 [JavaFX Application Thread] DEBUG AppStateMachine      - PlayState <- DialogSubState
21:36:23.906 [JavaFX Application Thread] DEBUG FXGL                 - Exiting FXGL
21:36:23.906 [JavaFX Application Thread] DEBUG FXGL                 - Shutting down background threads
21:36:23.906 [JavaFX Application Thread] DEBUG FXGL                 - Saving FXGL system data
21:36:23.910 [JavaFX Application Thread] DEBUG DesktopFSService     - Writing to: system\fxgl.bundle
21:36:24.054 [JavaFX Application Thread] DEBUG FXGL                 - Closing logger and exiting JavaFX
