02:56:05.518 [JavaFX Application Thread] DEBUG GameApplication      - Logger initialized
02:56:05.546 [JavaFX Application Thread] DEBUG GameApplication      - Logging settings
Title: Breakout
Version: 0.1
Width: 600
Height: 700
Fullscreen: false
Intro: false
Menus: false
Profiling: false
Single step:false
App Mode: DEVELOPER
Menu Key: ESCAPE
Stage Style: DECORATED
Scene Factory: class com.almasb.fxgl.scene.SceneFactory
Dialog Factory: class com.almasb.fxgl.ui.FXGLDialogFactory
UI Factory: class com.almasb.fxgl.ui.FXGLUIFactory
Notification Service: class com.almasb.fxgl.gameplay.notification.XboxNotificationView
Exception Handler: class com.almasb.fxgl.app.FXGLExceptionHandler
02:56:05.547 [JavaFX Application Thread] DEBUG GameApplication      - Starting FXGL
02:56:05.563 [JavaFX Application Thread] INFO  FXGL                 - FXGL-0.5.4 on DESKTOP
02:56:05.563 [JavaFX Application Thread] INFO  FXGL                 - Source code and latest versions at: https://github.com/AlmasB/FXGL
02:56:05.564 [JavaFX Application Thread] INFO  FXGL                 -              Join the FXGL chat at: https://gitter.im/AlmasB/FXGL
02:56:05.564 [JavaFX Application Thread] DEBUG FXGL                 - FXGL started
02:56:05.565 [JavaFX Application Thread] DEBUG FXGL                 - Initializing FXGL
02:56:05.639 [JavaFX Application Thread] DEBUG AssetLoader          - Loading from disk: /assets/ui/cursors/fxgl_default.png
02:56:05.748 [JavaFX Application Thread] DEBUG AssetLoader          - Loading from disk: /assets/ui/fonts/VarelaRound-Regular.ttf
02:56:06.032 [JavaFX Application Thread] DEBUG MainWindow           - Creating a JavaFX scene
02:56:06.114 [JavaFX Application Thread] DEBUG MainWindow           - Target settings size: 600.0 x 700.0
02:56:06.114 [JavaFX Application Thread] DEBUG MainWindow           - Scaled scene size:    600.0 x 700.0
02:56:06.115 [JavaFX Application Thread] DEBUG MainWindow           - Scaled ratio: (1.0, 1.0)
02:56:06.120 [JavaFX Application Thread] DEBUG AssetLoader          - Loading from disk: /assets/ui/css/fxgl_dark.css
02:56:06.140 [JavaFX Application Thread] DEBUG AssetLoader          - Loading from disk: /assets/textures/fxgl_icon.png
02:56:06.206 [JavaFX Application Thread] DEBUG MainWindow           - Opening main window
02:56:06.638 [JavaFX Application Thread] DEBUG MainWindow           - Window border size: (6.0, 29.0)
02:56:06.655 [JavaFX Application Thread] DEBUG MainWindow           - Scaled size: 600.0 x 700.0
02:56:06.655 [JavaFX Application Thread] DEBUG MainWindow           - Scaled ratio: (1.0, 1.0)
02:56:06.655 [JavaFX Application Thread] DEBUG MainWindow           - Scene size: 600.0 x 700.0
02:56:06.656 [JavaFX Application Thread] DEBUG MainWindow           - Stage size: 606.0 x 729.0
02:56:06.916 [ForkJoinPool.commonPool-worker-1] DEBUG FS                   - Loaded DesktopFSService
02:56:06.918 [ForkJoinPool.commonPool-worker-1] DEBUG FXGL                 - Loading FXGL system data
02:56:06.957 [ForkJoinPool.commonPool-worker-1] DEBUG DesktopFSService     - Reading from: system\fxgl.bundle
02:56:06.975 [ForkJoinPool.commonPool-worker-1] DEBUG Bundle               - Logging bundle: FXGL
02:56:06.976 [ForkJoinPool.commonPool-worker-1] DEBUG Bundle               - FXGL.offline.timer.version.check=2018-12-02T17:17:06.777
02:56:06.978 [ForkJoinPool.commonPool-worker-1] DEBUG FXGL                 - Initializing state machine and application states
02:56:06.981 [ForkJoinPool.commonPool-worker-1] DEBUG AssetLoader          - Loading from disk: /assets/ui/cursors/fxgl_default.png
02:56:06.992 [ForkJoinPool.commonPool-worker-1] DEBUG AssetLoader          - Loading from disk: /assets/ui/cursors/fxgl_default.png
02:56:07.004 [ForkJoinPool.commonPool-worker-1] DEBUG AssetLoader          - Loading from cache: /assets/ui/fonts/VarelaRound-Regular.ttf
02:56:07.009 [ForkJoinPool.commonPool-worker-1] DEBUG AssetLoader          - Loading from disk: /assets/ui/cursors/fxgl_default.png
02:56:07.015 [ForkJoinPool.commonPool-worker-1] DEBUG GameScene            - Game scene initialized: 600x700
02:56:07.046 [ForkJoinPool.commonPool-worker-1] DEBUG GameWorld            - Game world initialized
02:56:07.173 [ForkJoinPool.commonPool-worker-1] DEBUG PhysicsWorld         - Physics world initialized: appHeight=700, physics.ppm=50,0
02:56:07.215 [ForkJoinPool.commonPool-worker-1] DEBUG Input                - Registered new binding: Pause - Esc
02:56:07.311 [JavaFX Application Thread] DEBUG FXGL                 - Running preInit()
02:56:07.314 [JavaFX Application Thread] DEBUG Input                - Registered new binding: Screenshot - P
02:56:07.315 [JavaFX Application Thread] DEBUG Input                - Registered new binding: Dev Options - CTRL+0
02:56:07.316 [JavaFX Application Thread] DEBUG Input                - Registered new binding: System info dump - CTRL+9
02:56:07.317 [JavaFX Application Thread] DEBUG Input                - Registered new binding: Restart - CTRL+R
02:56:07.317 [JavaFX Application Thread] DEBUG Input                - Registered new binding: New ball - Space
02:56:07.318 [JavaFX Application Thread] DEBUG Input                - Registered new binding: Move Left - A
02:56:07.319 [JavaFX Application Thread] DEBUG Input                - Registered new binding: Move Right - D
02:56:07.319 [JavaFX Application Thread] DEBUG Input                - Registered new binding: Add Level - N
02:56:07.320 [JavaFX Application Thread] DEBUG Input                - Registered new binding: Enable Level values editor - M
02:56:07.320 [JavaFX Application Thread] DEBUG Input                - Registered new binding: Show tutorial - T
02:56:07.323 [JavaFX Application Thread] DEBUG AssetLoader          - Loading from cache: /assets/ui/fonts/VarelaRound-Regular.ttf
02:56:07.330 [JavaFX Application Thread] DEBUG AssetLoader          - Loading from cache: /assets/ui/fonts/VarelaRound-Regular.ttf
02:56:07.336 [JavaFX Application Thread] DEBUG AssetLoader          - Loading from disk: /assets/properties/languages/english.properties
02:56:07.342 [JavaFX Application Thread] DEBUG AssetLoader          - Loading from cache: /assets/ui/fonts/VarelaRound-Regular.ttf
02:56:07.344 [JavaFX Application Thread] DEBUG AppStateMachine      - Push state: DialogSubState
02:56:07.344 [JavaFX Application Thread] DEBUG Input                - Clearing active input actions
02:56:07.344 [JavaFX Application Thread] DEBUG AppStateMachine      - StartupState -> DialogSubState
02:56:07.364 [JavaFX Application Thread] DEBUG AssetLoader          - Loading from cache: /assets/ui/fonts/VarelaRound-Regular.ttf
02:56:07.379 [JavaFX Application Thread] DEBUG AssetLoader          - Loading from cache: /assets/ui/fonts/VarelaRound-Regular.ttf
02:56:07.379 [JavaFX Application Thread] DEBUG AssetLoader          - Loading from cache: /assets/ui/fonts/VarelaRound-Regular.ttf
02:56:07.380 [JavaFX Application Thread] DEBUG AssetLoader          - Loading from cache: /assets/properties/languages/english.properties
02:56:07.383 [JavaFX Application Thread] DEBUG AssetLoader          - Loading from cache: /assets/ui/fonts/VarelaRound-Regular.ttf
02:56:07.389 [JavaFX Application Thread] DEBUG AssetLoader          - Loading from cache: /assets/ui/fonts/VarelaRound-Regular.ttf
02:56:07.390 [JavaFX Application Thread] DEBUG AssetLoader          - Loading from cache: /assets/ui/fonts/VarelaRound-Regular.ttf
02:56:07.390 [JavaFX Application Thread] DEBUG AssetLoader          - Loading from cache: /assets/ui/fonts/VarelaRound-Regular.ttf
02:56:07.390 [JavaFX Application Thread] DEBUG AssetLoader          - Loading from cache: /assets/properties/languages/english.properties
02:56:07.391 [JavaFX Application Thread] DEBUG AssetLoader          - Loading from cache: /assets/ui/fonts/VarelaRound-Regular.ttf
02:56:07.394 [JavaFX Application Thread] DEBUG AssetLoader          - Loading from cache: /assets/ui/fonts/VarelaRound-Regular.ttf
02:56:07.394 [JavaFX Application Thread] DEBUG AssetLoader          - Loading from cache: /assets/ui/fonts/VarelaRound-Regular.ttf
02:56:07.395 [JavaFX Application Thread] DEBUG AssetLoader          - Loading from cache: /assets/ui/fonts/VarelaRound-Regular.ttf
02:56:07.395 [JavaFX Application Thread] DEBUG AssetLoader          - Loading from cache: /assets/properties/languages/english.properties
02:56:07.396 [JavaFX Application Thread] DEBUG AssetLoader          - Loading from cache: /assets/ui/fonts/VarelaRound-Regular.ttf
02:56:07.398 [JavaFX Application Thread] DEBUG AssetLoader          - Loading from cache: /assets/ui/fonts/VarelaRound-Regular.ttf
02:56:07.398 [JavaFX Application Thread] DEBUG AssetLoader          - Loading from cache: /assets/ui/fonts/VarelaRound-Regular.ttf
02:56:07.398 [JavaFX Application Thread] DEBUG AssetLoader          - Loading from cache: /assets/properties/languages/english.properties
02:56:07.399 [JavaFX Application Thread] DEBUG AssetLoader          - Loading from cache: /assets/ui/fonts/VarelaRound-Regular.ttf
02:56:07.401 [JavaFX Application Thread] INFO  FXGL                 - FXGL initialization took: 1,836 sec
02:56:07.401 [JavaFX Application Thread] DEBUG LoopRunner           - Starting loop
02:56:09.997 [JavaFX Application Thread] DEBUG AssetLoader          - Loading from cache: /assets/ui/fonts/VarelaRound-Regular.ttf
02:56:16.679 [JavaFX Application Thread] DEBUG AssetLoader          - Loading from cache: /assets/sounds/menu/select.wav
02:56:17.053 [JavaFX Application Thread] DEBUG AssetLoader          - Loading from cache: /assets/ui/fonts/VarelaRound-Regular.ttf
02:56:22.768 [JavaFX Application Thread] DEBUG AssetLoader          - Loading from cache: /assets/sounds/menu/select.wav
02:56:23.322 [JavaFX Application Thread] DEBUG AssetLoader          - Loading from cache: /assets/ui/fonts/VarelaRound-Regular.ttf
02:56:24.205 [JavaFX Application Thread] DEBUG AssetLoader          - Loading from cache: /assets/sounds/menu/select.wav
02:56:25.956 [JavaFX Application Thread] DEBUG AssetLoader          - Loading from cache: /assets/ui/fonts/VarelaRound-Regular.ttf
02:56:26.777 [JavaFX Application Thread] DEBUG AssetLoader          - Loading from cache: /assets/sounds/menu/select.wav
02:56:33.976 [JavaFX Application Thread] DEBUG AppStateMachine      - Pop state: DialogSubState
02:56:33.976 [JavaFX Application Thread] DEBUG Input                - Clearing active input actions
02:56:33.977 [JavaFX Application Thread] DEBUG AppStateMachine      - StartupState <- DialogSubState
02:56:33.980 [JavaFX Application Thread] DEBUG StartupState         - STARTUP
02:56:33.980 [JavaFX Application Thread] DEBUG GameApplication      - Starting new game
02:56:33.980 [JavaFX Application Thread] DEBUG Input                - Clearing active input actions
02:56:33.980 [JavaFX Application Thread] DEBUG AssetLoader          - Loading from disk: /assets/ui/css/fxgl_dark.css
02:56:33.990 [JavaFX Application Thread] DEBUG AppStateMachine      - StartupState -> LoadingState
02:56:33.999 [FXGL Background Thread 1 ] DEBUG InitAppTask          - Clearing previous game
02:56:33.999 [FXGL Background Thread 1 ] DEBUG GameWorld            - Clearing game world
02:56:34.000 [FXGL Background Thread 1 ] DEBUG PhysicsWorld         - Clearing physics world
02:56:34.000 [FXGL Background Thread 1 ] DEBUG GameScene            - Clearing game scene
02:56:34.002 [FXGL Background Thread 1 ] DEBUG InitAppTask          - Initializing Game
02:56:34.125 [FXGL Background Thread 1 ] DEBUG AudioPlayer          - Playing music com.almasb.fxgl.audio.Music@2821140
02:56:34.133 [FXGL Background Thread 1 ] DEBUG GameScene            - Creating render group for layer: BACKGROUND(1000)
02:56:34.201 [FXGL Background Thread 1 ] DEBUG GameScene            - Creating render group for layer: DEFAULT(100000)
02:56:34.201 [FXGL Background Thread 1 ] DEBUG InitAppTask          - Initializing Physics
02:56:34.202 [FXGL Background Thread 1 ] DEBUG InitAppTask          - Initializing UI
02:56:34.204 [FXGL Background Thread 1 ] DEBUG InitAppTask          - Initialization Complete
02:56:34.205 [FXGL Background Thread 1 ] INFO  InitAppTask          - Game initialization took: 0,205 sec
02:56:34.215 [JavaFX Application Thread] DEBUG Input                - Clearing active input actions
02:56:34.216 [JavaFX Application Thread] DEBUG AssetLoader          - Loading from disk: /assets/ui/css/fxgl_dark.css
02:56:34.223 [JavaFX Application Thread] DEBUG AppStateMachine      - LoadingState -> PlayState
02:56:43.134 [JavaFX Application Thread] DEBUG AssetLoader          - Loading from cache: /assets/sounds/GlassHit.wav
02:56:43.134 [JavaFX Application Thread] DEBUG AssetLoader          - Loading from cache: /assets/sounds/Oof.wav
02:56:46.269 [JavaFX Application Thread] DEBUG AssetLoader          - Loading from cache: /assets/sounds/GlassHit.wav
02:56:46.269 [JavaFX Application Thread] DEBUG AssetLoader          - Loading from cache: /assets/sounds/Oof.wav
02:56:49.404 [JavaFX Application Thread] DEBUG AssetLoader          - Loading from cache: /assets/sounds/GlassHit.wav
02:56:49.404 [JavaFX Application Thread] DEBUG AssetLoader          - Loading from cache: /assets/sounds/Oof.wav
02:56:52.380 [JavaFX Application Thread] DEBUG AssetLoader          - Loading from cache: /assets/sounds/GlassHit.wav
02:56:52.380 [JavaFX Application Thread] DEBUG AssetLoader          - Loading from cache: /assets/sounds/Oof.wav
02:56:55.292 [JavaFX Application Thread] DEBUG AssetLoader          - Loading from cache: /assets/sounds/GlassHit.wav
02:56:55.292 [JavaFX Application Thread] DEBUG AssetLoader          - Loading from cache: /assets/sounds/Oof.wav
02:57:01.550 [JavaFX Application Thread] DEBUG AssetLoader          - Loading from cache: /assets/sounds/GlassHit.wav
02:57:01.550 [JavaFX Application Thread] DEBUG AssetLoader          - Loading from cache: /assets/sounds/Oof.wav
02:57:01.550 [JavaFX Application Thread] DEBUG AssetLoader          - Loading from cache: /assets/sounds/GlassHit.wav
02:57:01.551 [JavaFX Application Thread] DEBUG AssetLoader          - Loading from cache: /assets/sounds/Oof.wav
02:57:04.652 [JavaFX Application Thread] DEBUG AssetLoader          - Loading from cache: /assets/sounds/WoodenHit.wav
02:57:07.900 [JavaFX Application Thread] DEBUG AssetLoader          - Loading from cache: /assets/sounds/WoodenHit.wav
02:57:07.900 [JavaFX Application Thread] DEBUG AssetLoader          - Loading from cache: /assets/sounds/GlassHit.wav
02:57:07.900 [JavaFX Application Thread] DEBUG AssetLoader          - Loading from cache: /assets/sounds/Oof.wav
02:57:11.501 [JavaFX Application Thread] DEBUG AssetLoader          - Loading from cache: /assets/sounds/WoodenHit.wav
02:57:14.861 [JavaFX Application Thread] DEBUG AssetLoader          - Loading from cache: /assets/sounds/WoodenHit.wav
02:57:14.861 [JavaFX Application Thread] DEBUG AssetLoader          - Loading from cache: /assets/sounds/Oof.wav
02:57:18.172 [JavaFX Application Thread] DEBUG AssetLoader          - Loading from cache: /assets/sounds/MetalHit.wav
02:57:21.436 [JavaFX Application Thread] DEBUG AssetLoader          - Loading from cache: /assets/sounds/WoodenHit.wav
02:57:25.756 [JavaFX Application Thread] DEBUG AssetLoader          - Loading from cache: /assets/sounds/WoodenHit.wav
02:57:27.662 [JavaFX Application Thread] DEBUG AssetLoader          - Loading from cache: /assets/ui/fonts/VarelaRound-Regular.ttf
02:57:27.663 [JavaFX Application Thread] DEBUG AssetLoader          - Loading from cache: /assets/ui/fonts/VarelaRound-Regular.ttf
02:57:27.663 [JavaFX Application Thread] DEBUG AssetLoader          - Loading from cache: /assets/properties/languages/english.properties
02:57:27.665 [JavaFX Application Thread] DEBUG AssetLoader          - Loading from cache: /assets/ui/fonts/VarelaRound-Regular.ttf
02:57:27.665 [JavaFX Application Thread] DEBUG AssetLoader          - Loading from cache: /assets/properties/languages/english.properties
02:57:27.666 [JavaFX Application Thread] DEBUG AssetLoader          - Loading from cache: /assets/ui/fonts/VarelaRound-Regular.ttf
02:57:27.667 [JavaFX Application Thread] DEBUG AppStateMachine      - Push state: DialogSubState
02:57:27.667 [JavaFX Application Thread] DEBUG Input                - Clearing active input actions
02:57:27.670 [JavaFX Application Thread] DEBUG AppStateMachine      - PlayState -> DialogSubState
02:57:28.367 [JavaFX Application Thread] DEBUG AssetLoader          - Loading from cache: /assets/sounds/menu/select.wav
02:57:30.100 [JavaFX Application Thread] DEBUG AssetLoader          - Loading from cache: /assets/sounds/menu/select.wav
02:57:33.050 [JavaFX Application Thread] DEBUG AssetLoader          - Loading from cache: /assets/sounds/menu/select.wav
02:57:35.485 [JavaFX Application Thread] DEBUG AppStateMachine      - Pop state: DialogSubState
02:57:35.485 [JavaFX Application Thread] DEBUG Input                - Clearing active input actions
02:57:35.486 [JavaFX Application Thread] DEBUG AppStateMachine      - PlayState <- DialogSubState
02:57:35.486 [JavaFX Application Thread] DEBUG FXGL                 - Exiting FXGL
02:57:35.486 [JavaFX Application Thread] DEBUG FXGL                 - Shutting down background threads
02:57:35.487 [JavaFX Application Thread] DEBUG FXGL                 - Saving FXGL system data
02:57:35.492 [JavaFX Application Thread] DEBUG DesktopFSService     - Writing to: system\fxgl.bundle
02:57:35.502 [JavaFX Application Thread] DEBUG FXGL                 - Closing logger and exiting JavaFX
