01:58:01.504 [JavaFX Application Thread] DEBUG GameApplication      - Logger initialized
01:58:01.531 [JavaFX Application Thread] DEBUG GameApplication      - Logging settings
Title: Breakout
Version: 0.1
Width: 600
Height: 700
Fullscreen: false
Intro: false
Menus: false
Profiling: false
Single step:false
App Mode: DEVELOPER
Menu Key: ESCAPE
Stage Style: DECORATED
Scene Factory: class com.almasb.fxgl.scene.SceneFactory
Dialog Factory: class com.almasb.fxgl.ui.FXGLDialogFactory
UI Factory: class com.almasb.fxgl.ui.FXGLUIFactory
Notification Service: class com.almasb.fxgl.gameplay.notification.XboxNotificationView
Exception Handler: class com.almasb.fxgl.app.FXGLExceptionHandler
01:58:01.531 [JavaFX Application Thread] DEBUG GameApplication      - Starting FXGL
01:58:01.556 [JavaFX Application Thread] INFO  FXGL                 - FXGL-0.5.4 on DESKTOP
01:58:01.556 [JavaFX Application Thread] INFO  FXGL                 - Source code and latest versions at: https://github.com/AlmasB/FXGL
01:58:01.557 [JavaFX Application Thread] INFO  FXGL                 -              Join the FXGL chat at: https://gitter.im/AlmasB/FXGL
01:58:01.557 [JavaFX Application Thread] DEBUG FXGL                 - FXGL started
01:58:01.558 [JavaFX Application Thread] DEBUG FXGL                 - Initializing FXGL
01:58:01.675 [JavaFX Application Thread] DEBUG AssetLoader          - Loading from disk: /assets/ui/cursors/fxgl_default.png
01:58:01.760 [JavaFX Application Thread] DEBUG AssetLoader          - Loading from disk: /assets/ui/fonts/VarelaRound-Regular.ttf
01:58:02.120 [JavaFX Application Thread] DEBUG MainWindow           - Creating a JavaFX scene
01:58:02.329 [JavaFX Application Thread] DEBUG MainWindow           - Target settings size: 600.0 x 700.0
01:58:02.330 [JavaFX Application Thread] DEBUG MainWindow           - Scaled scene size:    600.0 x 700.0
01:58:02.330 [JavaFX Application Thread] DEBUG MainWindow           - Scaled ratio: (1.0, 1.0)
01:58:02.337 [JavaFX Application Thread] DEBUG AssetLoader          - Loading from disk: /assets/ui/css/fxgl_dark.css
01:58:02.360 [JavaFX Application Thread] DEBUG AssetLoader          - Loading from disk: /assets/textures/fxgl_icon.png
01:58:02.446 [JavaFX Application Thread] DEBUG MainWindow           - Opening main window
01:58:03.073 [JavaFX Application Thread] DEBUG MainWindow           - Window border size: (6.0, 29.0)
01:58:03.074 [JavaFX Application Thread] DEBUG MainWindow           - Scaled size: 600.0 x 700.0
01:58:03.074 [JavaFX Application Thread] DEBUG MainWindow           - Scaled ratio: (1.0, 1.0)
01:58:03.074 [JavaFX Application Thread] DEBUG MainWindow           - Scene size: 600.0 x 700.0
01:58:03.074 [JavaFX Application Thread] DEBUG MainWindow           - Stage size: 606.0 x 729.0
01:58:03.221 [ForkJoinPool.commonPool-worker-1] DEBUG FS                   - Loaded DesktopFSService
01:58:03.222 [ForkJoinPool.commonPool-worker-1] DEBUG FXGL                 - Loading FXGL system data
01:58:03.232 [ForkJoinPool.commonPool-worker-1] DEBUG DesktopFSService     - Reading from: system\fxgl.bundle
01:58:03.250 [ForkJoinPool.commonPool-worker-1] DEBUG Bundle               - Logging bundle: FXGL
01:58:03.253 [ForkJoinPool.commonPool-worker-1] DEBUG Bundle               - FXGL.offline.timer.version.check=2018-12-02T17:17:06.777
01:58:03.254 [ForkJoinPool.commonPool-worker-1] DEBUG FXGL                 - Initializing state machine and application states
01:58:03.258 [ForkJoinPool.commonPool-worker-1] DEBUG AssetLoader          - Loading from disk: /assets/ui/cursors/fxgl_default.png
01:58:03.268 [ForkJoinPool.commonPool-worker-1] DEBUG AssetLoader          - Loading from disk: /assets/ui/cursors/fxgl_default.png
01:58:03.280 [ForkJoinPool.commonPool-worker-1] DEBUG AssetLoader          - Loading from cache: /assets/ui/fonts/VarelaRound-Regular.ttf
01:58:03.287 [ForkJoinPool.commonPool-worker-1] DEBUG AssetLoader          - Loading from disk: /assets/ui/cursors/fxgl_default.png
01:58:03.295 [ForkJoinPool.commonPool-worker-1] DEBUG GameScene            - Game scene initialized: 600x700
01:58:03.326 [ForkJoinPool.commonPool-worker-1] DEBUG GameWorld            - Game world initialized
01:58:03.457 [ForkJoinPool.commonPool-worker-1] DEBUG PhysicsWorld         - Physics world initialized: appHeight=700, physics.ppm=50,0
01:58:03.507 [ForkJoinPool.commonPool-worker-1] DEBUG Input                - Registered new binding: Pause - Esc
01:58:03.608 [JavaFX Application Thread] DEBUG FXGL                 - Running preInit()
01:58:03.611 [JavaFX Application Thread] DEBUG Input                - Registered new binding: Screenshot - P
01:58:03.612 [JavaFX Application Thread] DEBUG Input                - Registered new binding: Dev Options - CTRL+0
01:58:03.613 [JavaFX Application Thread] DEBUG Input                - Registered new binding: System info dump - CTRL+9
01:58:03.614 [JavaFX Application Thread] DEBUG Input                - Registered new binding: Restart - CTRL+R
01:58:03.614 [JavaFX Application Thread] DEBUG Input                - Registered new binding: New ball - Space
01:58:03.614 [JavaFX Application Thread] DEBUG Input                - Registered new binding: Move Left - A
01:58:03.615 [JavaFX Application Thread] DEBUG Input                - Registered new binding: Move Right - D
01:58:03.615 [JavaFX Application Thread] DEBUG Input                - Registered new binding: Add Level - N
01:58:03.615 [JavaFX Application Thread] DEBUG Input                - Registered new binding: Enable Level values editor - T
01:58:03.621 [JavaFX Application Thread] DEBUG AssetLoader          - Loading from cache: /assets/ui/fonts/VarelaRound-Regular.ttf
01:58:03.636 [JavaFX Application Thread] DEBUG AssetLoader          - Loading from cache: /assets/ui/fonts/VarelaRound-Regular.ttf
01:58:03.643 [JavaFX Application Thread] DEBUG AssetLoader          - Loading from cache: /assets/ui/fonts/VarelaRound-Regular.ttf
01:58:03.646 [JavaFX Application Thread] DEBUG AssetLoader          - Loading from disk: /assets/properties/languages/english.properties
01:58:03.653 [JavaFX Application Thread] DEBUG AssetLoader          - Loading from cache: /assets/ui/fonts/VarelaRound-Regular.ttf
01:58:03.655 [JavaFX Application Thread] DEBUG AppStateMachine      - Push state: DialogSubState
01:58:03.655 [JavaFX Application Thread] DEBUG Input                - Clearing active input actions
01:58:03.656 [JavaFX Application Thread] DEBUG AppStateMachine      - StartupState -> DialogSubState
01:58:03.677 [JavaFX Application Thread] DEBUG AssetLoader          - Loading from cache: /assets/ui/fonts/VarelaRound-Regular.ttf
01:58:03.678 [JavaFX Application Thread] DEBUG AssetLoader          - Loading from cache: /assets/ui/fonts/VarelaRound-Regular.ttf
01:58:03.678 [JavaFX Application Thread] DEBUG AssetLoader          - Loading from cache: /assets/ui/fonts/VarelaRound-Regular.ttf
01:58:03.678 [JavaFX Application Thread] DEBUG AssetLoader          - Loading from cache: /assets/properties/languages/english.properties
01:58:03.680 [JavaFX Application Thread] DEBUG AssetLoader          - Loading from cache: /assets/ui/fonts/VarelaRound-Regular.ttf
01:58:03.683 [JavaFX Application Thread] DEBUG AssetLoader          - Loading from cache: /assets/ui/fonts/VarelaRound-Regular.ttf
01:58:03.684 [JavaFX Application Thread] DEBUG AssetLoader          - Loading from cache: /assets/ui/fonts/VarelaRound-Regular.ttf
01:58:03.684 [JavaFX Application Thread] DEBUG AssetLoader          - Loading from cache: /assets/ui/fonts/VarelaRound-Regular.ttf
01:58:03.685 [JavaFX Application Thread] DEBUG AssetLoader          - Loading from cache: /assets/properties/languages/english.properties
01:58:03.686 [JavaFX Application Thread] DEBUG AssetLoader          - Loading from cache: /assets/ui/fonts/VarelaRound-Regular.ttf
01:58:03.689 [JavaFX Application Thread] DEBUG AssetLoader          - Loading from cache: /assets/ui/fonts/VarelaRound-Regular.ttf
01:58:03.689 [JavaFX Application Thread] DEBUG AssetLoader          - Loading from cache: /assets/ui/fonts/VarelaRound-Regular.ttf
01:58:03.690 [JavaFX Application Thread] DEBUG AssetLoader          - Loading from cache: /assets/properties/languages/english.properties
01:58:03.691 [JavaFX Application Thread] DEBUG AssetLoader          - Loading from cache: /assets/ui/fonts/VarelaRound-Regular.ttf
01:58:03.693 [JavaFX Application Thread] INFO  FXGL                 - FXGL initialization took: 2,135 sec
01:58:03.693 [JavaFX Application Thread] DEBUG LoopRunner           - Starting loop
01:58:10.728 [JavaFX Application Thread] DEBUG AssetLoader          - Loading from cache: /assets/ui/fonts/VarelaRound-Regular.ttf
01:58:12.470 [JavaFX Application Thread] DEBUG FXGL                 - Exiting FXGL
01:58:12.470 [JavaFX Application Thread] DEBUG FXGL                 - Shutting down background threads
01:58:12.471 [JavaFX Application Thread] DEBUG FXGL                 - Saving FXGL system data
01:58:12.475 [JavaFX Application Thread] DEBUG DesktopFSService     - Writing to: system\fxgl.bundle
01:58:12.484 [JavaFX Application Thread] DEBUG FXGL                 - Closing logger and exiting JavaFX
