01:38:54.556 [JavaFX Application Thread] DEBUG GameApplication      - Logger initialized
01:38:54.580 [JavaFX Application Thread] DEBUG GameApplication      - Logging settings
Title: Breakout
Version: 0.1
Width: 600
Height: 700
Fullscreen: false
Intro: false
Menus: false
Profiling: false
Single step:false
App Mode: DEVELOPER
Menu Key: ESCAPE
Stage Style: DECORATED
Scene Factory: class com.almasb.fxgl.scene.SceneFactory
Dialog Factory: class com.almasb.fxgl.ui.FXGLDialogFactory
UI Factory: class com.almasb.fxgl.ui.FXGLUIFactory
Notification Service: class com.almasb.fxgl.gameplay.notification.XboxNotificationView
Exception Handler: class com.almasb.fxgl.app.FXGLExceptionHandler
01:38:54.580 [JavaFX Application Thread] DEBUG GameApplication      - Starting FXGL
01:38:54.597 [JavaFX Application Thread] INFO  FXGL                 - FXGL-0.5.4 on DESKTOP
01:38:54.598 [JavaFX Application Thread] INFO  FXGL                 - Source code and latest versions at: https://github.com/AlmasB/FXGL
01:38:54.598 [JavaFX Application Thread] INFO  FXGL                 -              Join the FXGL chat at: https://gitter.im/AlmasB/FXGL
01:38:54.599 [JavaFX Application Thread] DEBUG FXGL                 - FXGL started
01:38:54.600 [JavaFX Application Thread] DEBUG FXGL                 - Initializing FXGL
01:38:54.700 [JavaFX Application Thread] DEBUG AssetLoader          - Loading from disk: /assets/ui/cursors/fxgl_default.png
01:38:54.808 [JavaFX Application Thread] DEBUG AssetLoader          - Loading from disk: /assets/ui/fonts/VarelaRound-Regular.ttf
01:38:55.312 [JavaFX Application Thread] DEBUG MainWindow           - Creating a JavaFX scene
01:38:55.577 [JavaFX Application Thread] DEBUG MainWindow           - Target settings size: 600.0 x 700.0
01:38:55.578 [JavaFX Application Thread] DEBUG MainWindow           - Scaled scene size:    600.0 x 700.0
01:38:55.578 [JavaFX Application Thread] DEBUG MainWindow           - Scaled ratio: (1.0, 1.0)
01:38:55.583 [JavaFX Application Thread] DEBUG AssetLoader          - Loading from disk: /assets/ui/css/fxgl_dark.css
01:38:55.634 [JavaFX Application Thread] DEBUG AssetLoader          - Loading from disk: /assets/textures/fxgl_icon.png
01:38:55.753 [JavaFX Application Thread] DEBUG MainWindow           - Opening main window
01:38:56.447 [JavaFX Application Thread] DEBUG MainWindow           - Window border size: (6.0, 29.0)
01:38:56.447 [JavaFX Application Thread] DEBUG MainWindow           - Scaled size: 600.0 x 700.0
01:38:56.448 [JavaFX Application Thread] DEBUG MainWindow           - Scaled ratio: (1.0, 1.0)
01:38:56.448 [JavaFX Application Thread] DEBUG MainWindow           - Scene size: 600.0 x 700.0
01:38:56.448 [JavaFX Application Thread] DEBUG MainWindow           - Stage size: 606.0 x 729.0
01:38:56.637 [ForkJoinPool.commonPool-worker-1] DEBUG FS                   - Loaded DesktopFSService
01:38:56.637 [ForkJoinPool.commonPool-worker-1] DEBUG FXGL                 - Loading FXGL system data
01:38:56.649 [ForkJoinPool.commonPool-worker-1] DEBUG DesktopFSService     - Reading from: system\fxgl.bundle
01:38:56.668 [ForkJoinPool.commonPool-worker-1] DEBUG Bundle               - Logging bundle: FXGL
01:38:56.670 [ForkJoinPool.commonPool-worker-1] DEBUG Bundle               - FXGL.offline.timer.version.check=2018-12-02T17:17:06.777
01:38:56.671 [ForkJoinPool.commonPool-worker-1] DEBUG FXGL                 - Initializing state machine and application states
01:38:56.676 [ForkJoinPool.commonPool-worker-1] DEBUG AssetLoader          - Loading from disk: /assets/ui/cursors/fxgl_default.png
01:38:56.685 [ForkJoinPool.commonPool-worker-1] DEBUG AssetLoader          - Loading from disk: /assets/ui/cursors/fxgl_default.png
01:38:56.698 [ForkJoinPool.commonPool-worker-1] DEBUG AssetLoader          - Loading from cache: /assets/ui/fonts/VarelaRound-Regular.ttf
01:38:56.703 [ForkJoinPool.commonPool-worker-1] DEBUG AssetLoader          - Loading from disk: /assets/ui/cursors/fxgl_default.png
01:38:56.713 [ForkJoinPool.commonPool-worker-1] DEBUG GameScene            - Game scene initialized: 600x700
01:38:56.739 [ForkJoinPool.commonPool-worker-1] DEBUG GameWorld            - Game world initialized
01:38:56.865 [ForkJoinPool.commonPool-worker-1] DEBUG PhysicsWorld         - Physics world initialized: appHeight=700, physics.ppm=50,0
01:38:56.909 [ForkJoinPool.commonPool-worker-1] DEBUG Input                - Registered new binding: Pause - Esc
01:38:57.015 [JavaFX Application Thread] DEBUG FXGL                 - Running preInit()
01:38:57.017 [JavaFX Application Thread] DEBUG Input                - Registered new binding: Screenshot - P
01:38:57.018 [JavaFX Application Thread] DEBUG Input                - Registered new binding: Dev Options - CTRL+0
01:38:57.019 [JavaFX Application Thread] DEBUG Input                - Registered new binding: System info dump - CTRL+9
01:38:57.020 [JavaFX Application Thread] DEBUG Input                - Registered new binding: Restart - CTRL+R
01:38:57.021 [JavaFX Application Thread] DEBUG Input                - Registered new binding: New ball - Space
01:38:57.021 [JavaFX Application Thread] DEBUG Input                - Registered new binding: Move Left - A
01:38:57.021 [JavaFX Application Thread] DEBUG Input                - Registered new binding: Move Right - D
01:38:57.022 [JavaFX Application Thread] DEBUG Input                - Registered new binding: Add Level - N
01:38:57.023 [JavaFX Application Thread] DEBUG Input                - Registered new binding: Enable Level values editor - T
01:38:57.025 [JavaFX Application Thread] INFO  FXGL                 - FXGL initialization took: 2,424 sec
01:38:57.025 [JavaFX Application Thread] DEBUG LoopRunner           - Starting loop
01:38:57.028 [JavaFX Application Thread] DEBUG StartupState         - STARTUP
01:38:57.028 [JavaFX Application Thread] DEBUG GameApplication      - Starting new game
01:38:57.028 [JavaFX Application Thread] DEBUG Input                - Clearing active input actions
01:38:57.030 [JavaFX Application Thread] DEBUG AssetLoader          - Loading from disk: /assets/ui/css/fxgl_dark.css
01:38:57.043 [JavaFX Application Thread] DEBUG AppStateMachine      - StartupState -> LoadingState
01:38:57.106 [FXGL Background Thread 1 ] DEBUG InitAppTask          - Clearing previous game
01:38:57.106 [FXGL Background Thread 1 ] DEBUG GameWorld            - Clearing game world
01:38:57.107 [FXGL Background Thread 1 ] DEBUG PhysicsWorld         - Clearing physics world
01:38:57.107 [FXGL Background Thread 1 ] DEBUG GameScene            - Clearing game scene
01:38:57.109 [FXGL Background Thread 1 ] DEBUG InitAppTask          - Initializing Game
01:38:57.476 [FXGL Background Thread 1 ] DEBUG AudioPlayer          - Playing music com.almasb.fxgl.audio.Music@68fae4bf
01:38:57.483 [FXGL Background Thread 1 ] DEBUG GameScene            - Creating render group for layer: BACKGROUND(1000)
01:38:57.578 [FXGL Background Thread 1 ] DEBUG GameScene            - Creating render group for layer: DEFAULT(100000)
01:38:57.583 [FXGL Background Thread 1 ] DEBUG AssetLoader          - Loading from cache: /assets/ui/fonts/VarelaRound-Regular.ttf
01:38:57.594 [FXGL Background Thread 1 ] DEBUG AssetLoader          - Loading from cache: /assets/ui/fonts/VarelaRound-Regular.ttf
01:38:57.602 [FXGL Background Thread 1 ] DEBUG AssetLoader          - Loading from cache: /assets/ui/fonts/VarelaRound-Regular.ttf
01:38:57.606 [FXGL Background Thread 1 ] DEBUG AssetLoader          - Loading from disk: /assets/properties/languages/english.properties
01:38:57.702 [FXGL Background Thread 1 ] DEBUG AssetLoader          - Loading from cache: /assets/ui/fonts/VarelaRound-Regular.ttf
01:38:57.704 [FXGL Background Thread 1 ] DEBUG AppStateMachine      - Push state: DialogSubState
01:38:57.704 [FXGL Background Thread 1 ] DEBUG Input                - Clearing active input actions
01:38:57.704 [FXGL Background Thread 1 ] DEBUG AppStateMachine      - LoadingState -> DialogSubState
01:38:57.706 [JavaFX Application Thread] FATAL FXGL                 - Uncaught Exception:

Fatal exception occurred: java.lang.IllegalStateException : Not on FX application thread; currentThread = FXGL Background Thread 1
E: com.sun.javafx.tk.Toolkit.checkFxUserThread(Toolkit.java:279)
E: com.sun.javafx.tk.quantum.QuantumToolkit.checkFxUserThread(QuantumToolkit.java:423)
E: javafx.scene.Parent$2.onProposedChange(Parent.java:367)
E: com.sun.javafx.collections.VetoableListDecorator.add(VetoableListDecorator.java:206)
E: com.almasb.fxgl.app.FXGL$initStateMachine$1.beforeEnter(FXGL.kt:225)
E: com.almasb.fxgl.app.AppStateMachine.pushState(AppStateMachine.java:113)
E: com.almasb.fxgl.app.DialogSubState.openInScene(DialogSubState.kt:120)
E: com.almasb.fxgl.app.DialogSubState.show(DialogSubState.kt:97)
E: com.almasb.fxgl.app.DialogSubState.show(DialogSubState.kt:92)
E: com.almasb.fxgl.app.DialogSubState.showInputBox$fxgl_base(DialogSubState.kt:153)
E: com.almasb.fxgl.ui.FXGLDisplay.showInputBox(FXGLDisplay.kt:62)
E: com.almasb.fxgl.ui.FXGLDisplay.showInputBox(FXGLDisplay.kt:48)
E: gui.BreakoutApp.showLevelMenu(BreakoutApp.java:311)
E: gui.BreakoutApp.initGame(BreakoutApp.java:66)
E: com.almasb.fxgl.app.GameApplication.internalInitGame(GameApplication.java:238)
E: com.almasb.fxgl.app.LoadingState$InitAppTask.initGame(AppStates.kt:168)
E: com.almasb.fxgl.app.LoadingState$InitAppTask.call(AppStates.kt:138)
E: com.almasb.fxgl.app.LoadingState$InitAppTask.call(AppStates.kt:127)
E: javafx.concurrent.Task$TaskCallable.call(Task.java:1423)
E: java.util.concurrent.FutureTask.run(FutureTask.java:266)
E: java.util.concurrent.Executors$RunnableAdapter.call(Executors.java:511)
E: java.util.concurrent.FutureTask.run(FutureTask.java:266)
E: java.util.concurrent.ThreadPoolExecutor.runWorker(ThreadPoolExecutor.java:1149)
E: java.util.concurrent.ThreadPoolExecutor$Worker.run(ThreadPoolExecutor.java:624)
E: java.lang.Thread.run(Thread.java:748)

01:38:57.706 [JavaFX Application Thread] FATAL FXGL                 - Application will now exit
01:38:57.706 [JavaFX Application Thread] DEBUG LoopRunner           - Stopping loop
01:39:01.181 [JavaFX Application Thread] DEBUG FXGL                 - Exiting FXGL
01:39:01.181 [JavaFX Application Thread] DEBUG FXGL                 - Shutting down background threads
01:39:01.181 [JavaFX Application Thread] DEBUG FXGL                 - Saving FXGL system data
01:39:01.186 [JavaFX Application Thread] DEBUG DesktopFSService     - Writing to: system\fxgl.bundle
01:39:01.196 [JavaFX Application Thread] DEBUG FXGL                 - Closing logger and exiting JavaFX
