17:14:49.519 [JavaFX Application Thread] DEBUG GameApplication      - Logger initialized
17:14:49.611 [JavaFX Application Thread] DEBUG GameApplication      - Logging settings
Title: Breakout
Version: 0.1
Width: 600
Height: 700
Fullscreen: false
Intro: false
Menus: false
Profiling: false
Single step:false
App Mode: DEVELOPER
Menu Key: ESCAPE
Stage Style: DECORATED
Scene Factory: class com.almasb.fxgl.scene.SceneFactory
Dialog Factory: class com.almasb.fxgl.ui.FXGLDialogFactory
UI Factory: class com.almasb.fxgl.ui.FXGLUIFactory
Notification Service: class com.almasb.fxgl.gameplay.notification.XboxNotificationView
Exception Handler: class com.almasb.fxgl.app.FXGLExceptionHandler
17:14:49.612 [JavaFX Application Thread] DEBUG GameApplication      - Starting FXGL
17:14:49.638 [JavaFX Application Thread] INFO  FXGL                 - FXGL-0.5.4 on DESKTOP
17:14:49.639 [JavaFX Application Thread] INFO  FXGL                 - Source code and latest versions at: https://github.com/AlmasB/FXGL
17:14:49.639 [JavaFX Application Thread] INFO  FXGL                 -              Join the FXGL chat at: https://gitter.im/AlmasB/FXGL
17:14:49.640 [JavaFX Application Thread] DEBUG FXGL                 - FXGL started
17:14:49.640 [JavaFX Application Thread] DEBUG FXGL                 - Initializing FXGL
17:14:49.837 [JavaFX Application Thread] DEBUG AssetLoader          - Loading from disk: /assets/ui/cursors/fxgl_default.png
17:14:50.114 [JavaFX Application Thread] DEBUG AssetLoader          - Loading from disk: /assets/ui/fonts/VarelaRound-Regular.ttf
17:14:50.634 [JavaFX Application Thread] DEBUG MainWindow           - Creating a JavaFX scene
17:14:50.757 [JavaFX Application Thread] DEBUG MainWindow           - Target settings size: 600.0 x 700.0
17:14:50.757 [JavaFX Application Thread] DEBUG MainWindow           - Scaled scene size:    600.0 x 700.0
17:14:50.758 [JavaFX Application Thread] DEBUG MainWindow           - Scaled ratio: (1.0, 1.0)
17:14:50.776 [JavaFX Application Thread] DEBUG AssetLoader          - Loading from disk: /assets/ui/css/fxgl_dark.css
17:14:50.789 [JavaFX Application Thread] DEBUG AssetLoader          - Loading from disk: /assets/textures/fxgl_icon.png
17:14:50.826 [JavaFX Application Thread] DEBUG MainWindow           - Opening main window
17:14:52.851 [JavaFX Application Thread] DEBUG MainWindow           - Window border size: (6.0, 29.0)
17:14:52.851 [JavaFX Application Thread] DEBUG MainWindow           - Scaled size: 600.0 x 700.0
17:14:52.851 [JavaFX Application Thread] DEBUG MainWindow           - Scaled ratio: (1.0, 1.0)
17:14:52.852 [JavaFX Application Thread] DEBUG MainWindow           - Scene size: 600.0 x 700.0
17:14:52.852 [JavaFX Application Thread] DEBUG MainWindow           - Stage size: 606.0 x 729.0
17:14:53.515 [ForkJoinPool.commonPool-worker-1] DEBUG FS                   - Loaded DesktopFSService
17:14:53.516 [ForkJoinPool.commonPool-worker-1] DEBUG FXGL                 - Loading FXGL system data
17:14:53.625 [ForkJoinPool.commonPool-worker-1] DEBUG DesktopFSService     - Reading from: system\fxgl.bundle
17:14:53.715 [ForkJoinPool.commonPool-worker-1] DEBUG Bundle               - Logging bundle: FXGL
17:14:53.716 [ForkJoinPool.commonPool-worker-1] DEBUG Bundle               - FXGL.offline.timer.version.check=2018-12-11T22:01:22.697
17:14:53.717 [ForkJoinPool.commonPool-worker-1] DEBUG FXGL                 - Initializing state machine and application states
17:14:53.734 [ForkJoinPool.commonPool-worker-1] DEBUG AssetLoader          - Loading from disk: /assets/ui/cursors/fxgl_default.png
17:14:53.778 [ForkJoinPool.commonPool-worker-1] DEBUG AssetLoader          - Loading from disk: /assets/ui/cursors/fxgl_default.png
17:14:53.880 [ForkJoinPool.commonPool-worker-1] DEBUG AssetLoader          - Loading from cache: /assets/ui/fonts/VarelaRound-Regular.ttf
17:14:53.884 [ForkJoinPool.commonPool-worker-1] DEBUG AssetLoader          - Loading from disk: /assets/ui/cursors/fxgl_default.png
17:14:53.971 [ForkJoinPool.commonPool-worker-1] DEBUG GameScene            - Game scene initialized: 600x700
17:14:53.993 [ForkJoinPool.commonPool-worker-1] DEBUG GameWorld            - Game world initialized
17:14:54.127 [ForkJoinPool.commonPool-worker-1] DEBUG PhysicsWorld         - Physics world initialized: appHeight=700, physics.ppm=50,0
17:14:54.174 [ForkJoinPool.commonPool-worker-1] DEBUG Input                - Registered new binding: Pause - Esc
17:14:54.359 [JavaFX Application Thread] DEBUG FXGL                 - Running preInit()
17:14:54.389 [JavaFX Application Thread] DEBUG Input                - Registered new binding: Screenshot - P
17:14:54.389 [JavaFX Application Thread] DEBUG Input                - Registered new binding: Dev Options - CTRL+0
17:14:54.390 [JavaFX Application Thread] DEBUG Input                - Registered new binding: System info dump - CTRL+9
17:14:54.390 [JavaFX Application Thread] DEBUG Input                - Registered new binding: Restart - CTRL+R
17:14:54.391 [JavaFX Application Thread] DEBUG Input                - Registered new binding: New ball - Space
17:14:54.391 [JavaFX Application Thread] DEBUG Input                - Registered new binding: Move Left - A
17:14:54.391 [JavaFX Application Thread] DEBUG Input                - Registered new binding: Move Right - D
17:14:54.392 [JavaFX Application Thread] DEBUG Input                - Registered new binding: Add Level - N
17:14:54.392 [JavaFX Application Thread] DEBUG Input                - Registered new binding: Enable Level values editor - M
17:14:54.392 [JavaFX Application Thread] DEBUG Input                - Registered new binding: Show tutorial - T
17:14:54.392 [JavaFX Application Thread] DEBUG Input                - Registered new binding: Toggle CHEAT MODE - Y
17:14:54.394 [JavaFX Application Thread] DEBUG Input                - Registered new binding: CHEAT MODE: CLICK ON BRICK - LMB
17:14:54.395 [JavaFX Application Thread] DEBUG Input                - Registered new binding: CHEAT MODE: SPAWN BALL - RMB
17:14:54.398 [JavaFX Application Thread] DEBUG AssetLoader          - Loading from cache: /assets/ui/fonts/VarelaRound-Regular.ttf
17:14:54.416 [JavaFX Application Thread] DEBUG AssetLoader          - Loading from cache: /assets/ui/fonts/VarelaRound-Regular.ttf
17:14:54.420 [JavaFX Application Thread] DEBUG AssetLoader          - Loading from disk: /assets/properties/languages/english.properties
17:14:54.440 [JavaFX Application Thread] DEBUG AssetLoader          - Loading from cache: /assets/ui/fonts/VarelaRound-Regular.ttf
17:14:54.442 [JavaFX Application Thread] DEBUG AppStateMachine      - Push state: DialogSubState
17:14:54.442 [JavaFX Application Thread] DEBUG Input                - Clearing active input actions
17:14:54.443 [JavaFX Application Thread] DEBUG AppStateMachine      - StartupState -> DialogSubState
17:14:54.458 [JavaFX Application Thread] DEBUG AssetLoader          - Loading from cache: /assets/ui/fonts/VarelaRound-Regular.ttf
17:14:54.480 [JavaFX Application Thread] DEBUG AssetLoader          - Loading from cache: /assets/ui/fonts/VarelaRound-Regular.ttf
17:14:54.482 [JavaFX Application Thread] DEBUG AssetLoader          - Loading from cache: /assets/ui/fonts/VarelaRound-Regular.ttf
17:14:54.482 [JavaFX Application Thread] DEBUG AssetLoader          - Loading from cache: /assets/properties/languages/english.properties
17:14:54.502 [JavaFX Application Thread] DEBUG AssetLoader          - Loading from cache: /assets/ui/fonts/VarelaRound-Regular.ttf
17:14:54.507 [JavaFX Application Thread] DEBUG AssetLoader          - Loading from cache: /assets/ui/fonts/VarelaRound-Regular.ttf
17:14:54.507 [JavaFX Application Thread] DEBUG AssetLoader          - Loading from cache: /assets/ui/fonts/VarelaRound-Regular.ttf
17:14:54.508 [JavaFX Application Thread] DEBUG AssetLoader          - Loading from cache: /assets/ui/fonts/VarelaRound-Regular.ttf
17:14:54.508 [JavaFX Application Thread] DEBUG AssetLoader          - Loading from cache: /assets/properties/languages/english.properties
17:14:54.509 [JavaFX Application Thread] DEBUG AssetLoader          - Loading from cache: /assets/ui/fonts/VarelaRound-Regular.ttf
17:14:54.511 [JavaFX Application Thread] DEBUG AssetLoader          - Loading from cache: /assets/ui/fonts/VarelaRound-Regular.ttf
17:14:54.512 [JavaFX Application Thread] DEBUG AssetLoader          - Loading from cache: /assets/ui/fonts/VarelaRound-Regular.ttf
17:14:54.512 [JavaFX Application Thread] DEBUG AssetLoader          - Loading from cache: /assets/ui/fonts/VarelaRound-Regular.ttf
17:14:54.512 [JavaFX Application Thread] DEBUG AssetLoader          - Loading from cache: /assets/properties/languages/english.properties
17:14:54.513 [JavaFX Application Thread] DEBUG AssetLoader          - Loading from cache: /assets/ui/fonts/VarelaRound-Regular.ttf
17:14:54.515 [JavaFX Application Thread] DEBUG AssetLoader          - Loading from cache: /assets/ui/fonts/VarelaRound-Regular.ttf
17:14:54.516 [JavaFX Application Thread] DEBUG AssetLoader          - Loading from cache: /assets/ui/fonts/VarelaRound-Regular.ttf
17:14:54.516 [JavaFX Application Thread] DEBUG AssetLoader          - Loading from cache: /assets/properties/languages/english.properties
17:14:54.517 [JavaFX Application Thread] DEBUG AssetLoader          - Loading from cache: /assets/ui/fonts/VarelaRound-Regular.ttf
17:14:54.518 [JavaFX Application Thread] INFO  FXGL                 - FXGL initialization took: 4,877 sec
17:14:54.520 [JavaFX Application Thread] DEBUG LoopRunner           - Starting loop
17:15:29.012 [JavaFX Application Thread] DEBUG AssetLoader          - Loading from cache: /assets/ui/fonts/VarelaRound-Regular.ttf
17:15:33.258 [JavaFX Application Thread] DEBUG AssetLoader          - Loading from cache: /assets/sounds/menu/select.wav
17:15:33.671 [JavaFX Application Thread] DEBUG AssetLoader          - Loading from cache: /assets/ui/fonts/VarelaRound-Regular.ttf
17:15:36.343 [JavaFX Application Thread] DEBUG AssetLoader          - Loading from cache: /assets/sounds/menu/select.wav
17:15:36.593 [JavaFX Application Thread] DEBUG AssetLoader          - Loading from cache: /assets/ui/fonts/VarelaRound-Regular.ttf
17:15:36.995 [JavaFX Application Thread] DEBUG AssetLoader          - Loading from cache: /assets/sounds/menu/select.wav
17:15:39.485 [JavaFX Application Thread] DEBUG AssetLoader          - Loading from cache: /assets/ui/fonts/VarelaRound-Regular.ttf
17:15:39.965 [JavaFX Application Thread] DEBUG AssetLoader          - Loading from cache: /assets/sounds/menu/select.wav
17:15:40.444 [JavaFX Application Thread] DEBUG AppStateMachine      - Pop state: DialogSubState
17:15:40.445 [JavaFX Application Thread] DEBUG Input                - Clearing active input actions
17:15:40.445 [JavaFX Application Thread] DEBUG AppStateMachine      - StartupState <- DialogSubState
17:15:40.451 [JavaFX Application Thread] DEBUG StartupState         - STARTUP
17:15:40.451 [JavaFX Application Thread] DEBUG GameApplication      - Starting new game
17:15:40.451 [JavaFX Application Thread] DEBUG Input                - Clearing active input actions
17:15:40.451 [JavaFX Application Thread] DEBUG AssetLoader          - Loading from disk: /assets/ui/css/fxgl_dark.css
17:15:40.461 [JavaFX Application Thread] DEBUG AppStateMachine      - StartupState -> LoadingState
17:15:40.474 [FXGL Background Thread 1 ] DEBUG InitAppTask          - Clearing previous game
17:15:40.474 [FXGL Background Thread 1 ] DEBUG GameWorld            - Clearing game world
17:15:40.474 [FXGL Background Thread 1 ] DEBUG PhysicsWorld         - Clearing physics world
17:15:40.475 [FXGL Background Thread 1 ] DEBUG GameScene            - Clearing game scene
17:15:40.477 [FXGL Background Thread 1 ] DEBUG InitAppTask          - Initializing Game
17:15:40.743 [FXGL Background Thread 1 ] DEBUG AssetLoader          - Loading from disk: /assets/textures/bat.png
17:15:41.032 [FXGL Background Thread 1 ] DEBUG AudioPlayer          - Playing music com.almasb.fxgl.audio.Music@4dec9310
17:15:41.095 [FXGL Background Thread 1 ] DEBUG GameScene            - Creating render group for layer: BACKGROUND(1000)
17:15:41.166 [FXGL Background Thread 1 ] DEBUG GameScene            - Creating render group for layer: DEFAULT(100000)
17:15:41.168 [FXGL Background Thread 1 ] DEBUG InitAppTask          - Initializing Physics
17:15:41.169 [FXGL Background Thread 1 ] DEBUG InitAppTask          - Initializing UI
17:15:41.172 [FXGL Background Thread 1 ] DEBUG InitAppTask          - Initialization Complete
17:15:41.172 [FXGL Background Thread 1 ] INFO  InitAppTask          - Game initialization took: 0,699 sec
17:15:41.178 [JavaFX Application Thread] DEBUG Input                - Clearing active input actions
17:15:41.178 [JavaFX Application Thread] DEBUG AssetLoader          - Loading from disk: /assets/ui/css/fxgl_dark.css
17:15:41.192 [JavaFX Application Thread] DEBUG AppStateMachine      - LoadingState -> PlayState
17:15:42.308 [JavaFX Application Thread] DEBUG AssetLoader          - Loading from disk: /assets/textures/brick_wood.png
17:15:42.322 [JavaFX Application Thread] DEBUG AssetLoader          - Loading from disk: /assets/textures/brick_blue.png
17:15:42.338 [JavaFX Application Thread] DEBUG AssetLoader          - Loading from cache: /assets/textures/brick_blue.png@50.0x20.0
17:15:42.339 [JavaFX Application Thread] DEBUG AssetLoader          - Loading from cache: /assets/textures/brick_blue.png@50.0x20.0
17:15:42.340 [JavaFX Application Thread] DEBUG AssetLoader          - Loading from cache: /assets/textures/brick_wood.png@50.0x20.0
17:15:42.341 [JavaFX Application Thread] DEBUG AssetLoader          - Loading from cache: /assets/textures/brick_blue.png@50.0x20.0
17:15:42.343 [JavaFX Application Thread] DEBUG AssetLoader          - Loading from cache: /assets/textures/brick_blue.png@50.0x20.0
17:15:42.344 [JavaFX Application Thread] DEBUG AssetLoader          - Loading from cache: /assets/textures/brick_blue.png@50.0x20.0
17:15:42.345 [JavaFX Application Thread] DEBUG AssetLoader          - Loading from cache: /assets/textures/brick_blue.png@50.0x20.0
17:15:42.346 [JavaFX Application Thread] DEBUG AssetLoader          - Loading from cache: /assets/textures/brick_blue.png@50.0x20.0
17:15:42.347 [JavaFX Application Thread] DEBUG AssetLoader          - Loading from cache: /assets/textures/brick_wood.png@50.0x20.0
17:15:42.348 [JavaFX Application Thread] DEBUG AssetLoader          - Loading from cache: /assets/textures/brick_blue.png@50.0x20.0
17:15:42.350 [JavaFX Application Thread] DEBUG AssetLoader          - Loading from cache: /assets/textures/brick_blue.png@50.0x20.0
17:15:42.351 [JavaFX Application Thread] DEBUG AssetLoader          - Loading from cache: /assets/textures/brick_blue.png@50.0x20.0
17:15:42.353 [JavaFX Application Thread] DEBUG AssetLoader          - Loading from cache: /assets/textures/brick_blue.png@50.0x20.0
17:15:42.354 [JavaFX Application Thread] DEBUG AssetLoader          - Loading from cache: /assets/textures/brick_blue.png@50.0x20.0
17:15:42.355 [JavaFX Application Thread] DEBUG AssetLoader          - Loading from cache: /assets/textures/brick_blue.png@50.0x20.0
17:15:42.356 [JavaFX Application Thread] DEBUG AssetLoader          - Loading from disk: /assets/textures/brick_metal.png
17:15:42.411 [JavaFX Application Thread] DEBUG AssetLoader          - Loading from cache: /assets/textures/brick_blue.png@50.0x20.0
17:15:42.412 [JavaFX Application Thread] DEBUG AssetLoader          - Loading from cache: /assets/textures/brick_wood.png@50.0x20.0
17:15:42.414 [JavaFX Application Thread] DEBUG AssetLoader          - Loading from cache: /assets/textures/brick_blue.png@50.0x20.0
17:15:42.415 [JavaFX Application Thread] DEBUG AssetLoader          - Loading from cache: /assets/textures/brick_metal.png@50.0x20.0
17:15:42.416 [JavaFX Application Thread] DEBUG AssetLoader          - Loading from cache: /assets/textures/brick_blue.png@50.0x20.0
17:15:42.417 [JavaFX Application Thread] DEBUG AssetLoader          - Loading from cache: /assets/textures/brick_blue.png@50.0x20.0
17:15:42.418 [JavaFX Application Thread] DEBUG AssetLoader          - Loading from cache: /assets/textures/brick_blue.png@50.0x20.0
17:15:42.419 [JavaFX Application Thread] DEBUG AssetLoader          - Loading from cache: /assets/textures/brick_blue.png@50.0x20.0
17:15:42.420 [JavaFX Application Thread] DEBUG AssetLoader          - Loading from cache: /assets/textures/brick_metal.png@50.0x20.0
17:15:42.422 [JavaFX Application Thread] DEBUG AssetLoader          - Loading from cache: /assets/textures/brick_metal.png@50.0x20.0
17:15:42.423 [JavaFX Application Thread] DEBUG AssetLoader          - Loading from cache: /assets/textures/brick_blue.png@50.0x20.0
17:15:42.425 [JavaFX Application Thread] DEBUG AssetLoader          - Loading from cache: /assets/textures/brick_blue.png@50.0x20.0
17:15:42.426 [JavaFX Application Thread] DEBUG AssetLoader          - Loading from cache: /assets/textures/brick_wood.png@50.0x20.0
17:15:42.426 [JavaFX Application Thread] DEBUG AssetLoader          - Loading from cache: /assets/textures/brick_metal.png@50.0x20.0
17:15:42.427 [JavaFX Application Thread] DEBUG AssetLoader          - Loading from cache: /assets/textures/brick_blue.png@50.0x20.0
17:15:42.428 [JavaFX Application Thread] DEBUG AssetLoader          - Loading from cache: /assets/textures/brick_blue.png@50.0x20.0
17:15:42.430 [JavaFX Application Thread] DEBUG AssetLoader          - Loading from cache: /assets/textures/brick_blue.png@50.0x20.0
17:15:42.431 [JavaFX Application Thread] DEBUG AssetLoader          - Loading from cache: /assets/textures/brick_blue.png@50.0x20.0
17:15:42.432 [JavaFX Application Thread] DEBUG AssetLoader          - Loading from cache: /assets/textures/brick_blue.png@50.0x20.0
17:15:42.434 [JavaFX Application Thread] DEBUG AssetLoader          - Loading from cache: /assets/textures/brick_blue.png@50.0x20.0
17:15:42.435 [JavaFX Application Thread] DEBUG AssetLoader          - Loading from cache: /assets/textures/brick_blue.png@50.0x20.0
17:15:42.436 [JavaFX Application Thread] DEBUG AssetLoader          - Loading from cache: /assets/textures/brick_wood.png@50.0x20.0
17:15:42.437 [JavaFX Application Thread] DEBUG AssetLoader          - Loading from cache: /assets/textures/brick_blue.png@50.0x20.0
17:15:42.438 [JavaFX Application Thread] DEBUG AssetLoader          - Loading from cache: /assets/textures/brick_blue.png@50.0x20.0
17:15:42.439 [JavaFX Application Thread] DEBUG AssetLoader          - Loading from cache: /assets/textures/brick_metal.png@50.0x20.0
17:15:42.440 [JavaFX Application Thread] DEBUG AssetLoader          - Loading from cache: /assets/textures/brick_blue.png@50.0x20.0
17:15:42.441 [JavaFX Application Thread] DEBUG AssetLoader          - Loading from cache: /assets/textures/brick_blue.png@50.0x20.0
17:15:42.442 [JavaFX Application Thread] DEBUG AssetLoader          - Loading from cache: /assets/textures/brick_wood.png@50.0x20.0
17:15:42.443 [JavaFX Application Thread] DEBUG AssetLoader          - Loading from cache: /assets/textures/brick_blue.png@50.0x20.0
17:15:42.444 [JavaFX Application Thread] DEBUG AssetLoader          - Loading from cache: /assets/textures/brick_blue.png@50.0x20.0
17:15:42.445 [JavaFX Application Thread] DEBUG AssetLoader          - Loading from cache: /assets/textures/brick_blue.png@50.0x20.0
17:15:42.446 [JavaFX Application Thread] DEBUG AssetLoader          - Loading from cache: /assets/textures/brick_blue.png@50.0x20.0
17:15:42.447 [JavaFX Application Thread] DEBUG AssetLoader          - Loading from cache: /assets/textures/brick_blue.png@50.0x20.0
17:15:42.448 [JavaFX Application Thread] DEBUG AssetLoader          - Loading from cache: /assets/textures/brick_blue.png@50.0x20.0
17:15:42.450 [JavaFX Application Thread] DEBUG AssetLoader          - Loading from cache: /assets/textures/brick_blue.png@50.0x20.0
17:15:42.451 [JavaFX Application Thread] DEBUG AssetLoader          - Loading from cache: /assets/textures/brick_blue.png@50.0x20.0
17:15:42.452 [JavaFX Application Thread] DEBUG AssetLoader          - Loading from cache: /assets/textures/brick_blue.png@50.0x20.0
17:15:42.454 [JavaFX Application Thread] DEBUG AssetLoader          - Loading from cache: /assets/textures/brick_metal.png@50.0x20.0
17:15:42.455 [JavaFX Application Thread] DEBUG AssetLoader          - Loading from cache: /assets/textures/brick_blue.png@50.0x20.0
17:15:42.456 [JavaFX Application Thread] DEBUG AssetLoader          - Loading from cache: /assets/textures/brick_blue.png@50.0x20.0
17:15:42.458 [JavaFX Application Thread] DEBUG AssetLoader          - Loading from cache: /assets/textures/brick_metal.png@50.0x20.0
17:15:42.459 [JavaFX Application Thread] DEBUG AssetLoader          - Loading from cache: /assets/textures/brick_blue.png@50.0x20.0
17:15:42.460 [JavaFX Application Thread] DEBUG AssetLoader          - Loading from cache: /assets/textures/brick_blue.png@50.0x20.0
17:15:42.461 [JavaFX Application Thread] DEBUG AssetLoader          - Loading from cache: /assets/textures/brick_blue.png@50.0x20.0
17:15:42.462 [JavaFX Application Thread] DEBUG AssetLoader          - Loading from cache: /assets/textures/brick_blue.png@50.0x20.0
17:15:42.463 [JavaFX Application Thread] DEBUG AssetLoader          - Loading from cache: /assets/textures/brick_blue.png@50.0x20.0
17:15:42.464 [JavaFX Application Thread] DEBUG AssetLoader          - Loading from cache: /assets/textures/brick_blue.png@50.0x20.0
17:15:42.465 [JavaFX Application Thread] DEBUG AssetLoader          - Loading from cache: /assets/textures/brick_blue.png@50.0x20.0
17:15:42.466 [JavaFX Application Thread] DEBUG AssetLoader          - Loading from cache: /assets/textures/brick_blue.png@50.0x20.0
17:15:42.467 [JavaFX Application Thread] DEBUG AssetLoader          - Loading from cache: /assets/textures/brick_wood.png@50.0x20.0
17:15:42.468 [JavaFX Application Thread] DEBUG AssetLoader          - Loading from cache: /assets/textures/brick_blue.png@50.0x20.0
17:15:42.469 [JavaFX Application Thread] DEBUG AssetLoader          - Loading from cache: /assets/textures/brick_blue.png@50.0x20.0
17:15:42.471 [JavaFX Application Thread] DEBUG AssetLoader          - Loading from cache: /assets/textures/brick_blue.png@50.0x20.0
17:15:42.472 [JavaFX Application Thread] DEBUG AssetLoader          - Loading from cache: /assets/textures/brick_blue.png@50.0x20.0
17:15:42.474 [JavaFX Application Thread] DEBUG AssetLoader          - Loading from cache: /assets/textures/brick_blue.png@50.0x20.0
17:15:42.475 [JavaFX Application Thread] DEBUG AssetLoader          - Loading from cache: /assets/textures/brick_blue.png@50.0x20.0
17:15:42.476 [JavaFX Application Thread] DEBUG AssetLoader          - Loading from cache: /assets/textures/brick_blue.png@50.0x20.0
17:15:42.477 [JavaFX Application Thread] DEBUG AssetLoader          - Loading from cache: /assets/textures/brick_blue.png@50.0x20.0
17:15:42.478 [JavaFX Application Thread] DEBUG AssetLoader          - Loading from cache: /assets/textures/brick_blue.png@50.0x20.0
17:15:42.479 [JavaFX Application Thread] DEBUG AssetLoader          - Loading from cache: /assets/textures/brick_blue.png@50.0x20.0
17:15:42.480 [JavaFX Application Thread] DEBUG AssetLoader          - Loading from cache: /assets/textures/brick_blue.png@50.0x20.0
17:15:42.482 [JavaFX Application Thread] DEBUG AssetLoader          - Loading from cache: /assets/textures/brick_blue.png@50.0x20.0
17:15:42.483 [JavaFX Application Thread] DEBUG AssetLoader          - Loading from cache: /assets/textures/brick_blue.png@50.0x20.0
17:15:42.485 [JavaFX Application Thread] DEBUG AssetLoader          - Loading from cache: /assets/textures/brick_blue.png@50.0x20.0
17:15:42.486 [JavaFX Application Thread] DEBUG AssetLoader          - Loading from cache: /assets/textures/brick_blue.png@50.0x20.0
17:15:42.486 [JavaFX Application Thread] DEBUG AssetLoader          - Loading from cache: /assets/textures/brick_blue.png@50.0x20.0
17:15:42.487 [JavaFX Application Thread] DEBUG AssetLoader          - Loading from cache: /assets/textures/brick_wood.png@50.0x20.0
17:15:42.488 [JavaFX Application Thread] DEBUG AssetLoader          - Loading from cache: /assets/textures/brick_blue.png@50.0x20.0
17:15:42.489 [JavaFX Application Thread] DEBUG AssetLoader          - Loading from cache: /assets/textures/brick_blue.png@50.0x20.0
17:15:42.490 [JavaFX Application Thread] DEBUG AssetLoader          - Loading from cache: /assets/textures/brick_blue.png@50.0x20.0
17:15:42.492 [JavaFX Application Thread] DEBUG AssetLoader          - Loading from cache: /assets/textures/brick_blue.png@50.0x20.0
17:15:42.493 [JavaFX Application Thread] DEBUG AssetLoader          - Loading from cache: /assets/textures/brick_blue.png@50.0x20.0
17:15:42.495 [JavaFX Application Thread] DEBUG AssetLoader          - Loading from cache: /assets/textures/brick_blue.png@50.0x20.0
17:15:42.496 [JavaFX Application Thread] DEBUG AssetLoader          - Loading from cache: /assets/textures/brick_blue.png@50.0x20.0
17:15:42.496 [JavaFX Application Thread] DEBUG AssetLoader          - Loading from cache: /assets/textures/brick_blue.png@50.0x20.0
17:15:42.497 [JavaFX Application Thread] DEBUG AssetLoader          - Loading from cache: /assets/textures/brick_blue.png@50.0x20.0
17:15:42.498 [JavaFX Application Thread] DEBUG AssetLoader          - Loading from cache: /assets/textures/brick_blue.png@50.0x20.0
17:15:42.500 [JavaFX Application Thread] DEBUG AssetLoader          - Loading from cache: /assets/textures/brick_blue.png@50.0x20.0
17:15:42.501 [JavaFX Application Thread] DEBUG AssetLoader          - Loading from cache: /assets/textures/brick_blue.png@50.0x20.0
17:15:42.502 [JavaFX Application Thread] DEBUG AssetLoader          - Loading from cache: /assets/textures/brick_blue.png@50.0x20.0
17:15:43.668 [JavaFX Application Thread] DEBUG AssetLoader          - Loading from cache: /assets/ui/fonts/VarelaRound-Regular.ttf
17:15:43.668 [JavaFX Application Thread] DEBUG AssetLoader          - Loading from cache: /assets/ui/fonts/VarelaRound-Regular.ttf
17:15:43.668 [JavaFX Application Thread] DEBUG AssetLoader          - Loading from cache: /assets/properties/languages/english.properties
17:15:43.669 [JavaFX Application Thread] DEBUG AssetLoader          - Loading from cache: /assets/ui/fonts/VarelaRound-Regular.ttf
17:15:43.669 [JavaFX Application Thread] DEBUG AppStateMachine      - Push state: DialogSubState
17:15:43.669 [JavaFX Application Thread] DEBUG Input                - Clearing active input actions
17:15:43.669 [JavaFX Application Thread] DEBUG AppStateMachine      - PlayState -> DialogSubState
17:15:43.686 [JavaFX Application Thread] DEBUG AssetLoader          - Loading from cache: /assets/sounds/menu/select.wav
17:15:44.798 [JavaFX Application Thread] DEBUG AppStateMachine      - Pop state: DialogSubState
17:15:44.799 [JavaFX Application Thread] DEBUG Input                - Clearing active input actions
17:15:44.799 [JavaFX Application Thread] DEBUG AppStateMachine      - PlayState <- DialogSubState
17:15:46.642 [JavaFX Application Thread] DEBUG AssetLoader          - Loading from cache: /assets/ui/fonts/VarelaRound-Regular.ttf
17:15:46.642 [JavaFX Application Thread] DEBUG AssetLoader          - Loading from cache: /assets/ui/fonts/VarelaRound-Regular.ttf
17:15:46.642 [JavaFX Application Thread] DEBUG AssetLoader          - Loading from cache: /assets/properties/languages/english.properties
17:15:46.643 [JavaFX Application Thread] DEBUG AssetLoader          - Loading from cache: /assets/ui/fonts/VarelaRound-Regular.ttf
17:15:46.643 [JavaFX Application Thread] DEBUG AppStateMachine      - Push state: DialogSubState
17:15:46.643 [JavaFX Application Thread] DEBUG Input                - Clearing active input actions
17:15:46.643 [JavaFX Application Thread] DEBUG AppStateMachine      - PlayState -> DialogSubState
17:15:47.870 [JavaFX Application Thread] DEBUG AssetLoader          - Loading from cache: /assets/sounds/menu/select.wav
17:15:48.185 [JavaFX Application Thread] DEBUG AppStateMachine      - Pop state: DialogSubState
17:15:48.185 [JavaFX Application Thread] DEBUG Input                - Clearing active input actions
17:15:48.186 [JavaFX Application Thread] DEBUG AppStateMachine      - PlayState <- DialogSubState
17:15:53.362 [JavaFX Application Thread] DEBUG AssetLoader          - Loading from cache: /assets/sounds/GlassHit.wav
17:15:53.362 [JavaFX Application Thread] DEBUG AssetLoader          - Loading from cache: /assets/sounds/Oof.wav
17:15:55.570 [JavaFX Application Thread] DEBUG AssetLoader          - Loading from cache: /assets/sounds/GlassHit.wav
17:15:55.570 [JavaFX Application Thread] DEBUG AssetLoader          - Loading from cache: /assets/sounds/Oof.wav
17:15:58.675 [JavaFX Application Thread] DEBUG AssetLoader          - Loading from cache: /assets/sounds/GlassHit.wav
17:15:58.675 [JavaFX Application Thread] DEBUG AssetLoader          - Loading from cache: /assets/sounds/Oof.wav
17:16:01.042 [JavaFX Application Thread] DEBUG AssetLoader          - Loading from cache: /assets/sounds/GlassHit.wav
17:16:01.042 [JavaFX Application Thread] DEBUG AssetLoader          - Loading from cache: /assets/sounds/Oof.wav
17:16:01.106 [JavaFX Application Thread] DEBUG AssetLoader          - Loading from cache: /assets/sounds/GlassHit.wav
17:16:01.107 [JavaFX Application Thread] DEBUG AssetLoader          - Loading from cache: /assets/sounds/Oof.wav
17:16:03.475 [JavaFX Application Thread] DEBUG AssetLoader          - Loading from cache: /assets/sounds/GlassHit.wav
17:16:03.475 [JavaFX Application Thread] DEBUG AssetLoader          - Loading from cache: /assets/sounds/Oof.wav
17:16:05.795 [JavaFX Application Thread] DEBUG AssetLoader          - Loading from cache: /assets/sounds/GlassHit.wav
17:16:05.795 [JavaFX Application Thread] DEBUG AssetLoader          - Loading from cache: /assets/sounds/Oof.wav
17:16:07.922 [JavaFX Application Thread] DEBUG AssetLoader          - Loading from cache: /assets/sounds/GlassHit.wav
17:16:07.922 [JavaFX Application Thread] DEBUG AssetLoader          - Loading from cache: /assets/sounds/Oof.wav
17:16:08.067 [JavaFX Application Thread] DEBUG AssetLoader          - Loading from cache: /assets/sounds/GlassHit.wav
17:16:08.067 [JavaFX Application Thread] DEBUG AssetLoader          - Loading from cache: /assets/sounds/Oof.wav
17:16:09.890 [JavaFX Application Thread] DEBUG AssetLoader          - Loading from cache: /assets/sounds/GlassHit.wav
17:16:09.890 [JavaFX Application Thread] DEBUG AssetLoader          - Loading from cache: /assets/sounds/Oof.wav
17:16:11.139 [JavaFX Application Thread] DEBUG AssetLoader          - Loading from cache: /assets/sounds/GlassHit.wav
17:16:11.139 [JavaFX Application Thread] DEBUG AssetLoader          - Loading from cache: /assets/sounds/Oof.wav
17:16:13.715 [JavaFX Application Thread] DEBUG AssetLoader          - Loading from cache: /assets/sounds/GlassHit.wav
17:16:13.715 [JavaFX Application Thread] DEBUG AssetLoader          - Loading from cache: /assets/sounds/Oof.wav
17:16:16.179 [JavaFX Application Thread] DEBUG AssetLoader          - Loading from cache: /assets/sounds/GlassHit.wav
17:16:16.179 [JavaFX Application Thread] DEBUG AssetLoader          - Loading from cache: /assets/sounds/Oof.wav
17:16:18.595 [JavaFX Application Thread] DEBUG AssetLoader          - Loading from cache: /assets/sounds/GlassHit.wav
17:16:18.595 [JavaFX Application Thread] DEBUG AssetLoader          - Loading from cache: /assets/sounds/Oof.wav
17:16:18.644 [JavaFX Application Thread] DEBUG AssetLoader          - Loading from cache: /assets/sounds/GlassHit.wav
17:16:18.644 [JavaFX Application Thread] DEBUG AssetLoader          - Loading from cache: /assets/sounds/Oof.wav
17:16:21.027 [JavaFX Application Thread] DEBUG AssetLoader          - Loading from cache: /assets/sounds/GlassHit.wav
17:16:21.027 [JavaFX Application Thread] DEBUG AssetLoader          - Loading from cache: /assets/sounds/Oof.wav
17:16:22.534 [JavaFX Application Thread] DEBUG AssetLoader          - Loading from cache: /assets/ui/fonts/VarelaRound-Regular.ttf
17:16:22.535 [JavaFX Application Thread] DEBUG AssetLoader          - Loading from cache: /assets/ui/fonts/VarelaRound-Regular.ttf
17:16:22.535 [JavaFX Application Thread] DEBUG AssetLoader          - Loading from cache: /assets/properties/languages/english.properties
17:16:22.535 [JavaFX Application Thread] DEBUG AssetLoader          - Loading from cache: /assets/ui/fonts/VarelaRound-Regular.ttf
17:16:22.536 [JavaFX Application Thread] DEBUG AssetLoader          - Loading from cache: /assets/properties/languages/english.properties
17:16:22.536 [JavaFX Application Thread] DEBUG AssetLoader          - Loading from cache: /assets/ui/fonts/VarelaRound-Regular.ttf
17:16:22.536 [JavaFX Application Thread] DEBUG AppStateMachine      - Push state: DialogSubState
17:16:22.537 [JavaFX Application Thread] DEBUG Input                - Clearing active input actions
17:16:22.537 [JavaFX Application Thread] DEBUG AppStateMachine      - PlayState -> DialogSubState
17:16:23.500 [JavaFX Application Thread] DEBUG AssetLoader          - Loading from cache: /assets/sounds/menu/select.wav
17:16:23.749 [JavaFX Application Thread] DEBUG AssetLoader          - Loading from cache: /assets/sounds/menu/select.wav
17:16:23.946 [JavaFX Application Thread] DEBUG AppStateMachine      - Pop state: DialogSubState
17:16:23.947 [JavaFX Application Thread] DEBUG Input                - Clearing active input actions
17:16:23.947 [JavaFX Application Thread] DEBUG AppStateMachine      - PlayState <- DialogSubState
17:16:23.947 [JavaFX Application Thread] DEBUG FXGL                 - Exiting FXGL
17:16:23.947 [JavaFX Application Thread] DEBUG FXGL                 - Shutting down background threads
17:16:23.964 [JavaFX Application Thread] DEBUG FXGL                 - Saving FXGL system data
17:16:23.981 [JavaFX Application Thread] DEBUG DesktopFSService     - Writing to: system\fxgl.bundle
17:16:24.001 [JavaFX Application Thread] DEBUG FXGL                 - Closing logger and exiting JavaFX
