02:06:40.173 [JavaFX Application Thread] DEBUG GameApplication      - Logger initialized
02:06:40.203 [JavaFX Application Thread] DEBUG GameApplication      - Logging settings
Title: Breakout
Version: 0.1
Width: 600
Height: 700
Fullscreen: false
Intro: false
Menus: false
Profiling: false
Single step:false
App Mode: DEVELOPER
Menu Key: ESCAPE
Stage Style: DECORATED
Scene Factory: class com.almasb.fxgl.scene.SceneFactory
Dialog Factory: class com.almasb.fxgl.ui.FXGLDialogFactory
UI Factory: class com.almasb.fxgl.ui.FXGLUIFactory
Notification Service: class com.almasb.fxgl.gameplay.notification.XboxNotificationView
Exception Handler: class com.almasb.fxgl.app.FXGLExceptionHandler
02:06:40.203 [JavaFX Application Thread] DEBUG GameApplication      - Starting FXGL
02:06:40.219 [JavaFX Application Thread] INFO  FXGL                 - FXGL-0.5.4 on DESKTOP
02:06:40.220 [JavaFX Application Thread] INFO  FXGL                 - Source code and latest versions at: https://github.com/AlmasB/FXGL
02:06:40.220 [JavaFX Application Thread] INFO  FXGL                 -              Join the FXGL chat at: https://gitter.im/AlmasB/FXGL
02:06:40.221 [JavaFX Application Thread] DEBUG FXGL                 - FXGL started
02:06:40.221 [JavaFX Application Thread] DEBUG FXGL                 - Initializing FXGL
02:06:40.323 [JavaFX Application Thread] DEBUG AssetLoader          - Loading from disk: /assets/ui/cursors/fxgl_default.png
02:06:40.450 [JavaFX Application Thread] DEBUG AssetLoader          - Loading from disk: /assets/ui/fonts/VarelaRound-Regular.ttf
02:06:40.843 [JavaFX Application Thread] DEBUG MainWindow           - Creating a JavaFX scene
02:06:40.961 [JavaFX Application Thread] DEBUG MainWindow           - Target settings size: 600.0 x 700.0
02:06:40.961 [JavaFX Application Thread] DEBUG MainWindow           - Scaled scene size:    600.0 x 700.0
02:06:40.961 [JavaFX Application Thread] DEBUG MainWindow           - Scaled ratio: (1.0, 1.0)
02:06:40.968 [JavaFX Application Thread] DEBUG AssetLoader          - Loading from disk: /assets/ui/css/fxgl_dark.css
02:06:40.981 [JavaFX Application Thread] DEBUG AssetLoader          - Loading from disk: /assets/textures/fxgl_icon.png
02:06:41.014 [JavaFX Application Thread] DEBUG MainWindow           - Opening main window
02:06:41.474 [JavaFX Application Thread] DEBUG MainWindow           - Window border size: (6.0, 29.0)
02:06:41.475 [JavaFX Application Thread] DEBUG MainWindow           - Scaled size: 600.0 x 700.0
02:06:41.475 [JavaFX Application Thread] DEBUG MainWindow           - Scaled ratio: (1.0, 1.0)
02:06:41.476 [JavaFX Application Thread] DEBUG MainWindow           - Scene size: 600.0 x 700.0
02:06:41.476 [JavaFX Application Thread] DEBUG MainWindow           - Stage size: 606.0 x 729.0
02:06:41.599 [ForkJoinPool.commonPool-worker-1] DEBUG FS                   - Loaded DesktopFSService
02:06:41.600 [ForkJoinPool.commonPool-worker-1] DEBUG FXGL                 - Loading FXGL system data
02:06:41.614 [ForkJoinPool.commonPool-worker-1] DEBUG DesktopFSService     - Reading from: system\fxgl.bundle
02:06:41.634 [ForkJoinPool.commonPool-worker-1] DEBUG Bundle               - Logging bundle: FXGL
02:06:41.636 [ForkJoinPool.commonPool-worker-1] DEBUG Bundle               - FXGL.offline.timer.version.check=2018-12-02T17:17:06.777
02:06:41.637 [ForkJoinPool.commonPool-worker-1] DEBUG FXGL                 - Initializing state machine and application states
02:06:41.640 [ForkJoinPool.commonPool-worker-1] DEBUG AssetLoader          - Loading from disk: /assets/ui/cursors/fxgl_default.png
02:06:41.651 [ForkJoinPool.commonPool-worker-1] DEBUG AssetLoader          - Loading from disk: /assets/ui/cursors/fxgl_default.png
02:06:41.665 [ForkJoinPool.commonPool-worker-1] DEBUG AssetLoader          - Loading from cache: /assets/ui/fonts/VarelaRound-Regular.ttf
02:06:41.670 [ForkJoinPool.commonPool-worker-1] DEBUG AssetLoader          - Loading from disk: /assets/ui/cursors/fxgl_default.png
02:06:41.679 [ForkJoinPool.commonPool-worker-1] DEBUG GameScene            - Game scene initialized: 600x700
02:06:41.702 [ForkJoinPool.commonPool-worker-1] DEBUG GameWorld            - Game world initialized
02:06:41.852 [ForkJoinPool.commonPool-worker-1] DEBUG PhysicsWorld         - Physics world initialized: appHeight=700, physics.ppm=50,0
02:06:41.895 [ForkJoinPool.commonPool-worker-1] DEBUG Input                - Registered new binding: Pause - Esc
02:06:41.982 [JavaFX Application Thread] DEBUG FXGL                 - Running preInit()
02:06:41.985 [JavaFX Application Thread] DEBUG Input                - Registered new binding: Screenshot - P
02:06:41.986 [JavaFX Application Thread] DEBUG Input                - Registered new binding: Dev Options - CTRL+0
02:06:41.987 [JavaFX Application Thread] DEBUG Input                - Registered new binding: System info dump - CTRL+9
02:06:41.988 [JavaFX Application Thread] DEBUG Input                - Registered new binding: Restart - CTRL+R
02:06:41.988 [JavaFX Application Thread] DEBUG Input                - Registered new binding: New ball - Space
02:06:41.989 [JavaFX Application Thread] DEBUG Input                - Registered new binding: Move Left - A
02:06:41.989 [JavaFX Application Thread] DEBUG Input                - Registered new binding: Move Right - D
02:06:41.989 [JavaFX Application Thread] DEBUG Input                - Registered new binding: Add Level - N
02:06:41.990 [JavaFX Application Thread] DEBUG Input                - Registered new binding: Enable Level values editor - T
02:06:41.992 [JavaFX Application Thread] DEBUG AssetLoader          - Loading from cache: /assets/ui/fonts/VarelaRound-Regular.ttf
02:06:42.001 [JavaFX Application Thread] DEBUG AssetLoader          - Loading from cache: /assets/ui/fonts/VarelaRound-Regular.ttf
02:06:42.006 [JavaFX Application Thread] DEBUG AssetLoader          - Loading from disk: /assets/properties/languages/english.properties
02:06:42.013 [JavaFX Application Thread] DEBUG AssetLoader          - Loading from cache: /assets/ui/fonts/VarelaRound-Regular.ttf
02:06:42.015 [JavaFX Application Thread] DEBUG AppStateMachine      - Push state: DialogSubState
02:06:42.015 [JavaFX Application Thread] DEBUG Input                - Clearing active input actions
02:06:42.015 [JavaFX Application Thread] DEBUG AppStateMachine      - StartupState -> DialogSubState
02:06:42.036 [JavaFX Application Thread] DEBUG AssetLoader          - Loading from cache: /assets/ui/fonts/VarelaRound-Regular.ttf
02:06:42.050 [JavaFX Application Thread] DEBUG AssetLoader          - Loading from cache: /assets/ui/fonts/VarelaRound-Regular.ttf
02:06:42.051 [JavaFX Application Thread] DEBUG AssetLoader          - Loading from cache: /assets/ui/fonts/VarelaRound-Regular.ttf
02:06:42.051 [JavaFX Application Thread] DEBUG AssetLoader          - Loading from cache: /assets/properties/languages/english.properties
02:06:42.054 [JavaFX Application Thread] DEBUG AssetLoader          - Loading from cache: /assets/ui/fonts/VarelaRound-Regular.ttf
02:06:42.060 [JavaFX Application Thread] DEBUG AssetLoader          - Loading from cache: /assets/ui/fonts/VarelaRound-Regular.ttf
02:06:42.061 [JavaFX Application Thread] DEBUG AssetLoader          - Loading from cache: /assets/ui/fonts/VarelaRound-Regular.ttf
02:06:42.062 [JavaFX Application Thread] DEBUG AssetLoader          - Loading from cache: /assets/ui/fonts/VarelaRound-Regular.ttf
02:06:42.062 [JavaFX Application Thread] DEBUG AssetLoader          - Loading from cache: /assets/properties/languages/english.properties
02:06:42.063 [JavaFX Application Thread] DEBUG AssetLoader          - Loading from cache: /assets/ui/fonts/VarelaRound-Regular.ttf
02:06:42.065 [JavaFX Application Thread] DEBUG AssetLoader          - Loading from cache: /assets/ui/fonts/VarelaRound-Regular.ttf
02:06:42.066 [JavaFX Application Thread] DEBUG AssetLoader          - Loading from cache: /assets/ui/fonts/VarelaRound-Regular.ttf
02:06:42.067 [JavaFX Application Thread] DEBUG AssetLoader          - Loading from cache: /assets/ui/fonts/VarelaRound-Regular.ttf
02:06:42.067 [JavaFX Application Thread] DEBUG AssetLoader          - Loading from cache: /assets/properties/languages/english.properties
02:06:42.068 [JavaFX Application Thread] DEBUG AssetLoader          - Loading from cache: /assets/ui/fonts/VarelaRound-Regular.ttf
02:06:42.070 [JavaFX Application Thread] DEBUG AssetLoader          - Loading from cache: /assets/ui/fonts/VarelaRound-Regular.ttf
02:06:42.070 [JavaFX Application Thread] DEBUG AssetLoader          - Loading from cache: /assets/ui/fonts/VarelaRound-Regular.ttf
02:06:42.070 [JavaFX Application Thread] DEBUG AssetLoader          - Loading from cache: /assets/properties/languages/english.properties
02:06:42.071 [JavaFX Application Thread] DEBUG AssetLoader          - Loading from cache: /assets/ui/fonts/VarelaRound-Regular.ttf
02:06:42.073 [JavaFX Application Thread] INFO  FXGL                 - FXGL initialization took: 1,851 sec
02:06:42.073 [JavaFX Application Thread] DEBUG LoopRunner           - Starting loop
02:07:00.768 [JavaFX Application Thread] DEBUG AssetLoader          - Loading from cache: /assets/sounds/menu/select.wav
02:07:01.278 [JavaFX Application Thread] DEBUG AssetLoader          - Loading from cache: /assets/ui/fonts/VarelaRound-Regular.ttf
02:07:07.427 [JavaFX Application Thread] DEBUG AssetLoader          - Loading from cache: /assets/sounds/menu/select.wav
02:07:07.882 [JavaFX Application Thread] DEBUG AssetLoader          - Loading from cache: /assets/ui/fonts/VarelaRound-Regular.ttf
02:07:09.115 [JavaFX Application Thread] DEBUG AssetLoader          - Loading from cache: /assets/sounds/menu/select.wav
02:07:10.806 [JavaFX Application Thread] DEBUG AssetLoader          - Loading from cache: /assets/ui/fonts/VarelaRound-Regular.ttf
02:07:11.579 [JavaFX Application Thread] DEBUG AssetLoader          - Loading from cache: /assets/sounds/menu/select.wav
02:07:12.605 [JavaFX Application Thread] DEBUG AssetLoader          - Loading from cache: /assets/ui/fonts/VarelaRound-Regular.ttf
02:07:12.621 [JavaFX Application Thread] DEBUG AssetLoader          - Loading from cache: /assets/sounds/menu/select.wav
02:07:15.248 [JavaFX Application Thread] DEBUG AssetLoader          - Loading from cache: /assets/sounds/menu/select.wav
02:07:16.677 [JavaFX Application Thread] DEBUG AppStateMachine      - Pop state: DialogSubState
02:07:16.678 [JavaFX Application Thread] DEBUG Input                - Clearing active input actions
02:07:16.678 [JavaFX Application Thread] DEBUG AppStateMachine      - StartupState <- DialogSubState
02:07:16.682 [JavaFX Application Thread] DEBUG StartupState         - STARTUP
02:07:16.682 [JavaFX Application Thread] DEBUG GameApplication      - Starting new game
02:07:16.682 [JavaFX Application Thread] DEBUG Input                - Clearing active input actions
02:07:16.682 [JavaFX Application Thread] DEBUG AssetLoader          - Loading from disk: /assets/ui/css/fxgl_dark.css
02:07:16.692 [JavaFX Application Thread] DEBUG AppStateMachine      - StartupState -> LoadingState
02:07:16.700 [FXGL Background Thread 1 ] DEBUG InitAppTask          - Clearing previous game
02:07:16.700 [FXGL Background Thread 1 ] DEBUG GameWorld            - Clearing game world
02:07:16.700 [FXGL Background Thread 1 ] DEBUG PhysicsWorld         - Clearing physics world
02:07:16.700 [FXGL Background Thread 1 ] DEBUG GameScene            - Clearing game scene
02:07:16.702 [FXGL Background Thread 1 ] DEBUG InitAppTask          - Initializing Game
02:07:16.867 [FXGL Background Thread 1 ] DEBUG AudioPlayer          - Playing music com.almasb.fxgl.audio.Music@7d11753b
02:07:16.890 [FXGL Background Thread 1 ] DEBUG GameScene            - Creating render group for layer: BACKGROUND(1000)
02:07:16.953 [FXGL Background Thread 1 ] DEBUG GameScene            - Creating render group for layer: DEFAULT(100000)
02:07:16.954 [FXGL Background Thread 1 ] DEBUG InitAppTask          - Initializing Physics
02:07:16.956 [FXGL Background Thread 1 ] DEBUG InitAppTask          - Initializing UI
02:07:16.959 [FXGL Background Thread 1 ] DEBUG InitAppTask          - Initialization Complete
02:07:16.959 [FXGL Background Thread 1 ] INFO  InitAppTask          - Game initialization took: 0,259 sec
02:07:16.962 [JavaFX Application Thread] DEBUG Input                - Clearing active input actions
02:07:16.962 [JavaFX Application Thread] DEBUG AssetLoader          - Loading from disk: /assets/ui/css/fxgl_dark.css
02:07:16.971 [JavaFX Application Thread] DEBUG AppStateMachine      - LoadingState -> PlayState
02:07:26.202 [JavaFX Application Thread] DEBUG AssetLoader          - Loading from cache: /assets/sounds/GlassHit.wav
02:07:26.202 [JavaFX Application Thread] DEBUG AssetLoader          - Loading from cache: /assets/sounds/Oof.wav
02:07:29.210 [JavaFX Application Thread] DEBUG AssetLoader          - Loading from cache: /assets/sounds/GlassHit.wav
02:07:29.210 [JavaFX Application Thread] DEBUG AssetLoader          - Loading from cache: /assets/sounds/Oof.wav
02:07:32.218 [JavaFX Application Thread] DEBUG AssetLoader          - Loading from cache: /assets/sounds/GlassHit.wav
02:07:32.218 [JavaFX Application Thread] DEBUG AssetLoader          - Loading from cache: /assets/sounds/Oof.wav
02:07:35.386 [JavaFX Application Thread] DEBUG AssetLoader          - Loading from cache: /assets/sounds/WoodenHit.wav
02:07:38.491 [JavaFX Application Thread] DEBUG AssetLoader          - Loading from cache: /assets/sounds/WoodenHit.wav
02:07:41.402 [JavaFX Application Thread] DEBUG AssetLoader          - Loading from cache: /assets/sounds/WoodenHit.wav
02:07:44.410 [JavaFX Application Thread] DEBUG AssetLoader          - Loading from cache: /assets/sounds/GlassHit.wav
02:07:44.410 [JavaFX Application Thread] DEBUG AssetLoader          - Loading from cache: /assets/sounds/Oof.wav
02:07:44.426 [JavaFX Application Thread] DEBUG AssetLoader          - Loading from cache: /assets/sounds/WoodenHit.wav
02:07:44.426 [JavaFX Application Thread] DEBUG AssetLoader          - Loading from cache: /assets/sounds/Oof.wav
02:07:47.770 [JavaFX Application Thread] DEBUG AssetLoader          - Loading from cache: /assets/sounds/MetalHit.wav
02:07:47.962 [JavaFX Application Thread] DEBUG AssetLoader          - Loading from cache: /assets/sounds/MetalHit.wav
02:07:48.171 [JavaFX Application Thread] DEBUG AssetLoader          - Loading from cache: /assets/sounds/GlassHit.wav
02:07:48.171 [JavaFX Application Thread] DEBUG AssetLoader          - Loading from cache: /assets/sounds/Oof.wav
02:07:48.171 [JavaFX Application Thread] DEBUG AssetLoader          - Loading from cache: /assets/sounds/GlassHit.wav
02:07:48.172 [JavaFX Application Thread] DEBUG AssetLoader          - Loading from cache: /assets/sounds/Oof.wav
02:07:48.362 [JavaFX Application Thread] DEBUG AssetLoader          - Loading from cache: /assets/sounds/MetalHit.wav
02:07:48.570 [JavaFX Application Thread] DEBUG AssetLoader          - Loading from cache: /assets/sounds/GlassHit.wav
02:07:48.570 [JavaFX Application Thread] DEBUG AssetLoader          - Loading from cache: /assets/sounds/Oof.wav
02:07:48.762 [JavaFX Application Thread] DEBUG AssetLoader          - Loading from cache: /assets/sounds/WoodenHit.wav
02:07:48.970 [JavaFX Application Thread] DEBUG AssetLoader          - Loading from cache: /assets/sounds/MetalHit.wav
02:07:49.162 [JavaFX Application Thread] DEBUG AssetLoader          - Loading from cache: /assets/sounds/GlassHit.wav
02:07:49.162 [JavaFX Application Thread] DEBUG AssetLoader          - Loading from cache: /assets/sounds/Oof.wav
02:07:49.370 [JavaFX Application Thread] DEBUG AssetLoader          - Loading from cache: /assets/sounds/GlassHit.wav
02:07:49.370 [JavaFX Application Thread] DEBUG AssetLoader          - Loading from cache: /assets/sounds/Oof.wav
02:07:53.018 [JavaFX Application Thread] DEBUG AssetLoader          - Loading from cache: /assets/sounds/WoodenHit.wav
02:07:53.018 [JavaFX Application Thread] DEBUG AssetLoader          - Loading from cache: /assets/sounds/Oof.wav
02:07:53.034 [JavaFX Application Thread] DEBUG AssetLoader          - Loading from cache: /assets/sounds/GlassHit.wav
02:07:53.034 [JavaFX Application Thread] DEBUG AssetLoader          - Loading from cache: /assets/sounds/Oof.wav
02:07:56.666 [JavaFX Application Thread] DEBUG AssetLoader          - Loading from cache: /assets/sounds/GlassHit.wav
02:07:56.666 [JavaFX Application Thread] DEBUG AssetLoader          - Loading from cache: /assets/sounds/Oof.wav
02:07:57.066 [JavaFX Application Thread] DEBUG AssetLoader          - Loading from cache: /assets/sounds/GlassHit.wav
02:07:57.066 [JavaFX Application Thread] DEBUG AssetLoader          - Loading from cache: /assets/sounds/Oof.wav
02:08:00.202 [JavaFX Application Thread] DEBUG AssetLoader          - Loading from cache: /assets/sounds/MetalHit.wav
02:08:03.258 [JavaFX Application Thread] DEBUG AssetLoader          - Loading from cache: /assets/sounds/GlassHit.wav
02:08:03.258 [JavaFX Application Thread] DEBUG AssetLoader          - Loading from cache: /assets/sounds/Oof.wav
02:08:07.386 [JavaFX Application Thread] DEBUG AssetLoader          - Loading from cache: /assets/sounds/GlassHit.wav
02:08:07.386 [JavaFX Application Thread] DEBUG AssetLoader          - Loading from cache: /assets/sounds/Oof.wav
02:08:07.418 [JavaFX Application Thread] DEBUG AssetLoader          - Loading from cache: /assets/sounds/MetalHit.wav
02:08:10.332 [JavaFX Application Thread] DEBUG AssetLoader          - Loading from cache: /assets/sounds/WoodenHit.wav
02:08:13.418 [JavaFX Application Thread] DEBUG AssetLoader          - Loading from cache: /assets/sounds/WoodenHit.wav
02:08:13.434 [JavaFX Application Thread] DEBUG AssetLoader          - Loading from cache: /assets/sounds/WoodenHit.wav
02:08:16.474 [JavaFX Application Thread] DEBUG AssetLoader          - Loading from cache: /assets/sounds/WoodenHit.wav
02:08:19.514 [JavaFX Application Thread] DEBUG AssetLoader          - Loading from cache: /assets/sounds/MetalHit.wav
02:08:22.572 [JavaFX Application Thread] DEBUG AssetLoader          - Loading from cache: /assets/sounds/WoodenHit.wav
02:08:22.572 [JavaFX Application Thread] DEBUG AssetLoader          - Loading from cache: /assets/sounds/Oof.wav
02:08:25.627 [JavaFX Application Thread] DEBUG AssetLoader          - Loading from cache: /assets/sounds/WoodenHit.wav
02:08:25.659 [JavaFX Application Thread] DEBUG AssetLoader          - Loading from cache: /assets/sounds/WoodenHit.wav
02:08:28.762 [JavaFX Application Thread] DEBUG AssetLoader          - Loading from cache: /assets/sounds/WoodenHit.wav
02:08:28.762 [JavaFX Application Thread] DEBUG AssetLoader          - Loading from cache: /assets/sounds/Oof.wav
02:08:28.779 [JavaFX Application Thread] DEBUG AssetLoader          - Loading from cache: /assets/sounds/WoodenHit.wav
02:08:33.019 [JavaFX Application Thread] DEBUG AssetLoader          - Loading from cache: /assets/sounds/WoodenHit.wav
02:08:33.050 [JavaFX Application Thread] DEBUG AssetLoader          - Loading from cache: /assets/sounds/GlassHit.wav
02:08:33.050 [JavaFX Application Thread] DEBUG AssetLoader          - Loading from cache: /assets/sounds/Oof.wav
02:08:36.331 [JavaFX Application Thread] DEBUG AssetLoader          - Loading from cache: /assets/sounds/MetalHit.wav
02:08:36.331 [JavaFX Application Thread] DEBUG AssetLoader          - Loading from cache: /assets/sounds/GlassHit.wav
02:08:36.331 [JavaFX Application Thread] DEBUG AssetLoader          - Loading from cache: /assets/sounds/Oof.wav
02:08:39.562 [JavaFX Application Thread] DEBUG AssetLoader          - Loading from cache: /assets/sounds/WoodenHit.wav
02:08:39.562 [JavaFX Application Thread] DEBUG AssetLoader          - Loading from cache: /assets/sounds/Oof.wav
02:08:42.602 [JavaFX Application Thread] DEBUG AssetLoader          - Loading from cache: /assets/sounds/GlassHit.wav
02:08:42.602 [JavaFX Application Thread] DEBUG AssetLoader          - Loading from cache: /assets/sounds/Oof.wav
02:08:42.714 [JavaFX Application Thread] DEBUG AssetLoader          - Loading from cache: /assets/sounds/MetalHit.wav
02:08:44.107 [JavaFX Application Thread] DEBUG AssetLoader          - Loading from cache: /assets/ui/fonts/VarelaRound-Regular.ttf
02:08:44.107 [JavaFX Application Thread] DEBUG AssetLoader          - Loading from cache: /assets/ui/fonts/VarelaRound-Regular.ttf
02:08:44.107 [JavaFX Application Thread] DEBUG AssetLoader          - Loading from cache: /assets/properties/languages/english.properties
02:08:44.108 [JavaFX Application Thread] DEBUG AssetLoader          - Loading from cache: /assets/ui/fonts/VarelaRound-Regular.ttf
02:08:44.108 [JavaFX Application Thread] DEBUG AssetLoader          - Loading from cache: /assets/properties/languages/english.properties
02:08:44.109 [JavaFX Application Thread] DEBUG AssetLoader          - Loading from cache: /assets/ui/fonts/VarelaRound-Regular.ttf
02:08:44.110 [JavaFX Application Thread] DEBUG AppStateMachine      - Push state: DialogSubState
02:08:44.110 [JavaFX Application Thread] DEBUG Input                - Clearing active input actions
02:08:44.110 [JavaFX Application Thread] DEBUG AppStateMachine      - PlayState -> DialogSubState
02:08:47.442 [JavaFX Application Thread] DEBUG AssetLoader          - Loading from cache: /assets/sounds/menu/select.wav
02:08:47.760 [JavaFX Application Thread] DEBUG AssetLoader          - Loading from cache: /assets/sounds/menu/select.wav
02:08:51.457 [JavaFX Application Thread] DEBUG AppStateMachine      - Pop state: DialogSubState
02:08:51.457 [JavaFX Application Thread] DEBUG Input                - Clearing active input actions
02:08:51.458 [JavaFX Application Thread] DEBUG AppStateMachine      - PlayState <- DialogSubState
02:08:51.460 [JavaFX Application Thread] DEBUG GameApplication      - Starting new game
02:08:51.460 [JavaFX Application Thread] DEBUG Input                - Clearing active input actions
02:08:51.471 [JavaFX Application Thread] DEBUG AppStateMachine      - PlayState -> LoadingState
02:08:51.472 [FXGL Background Thread 2 ] DEBUG InitAppTask          - Clearing previous game
02:08:51.472 [FXGL Background Thread 2 ] DEBUG GameWorld            - Clearing game world
02:08:51.473 [FXGL Background Thread 2 ] DEBUG PhysicsWorld         - Clearing physics world
02:08:51.473 [FXGL Background Thread 2 ] DEBUG GameScene            - Clearing game scene
02:08:51.473 [FXGL Background Thread 2 ] DEBUG InitAppTask          - Initializing Game
02:08:51.475 [FXGL Background Thread 2 ] DEBUG AssetLoader          - Loading from cache: /assets/music/BGM01.wav
02:08:51.476 [FXGL Background Thread 2 ] DEBUG AudioPlayer          - Playing music com.almasb.fxgl.audio.Music@7d11753b
02:08:51.476 [FXGL Background Thread 2 ] DEBUG GameScene            - Creating render group for layer: BACKGROUND(1000)
02:08:51.478 [FXGL Background Thread 2 ] DEBUG GameScene            - Creating render group for layer: DEFAULT(100000)
02:08:51.478 [FXGL Background Thread 2 ] DEBUG InitAppTask          - Initializing Physics
02:08:51.479 [FXGL Background Thread 2 ] DEBUG InitAppTask          - Initializing UI
02:08:51.479 [FXGL Background Thread 2 ] DEBUG InitAppTask          - Initialization Complete
02:08:51.480 [FXGL Background Thread 2 ] INFO  InitAppTask          - Game initialization took: 0,008 sec
02:08:51.482 [JavaFX Application Thread] DEBUG Input                - Clearing active input actions
02:08:51.491 [JavaFX Application Thread] DEBUG AppStateMachine      - LoadingState -> PlayState
02:08:53.404 [JavaFX Application Thread] DEBUG Input                - Registered new binding: Resume - Esc
02:08:53.404 [JavaFX Application Thread] DEBUG AssetLoader          - Loading from disk: /assets/textures/pause_menu_bg.png
02:08:53.446 [JavaFX Application Thread] DEBUG AssetLoader          - Loading from cache: /assets/properties/languages/english.properties
02:08:53.446 [JavaFX Application Thread] DEBUG AssetLoader          - Loading from cache: /assets/ui/fonts/VarelaRound-Regular.ttf
02:08:53.447 [JavaFX Application Thread] DEBUG AssetLoader          - Loading from cache: /assets/properties/languages/english.properties
02:08:53.448 [JavaFX Application Thread] DEBUG AssetLoader          - Loading from cache: /assets/ui/fonts/VarelaRound-Regular.ttf
02:08:53.459 [JavaFX Application Thread] DEBUG AppStateMachine      - Push state: PauseMenuSubState
02:08:53.460 [JavaFX Application Thread] DEBUG Input                - Clearing active input actions
02:08:53.460 [JavaFX Application Thread] DEBUG AppStateMachine      - PlayState -> PauseMenuSubState
02:08:53.570 [JavaFX Application Thread] DEBUG AssetLoader          - Loading from cache: /assets/sounds/menu/select.wav
02:08:53.604 [JavaFX Application Thread] DEBUG AssetLoader          - Loading from cache: /assets/sounds/menu/select.wav
02:08:53.887 [JavaFX Application Thread] DEBUG AssetLoader          - Loading from cache: /assets/sounds/menu/select.wav
02:08:54.081 [JavaFX Application Thread] DEBUG AssetLoader          - Loading from cache: /assets/sounds/menu/select.wav
02:08:54.565 [JavaFX Application Thread] DEBUG FXGL                 - Exiting FXGL
02:08:54.565 [JavaFX Application Thread] DEBUG FXGL                 - Shutting down background threads
02:08:54.566 [JavaFX Application Thread] DEBUG FXGL                 - Saving FXGL system data
02:08:54.570 [JavaFX Application Thread] DEBUG DesktopFSService     - Writing to: system\fxgl.bundle
02:08:54.576 [JavaFX Application Thread] DEBUG FXGL                 - Closing logger and exiting JavaFX
