17:14:51.079 [JavaFX Application Thread] DEBUG GameApplication      - Logger initialized
17:14:51.118 [JavaFX Application Thread] DEBUG GameApplication      - Logging settings
Title: Breakout
Version: 0.1
Width: 800
Height: 800
Fullscreen: false
Intro: false
Menus: false
Profiling: false
Single step:false
App Mode: DEVELOPER
Menu Key: ESCAPE
Stage Style: DECORATED
Scene Factory: class com.almasb.fxgl.scene.SceneFactory
Dialog Factory: class com.almasb.fxgl.ui.FXGLDialogFactory
UI Factory: class com.almasb.fxgl.ui.FXGLUIFactory
Notification Service: class com.almasb.fxgl.gameplay.notification.XboxNotificationView
Exception Handler: class com.almasb.fxgl.app.FXGLExceptionHandler
17:14:51.119 [JavaFX Application Thread] DEBUG GameApplication      - Starting FXGL
17:14:51.160 [JavaFX Application Thread] INFO  FXGL                 - FXGL-0.5.4 on DESKTOP
17:14:51.161 [JavaFX Application Thread] INFO  FXGL                 - Source code and latest versions at: https://github.com/AlmasB/FXGL
17:14:51.161 [JavaFX Application Thread] INFO  FXGL                 -              Join the FXGL chat at: https://gitter.im/AlmasB/FXGL
17:14:51.161 [JavaFX Application Thread] DEBUG FXGL                 - FXGL started
17:14:51.162 [JavaFX Application Thread] DEBUG FXGL                 - Initializing FXGL
17:14:51.691 [JavaFX Application Thread] DEBUG AssetLoader          - Loading from disk: /assets/ui/cursors/fxgl_default.png
17:14:52.267 [JavaFX Application Thread] DEBUG AssetLoader          - Loading from disk: /assets/ui/fonts/VarelaRound-Regular.ttf
17:14:53.761 [JavaFX Application Thread] DEBUG MainWindow           - Creating a JavaFX scene
17:14:53.763 [JavaFX Application Thread] DEBUG MainWindow           - Target size > screen size
17:14:54.055 [JavaFX Application Thread] DEBUG MainWindow           - Target settings size: 800.0 x 800.0
17:14:54.056 [JavaFX Application Thread] DEBUG MainWindow           - Scaled scene size:    703.0 x 728.0
17:14:54.056 [JavaFX Application Thread] DEBUG MainWindow           - Scaled ratio: (0.87875, 0.91)
17:14:54.073 [JavaFX Application Thread] DEBUG AssetLoader          - Loading from disk: /assets/ui/css/fxgl_dark.css
17:14:54.080 [JavaFX Application Thread] DEBUG AssetLoader          - Loading from disk: /assets/textures/fxgl_icon.png
17:14:54.172 [JavaFX Application Thread] DEBUG MainWindow           - Opening main window
17:15:01.519 [JavaFX Application Thread] DEBUG MainWindow           - Window border size: (6.0, 29.0)
17:15:01.519 [JavaFX Application Thread] DEBUG MainWindow           - Scaled size: 703.0 x 728.0
17:15:01.519 [JavaFX Application Thread] DEBUG MainWindow           - Scaled ratio: (0.87875, 0.91)
17:15:01.520 [JavaFX Application Thread] DEBUG MainWindow           - Scene size: 703.0 x 728.0
17:15:01.520 [JavaFX Application Thread] DEBUG MainWindow           - Stage size: 709.0 x 757.0
17:15:08.637 [ForkJoinPool.commonPool-worker-1] DEBUG FS                   - Loaded DesktopFSService
17:15:08.743 [ForkJoinPool.commonPool-worker-1] DEBUG FXGL                 - Loading default FXGL system data
17:15:08.770 [ForkJoinPool.commonPool-worker-1] DEBUG FXGL                 - Initializing state machine and application states
17:15:08.887 [ForkJoinPool.commonPool-worker-2] DEBUG UpdaterTask          - Checking for updates
17:15:08.888 [ForkJoinPool.commonPool-worker-1] DEBUG AssetLoader          - Loading from disk: /assets/ui/cursors/fxgl_default.png
17:15:09.442 [ForkJoinPool.commonPool-worker-1] DEBUG AssetLoader          - Loading from disk: /assets/ui/cursors/fxgl_default.png
17:15:12.346 [ForkJoinPool.commonPool-worker-1] DEBUG AssetLoader          - Loading from cache: /assets/ui/fonts/VarelaRound-Regular.ttf
17:15:14.637 [ForkJoinPool.commonPool-worker-1] DEBUG AssetLoader          - Loading from disk: /assets/ui/cursors/fxgl_default.png
17:15:14.771 [ForkJoinPool.commonPool-worker-1] DEBUG GameScene            - Game scene initialized: 800x800
17:15:15.237 [ForkJoinPool.commonPool-worker-1] DEBUG GameWorld            - Game world initialized
17:15:19.150 [ForkJoinPool.commonPool-worker-1] DEBUG PhysicsWorld         - Physics world initialized: appHeight=800, physics.ppm=50,0
17:15:19.270 [ForkJoinPool.commonPool-worker-1] DEBUG Input                - Registered new binding: Pause - Esc
17:15:20.792 [JavaFX Application Thread] DEBUG FXGL                 - Running preInit()
17:15:20.843 [JavaFX Application Thread] DEBUG Input                - Registered new binding: Screenshot - P
17:15:20.844 [JavaFX Application Thread] DEBUG Input                - Registered new binding: Dev Options - CTRL+0
17:15:20.844 [JavaFX Application Thread] DEBUG Input                - Registered new binding: System info dump - CTRL+9
17:15:20.845 [JavaFX Application Thread] DEBUG Input                - Registered new binding: Restart - CTRL+R
17:15:20.849 [JavaFX Application Thread] INFO  FXGL                 - FXGL initialization took: 29,686 sec
17:15:20.849 [JavaFX Application Thread] DEBUG LoopRunner           - Starting loop
17:15:20.853 [JavaFX Application Thread] DEBUG StartupState         - STARTUP
17:15:20.854 [JavaFX Application Thread] DEBUG GameApplication      - Starting new game
17:15:20.854 [JavaFX Application Thread] DEBUG Input                - Clearing active input actions
17:15:20.855 [JavaFX Application Thread] DEBUG AssetLoader          - Loading from disk: /assets/ui/css/fxgl_dark.css
17:15:20.865 [JavaFX Application Thread] DEBUG AppStateMachine      - StartupState -> LoadingState
17:15:20.871 [FXGL Background Thread 1 ] DEBUG InitAppTask          - Clearing previous game
17:15:20.872 [FXGL Background Thread 1 ] DEBUG GameWorld            - Clearing game world
17:15:20.872 [FXGL Background Thread 1 ] DEBUG PhysicsWorld         - Clearing physics world
17:15:20.872 [FXGL Background Thread 1 ] DEBUG GameScene            - Clearing game scene
17:15:20.874 [FXGL Background Thread 1 ] DEBUG InitAppTask          - Initializing Game
17:15:21.117 [FXGL Background Thread 1 ] DEBUG InitAppTask          - Initializing Physics
17:15:21.117 [FXGL Background Thread 1 ] DEBUG InitAppTask          - Initializing UI
17:15:21.117 [FXGL Background Thread 1 ] DEBUG InitAppTask          - Initialization Complete
17:15:21.118 [FXGL Background Thread 1 ] INFO  InitAppTask          - Game initialization took: 0,247 sec
17:15:21.140 [JavaFX Application Thread] DEBUG FXGL                 - Exiting FXGL
17:15:21.140 [JavaFX Application Thread] DEBUG FXGL                 - Shutting down background threads
17:15:21.141 [JavaFX Application Thread] DEBUG FXGL                 - Saving FXGL system data
17:15:21.688 [JavaFX Application Thread] DEBUG DesktopFSService     - Writing to: system\fxgl.bundle
17:15:23.080 [JavaFX Application Thread] DEBUG FXGL                 - Closing logger and exiting JavaFX
