01:45:53.804 [JavaFX Application Thread] DEBUG GameApplication      - Logger initialized
01:45:53.830 [JavaFX Application Thread] DEBUG GameApplication      - Logging settings
Title: Breakout
Version: 0.1
Width: 600
Height: 700
Fullscreen: false
Intro: false
Menus: false
Profiling: false
Single step:false
App Mode: DEVELOPER
Menu Key: ESCAPE
Stage Style: DECORATED
Scene Factory: class com.almasb.fxgl.scene.SceneFactory
Dialog Factory: class com.almasb.fxgl.ui.FXGLDialogFactory
UI Factory: class com.almasb.fxgl.ui.FXGLUIFactory
Notification Service: class com.almasb.fxgl.gameplay.notification.XboxNotificationView
Exception Handler: class com.almasb.fxgl.app.FXGLExceptionHandler
01:45:53.831 [JavaFX Application Thread] DEBUG GameApplication      - Starting FXGL
01:45:53.846 [JavaFX Application Thread] INFO  FXGL                 - FXGL-0.5.4 on DESKTOP
01:45:53.846 [JavaFX Application Thread] INFO  FXGL                 - Source code and latest versions at: https://github.com/AlmasB/FXGL
01:45:53.847 [JavaFX Application Thread] INFO  FXGL                 -              Join the FXGL chat at: https://gitter.im/AlmasB/FXGL
01:45:53.847 [JavaFX Application Thread] DEBUG FXGL                 - FXGL started
01:45:53.848 [JavaFX Application Thread] DEBUG FXGL                 - Initializing FXGL
01:45:53.951 [JavaFX Application Thread] DEBUG AssetLoader          - Loading from disk: /assets/ui/cursors/fxgl_default.png
01:45:54.035 [JavaFX Application Thread] DEBUG AssetLoader          - Loading from disk: /assets/ui/fonts/VarelaRound-Regular.ttf
01:45:54.369 [JavaFX Application Thread] DEBUG MainWindow           - Creating a JavaFX scene
01:45:54.478 [JavaFX Application Thread] DEBUG MainWindow           - Target settings size: 600.0 x 700.0
01:45:54.478 [JavaFX Application Thread] DEBUG MainWindow           - Scaled scene size:    600.0 x 700.0
01:45:54.479 [JavaFX Application Thread] DEBUG MainWindow           - Scaled ratio: (1.0, 1.0)
01:45:54.483 [JavaFX Application Thread] DEBUG AssetLoader          - Loading from disk: /assets/ui/css/fxgl_dark.css
01:45:54.496 [JavaFX Application Thread] DEBUG AssetLoader          - Loading from disk: /assets/textures/fxgl_icon.png
01:45:54.525 [JavaFX Application Thread] DEBUG MainWindow           - Opening main window
01:45:55.084 [JavaFX Application Thread] DEBUG MainWindow           - Window border size: (6.0, 29.0)
01:45:55.084 [JavaFX Application Thread] DEBUG MainWindow           - Scaled size: 600.0 x 700.0
01:45:55.085 [JavaFX Application Thread] DEBUG MainWindow           - Scaled ratio: (1.0, 1.0)
01:45:55.085 [JavaFX Application Thread] DEBUG MainWindow           - Scene size: 600.0 x 700.0
01:45:55.088 [JavaFX Application Thread] DEBUG MainWindow           - Stage size: 606.0 x 729.0
01:45:55.291 [ForkJoinPool.commonPool-worker-1] DEBUG FS                   - Loaded DesktopFSService
01:45:55.291 [ForkJoinPool.commonPool-worker-1] DEBUG FXGL                 - Loading FXGL system data
01:45:55.302 [ForkJoinPool.commonPool-worker-1] DEBUG DesktopFSService     - Reading from: system\fxgl.bundle
01:45:55.321 [ForkJoinPool.commonPool-worker-1] DEBUG Bundle               - Logging bundle: FXGL
01:45:55.323 [ForkJoinPool.commonPool-worker-1] DEBUG Bundle               - FXGL.offline.timer.version.check=2018-12-02T17:17:06.777
01:45:55.324 [ForkJoinPool.commonPool-worker-1] DEBUG FXGL                 - Initializing state machine and application states
01:45:55.327 [ForkJoinPool.commonPool-worker-1] DEBUG AssetLoader          - Loading from disk: /assets/ui/cursors/fxgl_default.png
01:45:55.338 [ForkJoinPool.commonPool-worker-1] DEBUG AssetLoader          - Loading from disk: /assets/ui/cursors/fxgl_default.png
01:45:55.350 [ForkJoinPool.commonPool-worker-1] DEBUG AssetLoader          - Loading from cache: /assets/ui/fonts/VarelaRound-Regular.ttf
01:45:55.358 [ForkJoinPool.commonPool-worker-1] DEBUG AssetLoader          - Loading from disk: /assets/ui/cursors/fxgl_default.png
01:45:55.363 [ForkJoinPool.commonPool-worker-1] DEBUG GameScene            - Game scene initialized: 600x700
01:45:55.402 [ForkJoinPool.commonPool-worker-1] DEBUG GameWorld            - Game world initialized
01:45:55.577 [ForkJoinPool.commonPool-worker-1] DEBUG PhysicsWorld         - Physics world initialized: appHeight=700, physics.ppm=50,0
01:45:55.624 [ForkJoinPool.commonPool-worker-1] DEBUG Input                - Registered new binding: Pause - Esc
01:45:55.731 [JavaFX Application Thread] DEBUG FXGL                 - Running preInit()
01:45:55.734 [JavaFX Application Thread] DEBUG Input                - Registered new binding: Screenshot - P
01:45:55.736 [JavaFX Application Thread] DEBUG Input                - Registered new binding: Dev Options - CTRL+0
01:45:55.738 [JavaFX Application Thread] DEBUG Input                - Registered new binding: System info dump - CTRL+9
01:45:55.739 [JavaFX Application Thread] DEBUG Input                - Registered new binding: Restart - CTRL+R
01:45:55.739 [JavaFX Application Thread] DEBUG Input                - Registered new binding: New ball - Space
01:45:55.739 [JavaFX Application Thread] DEBUG Input                - Registered new binding: Move Left - A
01:45:55.740 [JavaFX Application Thread] DEBUG Input                - Registered new binding: Move Right - D
01:45:55.740 [JavaFX Application Thread] DEBUG Input                - Registered new binding: Add Level - N
01:45:55.740 [JavaFX Application Thread] DEBUG Input                - Registered new binding: Enable Level values editor - T
01:45:55.742 [JavaFX Application Thread] INFO  FXGL                 - FXGL initialization took: 1,893 sec
01:45:55.742 [JavaFX Application Thread] DEBUG LoopRunner           - Starting loop
01:45:55.744 [JavaFX Application Thread] DEBUG StartupState         - STARTUP
01:45:55.745 [JavaFX Application Thread] DEBUG GameApplication      - Starting new game
01:45:55.745 [JavaFX Application Thread] DEBUG Input                - Clearing active input actions
01:45:55.747 [JavaFX Application Thread] DEBUG AssetLoader          - Loading from disk: /assets/ui/css/fxgl_dark.css
01:45:55.760 [JavaFX Application Thread] DEBUG AppStateMachine      - StartupState -> LoadingState
01:45:55.843 [FXGL Background Thread 1 ] DEBUG InitAppTask          - Clearing previous game
01:45:55.844 [FXGL Background Thread 1 ] DEBUG GameWorld            - Clearing game world
01:45:55.844 [FXGL Background Thread 1 ] DEBUG PhysicsWorld         - Clearing physics world
01:45:55.844 [FXGL Background Thread 1 ] DEBUG GameScene            - Clearing game scene
01:45:55.847 [FXGL Background Thread 1 ] DEBUG InitAppTask          - Initializing Game
01:45:56.288 [FXGL Background Thread 1 ] DEBUG AudioPlayer          - Playing music com.almasb.fxgl.audio.Music@73113010
01:45:56.318 [FXGL Background Thread 1 ] DEBUG GameScene            - Creating render group for layer: BACKGROUND(1000)
01:45:56.414 [FXGL Background Thread 1 ] DEBUG GameScene            - Creating render group for layer: DEFAULT(100000)
01:45:56.418 [FXGL Background Thread 1 ] DEBUG InitAppTask          - Initializing Physics
01:45:56.419 [FXGL Background Thread 1 ] DEBUG InitAppTask          - Initializing UI
01:45:56.423 [FXGL Background Thread 1 ] DEBUG InitAppTask          - Initialization Complete
01:45:56.424 [FXGL Background Thread 1 ] INFO  InitAppTask          - Game initialization took: 0,581 sec
01:45:56.849 [JavaFX Application Thread] DEBUG Input                - Clearing active input actions
01:45:56.850 [JavaFX Application Thread] DEBUG AssetLoader          - Loading from disk: /assets/ui/css/fxgl_dark.css
01:45:56.860 [JavaFX Application Thread] DEBUG AppStateMachine      - LoadingState -> PlayState
01:45:58.376 [JavaFX Application Thread] DEBUG AssetLoader          - Loading from cache: /assets/ui/fonts/VarelaRound-Regular.ttf
01:45:58.410 [JavaFX Application Thread] DEBUG AssetLoader          - Loading from cache: /assets/ui/fonts/VarelaRound-Regular.ttf
01:45:58.419 [JavaFX Application Thread] DEBUG AssetLoader          - Loading from cache: /assets/ui/fonts/VarelaRound-Regular.ttf
01:45:58.422 [JavaFX Application Thread] DEBUG AssetLoader          - Loading from disk: /assets/properties/languages/english.properties
01:45:58.478 [JavaFX Application Thread] DEBUG AssetLoader          - Loading from cache: /assets/ui/fonts/VarelaRound-Regular.ttf
01:45:58.479 [JavaFX Application Thread] DEBUG AppStateMachine      - Push state: DialogSubState
01:45:58.480 [JavaFX Application Thread] DEBUG Input                - Clearing active input actions
01:45:58.480 [JavaFX Application Thread] DEBUG AppStateMachine      - PlayState -> DialogSubState
01:45:58.508 [JavaFX Application Thread] DEBUG AssetLoader          - Loading from cache: /assets/ui/fonts/VarelaRound-Regular.ttf
01:45:58.509 [JavaFX Application Thread] DEBUG AssetLoader          - Loading from cache: /assets/ui/fonts/VarelaRound-Regular.ttf
01:45:58.509 [JavaFX Application Thread] DEBUG AssetLoader          - Loading from cache: /assets/ui/fonts/VarelaRound-Regular.ttf
01:45:58.509 [JavaFX Application Thread] DEBUG AssetLoader          - Loading from cache: /assets/properties/languages/english.properties
01:45:58.511 [JavaFX Application Thread] DEBUG AssetLoader          - Loading from cache: /assets/ui/fonts/VarelaRound-Regular.ttf
01:45:58.513 [JavaFX Application Thread] DEBUG AssetLoader          - Loading from cache: /assets/ui/fonts/VarelaRound-Regular.ttf
01:45:58.514 [JavaFX Application Thread] DEBUG AssetLoader          - Loading from cache: /assets/ui/fonts/VarelaRound-Regular.ttf
01:45:58.515 [JavaFX Application Thread] DEBUG AssetLoader          - Loading from cache: /assets/ui/fonts/VarelaRound-Regular.ttf
01:45:58.515 [JavaFX Application Thread] DEBUG AssetLoader          - Loading from cache: /assets/properties/languages/english.properties
01:45:58.516 [JavaFX Application Thread] DEBUG AssetLoader          - Loading from cache: /assets/ui/fonts/VarelaRound-Regular.ttf
01:46:06.431 [JavaFX Application Thread] DEBUG AssetLoader          - Loading from cache: /assets/sounds/menu/select.wav
01:46:06.710 [JavaFX Application Thread] DEBUG AssetLoader          - Loading from cache: /assets/ui/fonts/VarelaRound-Regular.ttf
01:46:12.703 [JavaFX Application Thread] DEBUG AssetLoader          - Loading from cache: /assets/sounds/menu/select.wav
01:46:12.963 [JavaFX Application Thread] DEBUG AssetLoader          - Loading from cache: /assets/ui/fonts/VarelaRound-Regular.ttf
01:46:13.634 [JavaFX Application Thread] DEBUG AssetLoader          - Loading from cache: /assets/sounds/menu/select.wav
01:46:14.765 [JavaFX Application Thread] DEBUG AppStateMachine      - Pop state: DialogSubState
01:46:14.765 [JavaFX Application Thread] DEBUG Input                - Clearing active input actions
01:46:14.766 [JavaFX Application Thread] DEBUG AppStateMachine      - PlayState <- DialogSubState
01:46:18.312 [JavaFX Application Thread] DEBUG AssetLoader          - Loading from cache: /assets/ui/fonts/VarelaRound-Regular.ttf
01:46:18.313 [JavaFX Application Thread] DEBUG AssetLoader          - Loading from cache: /assets/ui/fonts/VarelaRound-Regular.ttf
01:46:18.313 [JavaFX Application Thread] DEBUG AssetLoader          - Loading from cache: /assets/ui/fonts/VarelaRound-Regular.ttf
01:46:18.314 [JavaFX Application Thread] DEBUG AssetLoader          - Loading from cache: /assets/properties/languages/english.properties
01:46:18.314 [JavaFX Application Thread] DEBUG AssetLoader          - Loading from cache: /assets/ui/fonts/VarelaRound-Regular.ttf
01:46:18.315 [JavaFX Application Thread] DEBUG AppStateMachine      - Push state: DialogSubState
01:46:18.315 [JavaFX Application Thread] DEBUG Input                - Clearing active input actions
01:46:18.315 [JavaFX Application Thread] DEBUG AppStateMachine      - PlayState -> DialogSubState
01:46:18.318 [JavaFX Application Thread] DEBUG AssetLoader          - Loading from cache: /assets/ui/fonts/VarelaRound-Regular.ttf
01:46:18.319 [JavaFX Application Thread] DEBUG AssetLoader          - Loading from cache: /assets/ui/fonts/VarelaRound-Regular.ttf
01:46:18.320 [JavaFX Application Thread] DEBUG AssetLoader          - Loading from cache: /assets/ui/fonts/VarelaRound-Regular.ttf
01:46:18.320 [JavaFX Application Thread] DEBUG AssetLoader          - Loading from cache: /assets/properties/languages/english.properties
01:46:18.320 [JavaFX Application Thread] DEBUG AssetLoader          - Loading from cache: /assets/ui/fonts/VarelaRound-Regular.ttf
01:46:18.322 [JavaFX Application Thread] DEBUG AssetLoader          - Loading from cache: /assets/ui/fonts/VarelaRound-Regular.ttf
01:46:18.322 [JavaFX Application Thread] DEBUG AssetLoader          - Loading from cache: /assets/ui/fonts/VarelaRound-Regular.ttf
01:46:18.322 [JavaFX Application Thread] DEBUG AssetLoader          - Loading from cache: /assets/ui/fonts/VarelaRound-Regular.ttf
01:46:18.323 [JavaFX Application Thread] DEBUG AssetLoader          - Loading from cache: /assets/properties/languages/english.properties
01:46:18.323 [JavaFX Application Thread] DEBUG AssetLoader          - Loading from cache: /assets/ui/fonts/VarelaRound-Regular.ttf
01:46:20.993 [JavaFX Application Thread] DEBUG AssetLoader          - Loading from cache: /assets/sounds/menu/select.wav
01:46:21.169 [JavaFX Application Thread] DEBUG AssetLoader          - Loading from cache: /assets/sounds/menu/select.wav
01:46:21.569 [JavaFX Application Thread] DEBUG AssetLoader          - Loading from cache: /assets/ui/fonts/VarelaRound-Regular.ttf
01:46:28.351 [JavaFX Application Thread] DEBUG AssetLoader          - Loading from cache: /assets/sounds/menu/select.wav
01:46:28.783 [JavaFX Application Thread] DEBUG AssetLoader          - Loading from cache: /assets/ui/fonts/VarelaRound-Regular.ttf
01:46:31.491 [JavaFX Application Thread] DEBUG AssetLoader          - Loading from cache: /assets/sounds/menu/select.wav
01:46:33.460 [JavaFX Application Thread] DEBUG AppStateMachine      - Pop state: DialogSubState
01:46:33.460 [JavaFX Application Thread] DEBUG Input                - Clearing active input actions
01:46:33.461 [JavaFX Application Thread] DEBUG AppStateMachine      - PlayState <- DialogSubState
01:46:41.137 [JavaFX Application Thread] DEBUG AssetLoader          - Loading from cache: /assets/sounds/WoodenHit.wav
01:46:44.730 [JavaFX Application Thread] DEBUG AssetLoader          - Loading from cache: /assets/sounds/WoodenHit.wav
01:46:44.731 [JavaFX Application Thread] DEBUG AssetLoader          - Loading from cache: /assets/sounds/Oof.wav
01:46:44.929 [JavaFX Application Thread] DEBUG AssetLoader          - Loading from cache: /assets/sounds/GlassHit.wav
01:46:44.929 [JavaFX Application Thread] DEBUG AssetLoader          - Loading from cache: /assets/sounds/Oof.wav
01:46:45.202 [JavaFX Application Thread] DEBUG AssetLoader          - Loading from cache: /assets/sounds/WoodenHit.wav
01:46:45.473 [JavaFX Application Thread] DEBUG AssetLoader          - Loading from cache: /assets/sounds/GlassHit.wav
01:46:45.473 [JavaFX Application Thread] DEBUG AssetLoader          - Loading from cache: /assets/sounds/Oof.wav
01:46:45.728 [JavaFX Application Thread] DEBUG AssetLoader          - Loading from cache: /assets/sounds/GlassHit.wav
01:46:45.728 [JavaFX Application Thread] DEBUG AssetLoader          - Loading from cache: /assets/sounds/Oof.wav
01:46:45.890 [JavaFX Application Thread] DEBUG AssetLoader          - Loading from cache: /assets/sounds/WoodenHit.wav
01:46:46.066 [JavaFX Application Thread] DEBUG AssetLoader          - Loading from cache: /assets/sounds/MetalHit.wav
01:46:46.322 [JavaFX Application Thread] DEBUG AssetLoader          - Loading from cache: /assets/sounds/WoodenHit.wav
01:46:46.801 [JavaFX Application Thread] DEBUG AssetLoader          - Loading from cache: /assets/sounds/WoodenHit.wav
01:46:49.937 [JavaFX Application Thread] DEBUG AssetLoader          - Loading from cache: /assets/sounds/GlassHit.wav
01:46:49.937 [JavaFX Application Thread] DEBUG AssetLoader          - Loading from cache: /assets/sounds/Oof.wav
01:46:53.009 [JavaFX Application Thread] DEBUG AssetLoader          - Loading from cache: /assets/sounds/WoodenHit.wav
01:46:56.130 [JavaFX Application Thread] DEBUG AssetLoader          - Loading from cache: /assets/sounds/GlassHit.wav
01:46:56.130 [JavaFX Application Thread] DEBUG AssetLoader          - Loading from cache: /assets/sounds/Oof.wav
01:46:59.267 [JavaFX Application Thread] DEBUG AssetLoader          - Loading from cache: /assets/sounds/GlassHit.wav
01:46:59.267 [JavaFX Application Thread] DEBUG AssetLoader          - Loading from cache: /assets/sounds/Oof.wav
01:47:02.385 [JavaFX Application Thread] DEBUG AssetLoader          - Loading from cache: /assets/sounds/GlassHit.wav
01:47:02.385 [JavaFX Application Thread] DEBUG AssetLoader          - Loading from cache: /assets/sounds/Oof.wav
01:47:05.490 [JavaFX Application Thread] DEBUG AssetLoader          - Loading from cache: /assets/sounds/WoodenHit.wav
01:47:08.609 [JavaFX Application Thread] DEBUG AssetLoader          - Loading from cache: /assets/sounds/WoodenHit.wav
01:47:11.714 [JavaFX Application Thread] DEBUG AssetLoader          - Loading from cache: /assets/sounds/GlassHit.wav
01:47:11.714 [JavaFX Application Thread] DEBUG AssetLoader          - Loading from cache: /assets/sounds/Oof.wav
01:47:14.673 [JavaFX Application Thread] DEBUG AssetLoader          - Loading from cache: /assets/sounds/WoodenHit.wav
01:47:14.673 [JavaFX Application Thread] DEBUG AssetLoader          - Loading from cache: /assets/sounds/MetalHit.wav
01:47:17.522 [JavaFX Application Thread] DEBUG AssetLoader          - Loading from cache: /assets/sounds/GlassHit.wav
01:47:17.522 [JavaFX Application Thread] DEBUG AssetLoader          - Loading from cache: /assets/sounds/Oof.wav
01:47:17.586 [JavaFX Application Thread] DEBUG AssetLoader          - Loading from cache: /assets/sounds/GlassHit.wav
01:47:17.586 [JavaFX Application Thread] DEBUG AssetLoader          - Loading from cache: /assets/sounds/Oof.wav
01:47:17.618 [JavaFX Application Thread] DEBUG AssetLoader          - Loading from cache: /assets/sounds/WoodenHit.wav
01:47:20.657 [JavaFX Application Thread] DEBUG AssetLoader          - Loading from cache: /assets/sounds/MetalHit.wav
01:47:25.009 [JavaFX Application Thread] DEBUG AssetLoader          - Loading from cache: /assets/sounds/WoodenHit.wav
01:47:28.209 [JavaFX Application Thread] DEBUG AssetLoader          - Loading from cache: /assets/sounds/WoodenHit.wav
01:47:28.225 [JavaFX Application Thread] DEBUG AssetLoader          - Loading from cache: /assets/sounds/WoodenHit.wav
01:47:28.225 [JavaFX Application Thread] DEBUG AssetLoader          - Loading from cache: /assets/sounds/Oof.wav
01:47:31.345 [JavaFX Application Thread] DEBUG AssetLoader          - Loading from cache: /assets/sounds/MetalHit.wav
01:47:34.465 [JavaFX Application Thread] DEBUG AssetLoader          - Loading from cache: /assets/sounds/MetalHit.wav
01:47:34.465 [JavaFX Application Thread] DEBUG AssetLoader          - Loading from cache: /assets/sounds/WoodenHit.wav
01:47:37.602 [JavaFX Application Thread] DEBUG AssetLoader          - Loading from cache: /assets/sounds/MetalHit.wav
01:47:41.505 [JavaFX Application Thread] DEBUG AssetLoader          - Loading from cache: /assets/sounds/GlassHit.wav
01:47:41.505 [JavaFX Application Thread] DEBUG AssetLoader          - Loading from cache: /assets/sounds/Oof.wav
01:47:44.753 [JavaFX Application Thread] DEBUG AssetLoader          - Loading from cache: /assets/sounds/WoodenHit.wav
01:47:44.753 [JavaFX Application Thread] DEBUG AssetLoader          - Loading from cache: /assets/sounds/Oof.wav
01:47:44.785 [JavaFX Application Thread] DEBUG AssetLoader          - Loading from cache: /assets/sounds/WoodenHit.wav
01:47:48.050 [JavaFX Application Thread] DEBUG AssetLoader          - Loading from cache: /assets/sounds/GlassHit.wav
01:47:48.050 [JavaFX Application Thread] DEBUG AssetLoader          - Loading from cache: /assets/sounds/Oof.wav
01:47:48.050 [JavaFX Application Thread] DEBUG AssetLoader          - Loading from cache: /assets/sounds/WoodenHit.wav
01:47:51.057 [JavaFX Application Thread] DEBUG AssetLoader          - Loading from cache: /assets/sounds/WoodenHit.wav
01:47:54.306 [JavaFX Application Thread] DEBUG AssetLoader          - Loading from cache: /assets/sounds/WoodenHit.wav
01:47:54.306 [JavaFX Application Thread] DEBUG AssetLoader          - Loading from cache: /assets/sounds/Oof.wav
01:48:00.321 [JavaFX Application Thread] DEBUG AssetLoader          - Loading from cache: /assets/sounds/GlassHit.wav
01:48:00.321 [JavaFX Application Thread] DEBUG AssetLoader          - Loading from cache: /assets/sounds/Oof.wav
01:48:03.554 [JavaFX Application Thread] DEBUG AssetLoader          - Loading from cache: /assets/sounds/WoodenHit.wav
01:48:06.705 [JavaFX Application Thread] DEBUG AssetLoader          - Loading from cache: /assets/sounds/WoodenHit.wav
01:48:06.705 [JavaFX Application Thread] DEBUG AssetLoader          - Loading from cache: /assets/sounds/Oof.wav
01:48:06.705 [JavaFX Application Thread] DEBUG AssetLoader          - Loading from cache: /assets/sounds/MetalHit.wav
01:48:09.794 [JavaFX Application Thread] DEBUG AssetLoader          - Loading from cache: /assets/sounds/WoodenHit.wav
01:48:12.097 [JavaFX Application Thread] DEBUG AssetLoader          - Loading from cache: /assets/sounds/GlassHit.wav
01:48:12.097 [JavaFX Application Thread] DEBUG AssetLoader          - Loading from cache: /assets/sounds/Oof.wav
01:48:14.226 [JavaFX Application Thread] DEBUG AssetLoader          - Loading from cache: /assets/ui/fonts/VarelaRound-Regular.ttf
01:48:14.226 [JavaFX Application Thread] DEBUG AssetLoader          - Loading from cache: /assets/ui/fonts/VarelaRound-Regular.ttf
01:48:14.226 [JavaFX Application Thread] DEBUG AssetLoader          - Loading from cache: /assets/properties/languages/english.properties
01:48:14.227 [JavaFX Application Thread] DEBUG AssetLoader          - Loading from cache: /assets/ui/fonts/VarelaRound-Regular.ttf
01:48:14.227 [JavaFX Application Thread] DEBUG AssetLoader          - Loading from cache: /assets/properties/languages/english.properties
01:48:14.230 [JavaFX Application Thread] DEBUG AssetLoader          - Loading from cache: /assets/ui/fonts/VarelaRound-Regular.ttf
01:48:14.231 [JavaFX Application Thread] DEBUG AppStateMachine      - Push state: DialogSubState
01:48:14.231 [JavaFX Application Thread] DEBUG Input                - Clearing active input actions
01:48:14.231 [JavaFX Application Thread] DEBUG AppStateMachine      - PlayState -> DialogSubState
01:48:16.417 [JavaFX Application Thread] DEBUG AssetLoader          - Loading from cache: /assets/sounds/menu/select.wav
01:48:16.856 [JavaFX Application Thread] DEBUG AssetLoader          - Loading from cache: /assets/sounds/menu/select.wav
01:48:17.053 [JavaFX Application Thread] DEBUG AppStateMachine      - Pop state: DialogSubState
01:48:17.053 [JavaFX Application Thread] DEBUG Input                - Clearing active input actions
01:48:17.053 [JavaFX Application Thread] DEBUG AppStateMachine      - PlayState <- DialogSubState
01:48:17.056 [JavaFX Application Thread] DEBUG GameApplication      - Starting new game
01:48:17.056 [JavaFX Application Thread] DEBUG Input                - Clearing active input actions
01:48:17.065 [JavaFX Application Thread] DEBUG AppStateMachine      - PlayState -> LoadingState
01:48:17.066 [FXGL Background Thread 2 ] DEBUG InitAppTask          - Clearing previous game
01:48:17.066 [FXGL Background Thread 2 ] DEBUG GameWorld            - Clearing game world
01:48:17.067 [FXGL Background Thread 2 ] DEBUG PhysicsWorld         - Clearing physics world
01:48:17.067 [FXGL Background Thread 2 ] DEBUG GameScene            - Clearing game scene
01:48:17.068 [FXGL Background Thread 2 ] DEBUG InitAppTask          - Initializing Game
01:48:17.069 [FXGL Background Thread 2 ] DEBUG AssetLoader          - Loading from cache: /assets/music/BGM01.wav
01:48:17.069 [FXGL Background Thread 2 ] DEBUG AudioPlayer          - Playing music com.almasb.fxgl.audio.Music@73113010
01:48:17.070 [FXGL Background Thread 2 ] DEBUG GameScene            - Creating render group for layer: BACKGROUND(1000)
01:48:17.070 [FXGL Background Thread 2 ] DEBUG GameScene            - Creating render group for layer: DEFAULT(100000)
01:48:17.071 [FXGL Background Thread 2 ] DEBUG InitAppTask          - Initializing Physics
01:48:17.071 [FXGL Background Thread 2 ] DEBUG InitAppTask          - Initializing UI
01:48:17.073 [FXGL Background Thread 2 ] DEBUG InitAppTask          - Initialization Complete
01:48:17.073 [FXGL Background Thread 2 ] INFO  InitAppTask          - Game initialization took: 0,007 sec
01:48:17.081 [JavaFX Application Thread] DEBUG Input                - Clearing active input actions
01:48:17.089 [JavaFX Application Thread] DEBUG AppStateMachine      - LoadingState -> PlayState
01:48:20.657 [JavaFX Application Thread] DEBUG AssetLoader          - Loading from cache: /assets/sounds/WoodenHit.wav
01:48:23.793 [JavaFX Application Thread] DEBUG AssetLoader          - Loading from cache: /assets/sounds/GlassHit.wav
01:48:23.793 [JavaFX Application Thread] DEBUG AssetLoader          - Loading from cache: /assets/sounds/Oof.wav
01:48:26.914 [JavaFX Application Thread] DEBUG AssetLoader          - Loading from cache: /assets/sounds/GlassHit.wav
01:48:26.914 [JavaFX Application Thread] DEBUG AssetLoader          - Loading from cache: /assets/sounds/Oof.wav
01:48:26.914 [JavaFX Application Thread] DEBUG AssetLoader          - Loading from cache: /assets/sounds/WoodenHit.wav
01:48:29.633 [JavaFX Application Thread] DEBUG AssetLoader          - Loading from cache: /assets/sounds/WoodenHit.wav
01:48:33.425 [JavaFX Application Thread] DEBUG AssetLoader          - Loading from cache: /assets/sounds/GlassHit.wav
01:48:33.425 [JavaFX Application Thread] DEBUG AssetLoader          - Loading from cache: /assets/sounds/Oof.wav
01:48:36.257 [JavaFX Application Thread] DEBUG AssetLoader          - Loading from cache: /assets/sounds/GlassHit.wav
01:48:36.257 [JavaFX Application Thread] DEBUG AssetLoader          - Loading from cache: /assets/sounds/Oof.wav
01:48:41.985 [JavaFX Application Thread] DEBUG AssetLoader          - Loading from cache: /assets/sounds/WoodenHit.wav
01:48:45.202 [JavaFX Application Thread] DEBUG AssetLoader          - Loading from cache: /assets/sounds/WoodenHit.wav
01:48:48.289 [JavaFX Application Thread] DEBUG AssetLoader          - Loading from cache: /assets/sounds/WoodenHit.wav
01:48:48.289 [JavaFX Application Thread] DEBUG AssetLoader          - Loading from cache: /assets/sounds/Oof.wav
01:48:51.505 [JavaFX Application Thread] DEBUG AssetLoader          - Loading from cache: /assets/sounds/GlassHit.wav
01:48:51.505 [JavaFX Application Thread] DEBUG AssetLoader          - Loading from cache: /assets/sounds/Oof.wav
01:48:54.641 [JavaFX Application Thread] DEBUG AssetLoader          - Loading from cache: /assets/sounds/WoodenHit.wav
01:48:57.634 [JavaFX Application Thread] DEBUG AssetLoader          - Loading from cache: /assets/sounds/WoodenHit.wav
01:48:57.634 [JavaFX Application Thread] DEBUG AssetLoader          - Loading from cache: /assets/sounds/WoodenHit.wav
01:49:00.705 [JavaFX Application Thread] DEBUG AssetLoader          - Loading from cache: /assets/sounds/GlassHit.wav
01:49:00.705 [JavaFX Application Thread] DEBUG AssetLoader          - Loading from cache: /assets/sounds/Oof.wav
01:49:00.705 [JavaFX Application Thread] DEBUG AssetLoader          - Loading from cache: /assets/sounds/WoodenHit.wav
01:49:00.705 [JavaFX Application Thread] DEBUG AssetLoader          - Loading from cache: /assets/sounds/Oof.wav
01:49:03.794 [JavaFX Application Thread] DEBUG AssetLoader          - Loading from cache: /assets/sounds/MetalHit.wav
01:49:06.785 [JavaFX Application Thread] DEBUG AssetLoader          - Loading from cache: /assets/sounds/WoodenHit.wav
01:49:09.921 [JavaFX Application Thread] DEBUG AssetLoader          - Loading from cache: /assets/sounds/GlassHit.wav
01:49:09.921 [JavaFX Application Thread] DEBUG AssetLoader          - Loading from cache: /assets/sounds/Oof.wav
01:49:13.170 [JavaFX Application Thread] DEBUG AssetLoader          - Loading from cache: /assets/sounds/GlassHit.wav
01:49:13.170 [JavaFX Application Thread] DEBUG AssetLoader          - Loading from cache: /assets/sounds/Oof.wav
01:49:13.171 [JavaFX Application Thread] DEBUG AssetLoader          - Loading from cache: /assets/sounds/WoodenHit.wav
01:49:16.450 [JavaFX Application Thread] DEBUG AssetLoader          - Loading from cache: /assets/sounds/WoodenHit.wav
01:49:19.698 [JavaFX Application Thread] DEBUG AssetLoader          - Loading from cache: /assets/sounds/WoodenHit.wav
01:49:22.834 [JavaFX Application Thread] DEBUG AssetLoader          - Loading from cache: /assets/sounds/WoodenHit.wav
01:49:22.834 [JavaFX Application Thread] DEBUG AssetLoader          - Loading from cache: /assets/sounds/Oof.wav
01:49:25.841 [JavaFX Application Thread] DEBUG AssetLoader          - Loading from cache: /assets/sounds/WoodenHit.wav
01:49:25.842 [JavaFX Application Thread] DEBUG AssetLoader          - Loading from cache: /assets/sounds/Oof.wav
01:49:29.026 [JavaFX Application Thread] DEBUG AssetLoader          - Loading from cache: /assets/sounds/GlassHit.wav
01:49:29.026 [JavaFX Application Thread] DEBUG AssetLoader          - Loading from cache: /assets/sounds/Oof.wav
01:49:29.027 [JavaFX Application Thread] DEBUG AssetLoader          - Loading from cache: /assets/sounds/GlassHit.wav
01:49:29.027 [JavaFX Application Thread] DEBUG AssetLoader          - Loading from cache: /assets/sounds/Oof.wav
01:49:29.057 [JavaFX Application Thread] DEBUG AssetLoader          - Loading from cache: /assets/sounds/WoodenHit.wav
01:49:32.258 [JavaFX Application Thread] DEBUG AssetLoader          - Loading from cache: /assets/sounds/MetalHit.wav
01:49:35.313 [JavaFX Application Thread] DEBUG AssetLoader          - Loading from cache: /assets/sounds/WoodenHit.wav
01:49:38.578 [JavaFX Application Thread] DEBUG AssetLoader          - Loading from cache: /assets/sounds/WoodenHit.wav
01:49:38.657 [JavaFX Application Thread] DEBUG AssetLoader          - Loading from cache: /assets/sounds/WoodenHit.wav
01:49:41.953 [JavaFX Application Thread] DEBUG AssetLoader          - Loading from cache: /assets/sounds/GlassHit.wav
01:49:41.953 [JavaFX Application Thread] DEBUG AssetLoader          - Loading from cache: /assets/sounds/Oof.wav
01:49:42.306 [JavaFX Application Thread] DEBUG AssetLoader          - Loading from cache: /assets/sounds/WoodenHit.wav
01:49:42.498 [JavaFX Application Thread] DEBUG AssetLoader          - Loading from cache: /assets/sounds/MetalHit.wav
01:49:42.721 [JavaFX Application Thread] DEBUG AssetLoader          - Loading from cache: /assets/sounds/WoodenHit.wav
01:49:42.721 [JavaFX Application Thread] DEBUG AssetLoader          - Loading from cache: /assets/sounds/WoodenHit.wav
01:49:42.913 [JavaFX Application Thread] DEBUG AssetLoader          - Loading from cache: /assets/sounds/WoodenHit.wav
01:49:43.121 [JavaFX Application Thread] DEBUG AssetLoader          - Loading from cache: /assets/sounds/GlassHit.wav
01:49:43.121 [JavaFX Application Thread] DEBUG AssetLoader          - Loading from cache: /assets/sounds/Oof.wav
01:49:43.313 [JavaFX Application Thread] DEBUG AssetLoader          - Loading from cache: /assets/sounds/GlassHit.wav
01:49:43.313 [JavaFX Application Thread] DEBUG AssetLoader          - Loading from cache: /assets/sounds/Oof.wav
01:49:43.537 [JavaFX Application Thread] DEBUG AssetLoader          - Loading from cache: /assets/sounds/GlassHit.wav
01:49:43.537 [JavaFX Application Thread] DEBUG AssetLoader          - Loading from cache: /assets/sounds/Oof.wav
01:49:43.730 [JavaFX Application Thread] DEBUG AssetLoader          - Loading from cache: /assets/sounds/GlassHit.wav
01:49:43.730 [JavaFX Application Thread] DEBUG AssetLoader          - Loading from cache: /assets/sounds/Oof.wav
01:49:43.730 [JavaFX Application Thread] DEBUG AssetLoader          - Loading from cache: /assets/sounds/WoodenHit.wav
01:49:43.938 [JavaFX Application Thread] DEBUG AssetLoader          - Loading from cache: /assets/sounds/WoodenHit.wav
01:49:44.193 [JavaFX Application Thread] DEBUG AssetLoader          - Loading from cache: /assets/sounds/WoodenHit.wav
01:49:47.953 [JavaFX Application Thread] DEBUG AssetLoader          - Loading from cache: /assets/sounds/WoodenHit.wav
01:49:47.953 [JavaFX Application Thread] DEBUG AssetLoader          - Loading from cache: /assets/sounds/Oof.wav
01:49:51.218 [JavaFX Application Thread] DEBUG AssetLoader          - Loading from cache: /assets/sounds/WoodenHit.wav
01:49:54.498 [JavaFX Application Thread] DEBUG AssetLoader          - Loading from cache: /assets/sounds/WoodenHit.wav
01:49:54.498 [JavaFX Application Thread] DEBUG AssetLoader          - Loading from cache: /assets/sounds/Oof.wav
01:49:57.665 [JavaFX Application Thread] DEBUG AssetLoader          - Loading from cache: /assets/sounds/WoodenHit.wav
01:49:57.665 [JavaFX Application Thread] DEBUG AssetLoader          - Loading from cache: /assets/sounds/Oof.wav
01:49:58.001 [JavaFX Application Thread] DEBUG AssetLoader          - Loading from cache: /assets/sounds/WoodenHit.wav
01:49:58.001 [JavaFX Application Thread] DEBUG AssetLoader          - Loading from cache: /assets/sounds/Oof.wav
01:50:02.082 [JavaFX Application Thread] DEBUG AssetLoader          - Loading from cache: /assets/sounds/WoodenHit.wav
01:50:02.082 [JavaFX Application Thread] DEBUG AssetLoader          - Loading from cache: /assets/sounds/Oof.wav
01:50:02.291 [JavaFX Application Thread] DEBUG AssetLoader          - Loading from cache: /assets/sounds/WoodenHit.wav
01:50:02.291 [JavaFX Application Thread] DEBUG AssetLoader          - Loading from cache: /assets/sounds/Oof.wav
01:50:02.482 [JavaFX Application Thread] DEBUG AssetLoader          - Loading from cache: /assets/sounds/WoodenHit.wav
01:50:02.691 [JavaFX Application Thread] DEBUG AssetLoader          - Loading from cache: /assets/sounds/MetalHit.wav
01:50:02.882 [JavaFX Application Thread] DEBUG AssetLoader          - Loading from cache: /assets/sounds/WoodenHit.wav
01:50:03.105 [JavaFX Application Thread] DEBUG AssetLoader          - Loading from cache: /assets/sounds/WoodenHit.wav
01:50:03.105 [JavaFX Application Thread] DEBUG AssetLoader          - Loading from cache: /assets/sounds/Oof.wav
01:50:03.298 [JavaFX Application Thread] DEBUG AssetLoader          - Loading from cache: /assets/sounds/MetalHit.wav
01:50:03.506 [JavaFX Application Thread] DEBUG AssetLoader          - Loading from cache: /assets/sounds/WoodenHit.wav
01:50:03.506 [JavaFX Application Thread] DEBUG AssetLoader          - Loading from cache: /assets/sounds/Oof.wav
01:50:42.209 [JavaFX Application Thread] DEBUG AssetLoader          - Loading from cache: /assets/sounds/MetalHit.wav
01:50:42.482 [JavaFX Application Thread] DEBUG AssetLoader          - Loading from cache: /assets/sounds/MetalHit.wav
01:50:42.898 [JavaFX Application Thread] DEBUG AssetLoader          - Loading from cache: /assets/sounds/MetalHit.wav
01:50:46.194 [JavaFX Application Thread] DEBUG AssetLoader          - Loading from cache: /assets/sounds/MetalHit.wav
01:50:46.194 [JavaFX Application Thread] DEBUG AssetLoader          - Loading from cache: /assets/sounds/WoodenHit.wav
01:50:46.194 [JavaFX Application Thread] DEBUG AssetLoader          - Loading from cache: /assets/sounds/Oof.wav
01:51:37.057 [JavaFX Application Thread] DEBUG AssetLoader          - Loading from cache: /assets/sounds/MetalHit.wav
01:51:37.073 [JavaFX Application Thread] DEBUG AssetLoader          - Loading from cache: /assets/sounds/GlassHit.wav
01:51:37.073 [JavaFX Application Thread] DEBUG AssetLoader          - Loading from cache: /assets/sounds/Oof.wav
01:51:45.298 [JavaFX Application Thread] DEBUG AssetLoader          - Loading from cache: /assets/sounds/MetalHit.wav
01:51:48.577 [JavaFX Application Thread] DEBUG AssetLoader          - Loading from cache: /assets/sounds/MetalHit.wav
01:51:48.657 [JavaFX Application Thread] DEBUG AssetLoader          - Loading from cache: /assets/sounds/MetalHit.wav
01:51:49.041 [JavaFX Application Thread] DEBUG AssetLoader          - Loading from cache: /assets/sounds/MetalHit.wav
01:51:49.506 [JavaFX Application Thread] DEBUG AssetLoader          - Loading from cache: /assets/sounds/MetalHit.wav
01:51:49.633 [JavaFX Application Thread] DEBUG AssetLoader          - Loading from cache: /assets/sounds/MetalHit.wav
01:51:49.954 [JavaFX Application Thread] DEBUG AssetLoader          - Loading from cache: /assets/sounds/MetalHit.wav
01:51:50.353 [JavaFX Application Thread] DEBUG AssetLoader          - Loading from cache: /assets/sounds/MetalHit.wav
01:51:53.554 [JavaFX Application Thread] DEBUG AssetLoader          - Loading from cache: /assets/sounds/MetalHit.wav
01:51:56.689 [JavaFX Application Thread] DEBUG AssetLoader          - Loading from cache: /assets/sounds/MetalHit.wav
01:52:03.409 [JavaFX Application Thread] DEBUG AssetLoader          - Loading from cache: /assets/sounds/MetalHit.wav
01:52:06.658 [JavaFX Application Thread] DEBUG AssetLoader          - Loading from cache: /assets/sounds/MetalHit.wav
01:52:07.105 [JavaFX Application Thread] DEBUG AssetLoader          - Loading from cache: /assets/sounds/MetalHit.wav
01:52:07.377 [JavaFX Application Thread] DEBUG AssetLoader          - Loading from cache: /assets/sounds/MetalHit.wav
01:52:14.849 [JavaFX Application Thread] DEBUG AssetLoader          - Loading from cache: /assets/sounds/MetalHit.wav
01:52:26.306 [JavaFX Application Thread] DEBUG AssetLoader          - Loading from cache: /assets/sounds/MetalHit.wav
01:52:30.593 [JavaFX Application Thread] DEBUG AssetLoader          - Loading from cache: /assets/sounds/MetalHit.wav
01:52:30.593 [JavaFX Application Thread] DEBUG AssetLoader          - Loading from cache: /assets/sounds/Oof.wav
01:52:30.865 [JavaFX Application Thread] DEBUG AssetLoader          - Loading from cache: /assets/sounds/MetalHit.wav
01:52:31.314 [JavaFX Application Thread] DEBUG AssetLoader          - Loading from cache: /assets/sounds/MetalHit.wav
01:52:34.530 [JavaFX Application Thread] DEBUG AssetLoader          - Loading from cache: /assets/sounds/MetalHit.wav
01:52:34.530 [JavaFX Application Thread] DEBUG AssetLoader          - Loading from cache: /assets/sounds/Oof.wav
01:52:38.370 [JavaFX Application Thread] DEBUG AssetLoader          - Loading from cache: /assets/sounds/MetalHit.wav
01:52:41.569 [JavaFX Application Thread] DEBUG AssetLoader          - Loading from cache: /assets/sounds/MetalHit.wav
01:52:44.993 [JavaFX Application Thread] DEBUG AssetLoader          - Loading from cache: /assets/sounds/MetalHit.wav
01:52:45.458 [JavaFX Application Thread] DEBUG AssetLoader          - Loading from cache: /assets/sounds/MetalHit.wav
01:52:45.512 [JavaFX Application Thread] DEBUG AssetLoader          - Loading from cache: /assets/sounds/GlassHit.wav
01:52:45.512 [JavaFX Application Thread] DEBUG AssetLoader          - Loading from cache: /assets/sounds/Oof.wav
01:52:45.519 [JavaFX Application Thread] DEBUG AssetLoader          - Loading from cache: /assets/sounds/GlassHit.wav
01:52:45.519 [JavaFX Application Thread] DEBUG AssetLoader          - Loading from cache: /assets/sounds/Oof.wav
01:52:45.519 [JavaFX Application Thread] DEBUG AssetLoader          - Loading from cache: /assets/sounds/WoodenHit.wav
01:52:45.536 [JavaFX Application Thread] DEBUG AssetLoader          - Loading from cache: /assets/sounds/GlassHit.wav
01:52:45.536 [JavaFX Application Thread] DEBUG AssetLoader          - Loading from cache: /assets/sounds/Oof.wav
01:52:45.536 [JavaFX Application Thread] DEBUG AssetLoader          - Loading from cache: /assets/sounds/WoodenHit.wav
01:52:45.537 [JavaFX Application Thread] DEBUG AssetLoader          - Loading from cache: /assets/sounds/GlassHit.wav
01:52:45.537 [JavaFX Application Thread] DEBUG AssetLoader          - Loading from cache: /assets/sounds/Oof.wav
01:52:45.889 [JavaFX Application Thread] DEBUG AssetLoader          - Loading from cache: /assets/sounds/WoodenHit.wav
01:52:46.145 [JavaFX Application Thread] DEBUG AssetLoader          - Loading from cache: /assets/sounds/WoodenHit.wav
01:52:46.145 [JavaFX Application Thread] DEBUG AssetLoader          - Loading from cache: /assets/sounds/Oof.wav
01:52:46.322 [JavaFX Application Thread] DEBUG AssetLoader          - Loading from cache: /assets/sounds/WoodenHit.wav
01:52:46.530 [JavaFX Application Thread] DEBUG AssetLoader          - Loading from cache: /assets/sounds/GlassHit.wav
01:52:46.531 [JavaFX Application Thread] DEBUG AssetLoader          - Loading from cache: /assets/sounds/Oof.wav
01:52:46.818 [JavaFX Application Thread] DEBUG AssetLoader          - Loading from cache: /assets/sounds/MetalHit.wav
01:52:46.818 [JavaFX Application Thread] DEBUG AssetLoader          - Loading from cache: /assets/sounds/GlassHit.wav
01:52:46.818 [JavaFX Application Thread] DEBUG AssetLoader          - Loading from cache: /assets/sounds/Oof.wav
01:52:47.009 [JavaFX Application Thread] DEBUG AssetLoader          - Loading from cache: /assets/sounds/WoodenHit.wav
01:52:47.202 [JavaFX Application Thread] DEBUG AssetLoader          - Loading from cache: /assets/sounds/WoodenHit.wav
01:52:47.409 [JavaFX Application Thread] DEBUG AssetLoader          - Loading from cache: /assets/sounds/GlassHit.wav
01:52:47.409 [JavaFX Application Thread] DEBUG AssetLoader          - Loading from cache: /assets/sounds/Oof.wav
01:52:47.602 [JavaFX Application Thread] DEBUG AssetLoader          - Loading from cache: /assets/sounds/MetalHit.wav
01:52:47.809 [JavaFX Application Thread] DEBUG AssetLoader          - Loading from cache: /assets/sounds/WoodenHit.wav
01:52:48.097 [JavaFX Application Thread] DEBUG AssetLoader          - Loading from cache: /assets/sounds/WoodenHit.wav
01:52:53.746 [JavaFX Application Thread] DEBUG AssetLoader          - Loading from cache: /assets/sounds/WoodenHit.wav
01:52:56.498 [JavaFX Application Thread] DEBUG AssetLoader          - Loading from cache: /assets/sounds/GlassHit.wav
01:52:56.498 [JavaFX Application Thread] DEBUG AssetLoader          - Loading from cache: /assets/sounds/Oof.wav
01:53:00.209 [JavaFX Application Thread] DEBUG AssetLoader          - Loading from cache: /assets/sounds/WoodenHit.wav
01:53:00.225 [JavaFX Application Thread] DEBUG AssetLoader          - Loading from cache: /assets/sounds/GlassHit.wav
01:53:00.225 [JavaFX Application Thread] DEBUG AssetLoader          - Loading from cache: /assets/sounds/Oof.wav
01:53:01.154 [JavaFX Application Thread] DEBUG AssetLoader          - Loading from cache: /assets/sounds/GlassHit.wav
01:53:01.154 [JavaFX Application Thread] DEBUG AssetLoader          - Loading from cache: /assets/sounds/Oof.wav
01:53:02.817 [JavaFX Application Thread] DEBUG AssetLoader          - Loading from cache: /assets/ui/fonts/VarelaRound-Regular.ttf
01:53:02.817 [JavaFX Application Thread] DEBUG AssetLoader          - Loading from cache: /assets/ui/fonts/VarelaRound-Regular.ttf
01:53:02.818 [JavaFX Application Thread] DEBUG AssetLoader          - Loading from cache: /assets/properties/languages/english.properties
01:53:02.818 [JavaFX Application Thread] DEBUG AssetLoader          - Loading from cache: /assets/ui/fonts/VarelaRound-Regular.ttf
01:53:02.818 [JavaFX Application Thread] DEBUG AssetLoader          - Loading from cache: /assets/properties/languages/english.properties
01:53:02.818 [JavaFX Application Thread] DEBUG AssetLoader          - Loading from cache: /assets/ui/fonts/VarelaRound-Regular.ttf
01:53:02.818 [JavaFX Application Thread] DEBUG AppStateMachine      - Push state: DialogSubState
01:53:02.818 [JavaFX Application Thread] DEBUG Input                - Clearing active input actions
01:53:02.818 [JavaFX Application Thread] DEBUG AppStateMachine      - PlayState -> DialogSubState
01:53:02.834 [JavaFX Application Thread] DEBUG AssetLoader          - Loading from cache: /assets/sounds/menu/select.wav
01:53:04.350 [JavaFX Application Thread] DEBUG AssetLoader          - Loading from cache: /assets/sounds/menu/select.wav
01:53:04.693 [JavaFX Application Thread] DEBUG AppStateMachine      - Pop state: DialogSubState
01:53:04.693 [JavaFX Application Thread] DEBUG Input                - Clearing active input actions
01:53:04.693 [JavaFX Application Thread] DEBUG AppStateMachine      - PlayState <- DialogSubState
01:53:04.694 [JavaFX Application Thread] DEBUG GameApplication      - Starting new game
01:53:04.694 [JavaFX Application Thread] DEBUG Input                - Clearing active input actions
01:53:04.702 [JavaFX Application Thread] DEBUG AppStateMachine      - PlayState -> LoadingState
01:53:04.704 [FXGL Background Thread 3 ] DEBUG InitAppTask          - Clearing previous game
01:53:04.704 [FXGL Background Thread 3 ] DEBUG GameWorld            - Clearing game world
01:53:04.709 [FXGL Background Thread 3 ] DEBUG PhysicsWorld         - Clearing physics world
01:53:04.709 [FXGL Background Thread 3 ] DEBUG GameScene            - Clearing game scene
01:53:04.710 [FXGL Background Thread 3 ] DEBUG InitAppTask          - Initializing Game
01:53:04.712 [FXGL Background Thread 3 ] DEBUG AssetLoader          - Loading from cache: /assets/music/BGM01.wav
01:53:04.712 [FXGL Background Thread 3 ] DEBUG AudioPlayer          - Playing music com.almasb.fxgl.audio.Music@73113010
01:53:04.712 [FXGL Background Thread 3 ] DEBUG GameScene            - Creating render group for layer: BACKGROUND(1000)
01:53:04.713 [FXGL Background Thread 3 ] DEBUG GameScene            - Creating render group for layer: DEFAULT(100000)
01:53:04.713 [FXGL Background Thread 3 ] DEBUG InitAppTask          - Initializing Physics
01:53:04.714 [FXGL Background Thread 3 ] DEBUG InitAppTask          - Initializing UI
01:53:04.715 [FXGL Background Thread 3 ] DEBUG InitAppTask          - Initialization Complete
01:53:04.716 [FXGL Background Thread 3 ] INFO  InitAppTask          - Game initialization took: 0,011 sec
01:53:04.718 [JavaFX Application Thread] DEBUG Input                - Clearing active input actions
01:53:04.725 [JavaFX Application Thread] DEBUG AppStateMachine      - LoadingState -> PlayState
01:53:05.055 [JavaFX Application Thread] DEBUG AssetLoader          - Loading from cache: /assets/ui/fonts/VarelaRound-Regular.ttf
01:53:05.056 [JavaFX Application Thread] DEBUG AssetLoader          - Loading from cache: /assets/ui/fonts/VarelaRound-Regular.ttf
01:53:05.056 [JavaFX Application Thread] DEBUG AssetLoader          - Loading from cache: /assets/ui/fonts/VarelaRound-Regular.ttf
01:53:05.056 [JavaFX Application Thread] DEBUG AssetLoader          - Loading from cache: /assets/properties/languages/english.properties
01:53:05.056 [JavaFX Application Thread] DEBUG AssetLoader          - Loading from cache: /assets/ui/fonts/VarelaRound-Regular.ttf
01:53:05.056 [JavaFX Application Thread] DEBUG AppStateMachine      - Push state: DialogSubState
01:53:05.056 [JavaFX Application Thread] DEBUG Input                - Clearing active input actions
01:53:05.056 [JavaFX Application Thread] DEBUG AppStateMachine      - PlayState -> DialogSubState
01:53:05.059 [JavaFX Application Thread] DEBUG AssetLoader          - Loading from cache: /assets/ui/fonts/VarelaRound-Regular.ttf
01:53:05.059 [JavaFX Application Thread] DEBUG AssetLoader          - Loading from cache: /assets/ui/fonts/VarelaRound-Regular.ttf
01:53:05.059 [JavaFX Application Thread] DEBUG AssetLoader          - Loading from cache: /assets/ui/fonts/VarelaRound-Regular.ttf
01:53:05.059 [JavaFX Application Thread] DEBUG AssetLoader          - Loading from cache: /assets/properties/languages/english.properties
01:53:05.060 [JavaFX Application Thread] DEBUG AssetLoader          - Loading from cache: /assets/ui/fonts/VarelaRound-Regular.ttf
01:53:05.060 [JavaFX Application Thread] DEBUG AssetLoader          - Loading from cache: /assets/ui/fonts/VarelaRound-Regular.ttf
01:53:05.061 [JavaFX Application Thread] DEBUG AssetLoader          - Loading from cache: /assets/ui/fonts/VarelaRound-Regular.ttf
01:53:05.061 [JavaFX Application Thread] DEBUG AssetLoader          - Loading from cache: /assets/ui/fonts/VarelaRound-Regular.ttf
01:53:05.061 [JavaFX Application Thread] DEBUG AssetLoader          - Loading from cache: /assets/properties/languages/english.properties
01:53:05.062 [JavaFX Application Thread] DEBUG AssetLoader          - Loading from cache: /assets/ui/fonts/VarelaRound-Regular.ttf
01:53:08.932 [JavaFX Application Thread] DEBUG AssetLoader          - Loading from cache: /assets/sounds/menu/select.wav
01:53:09.108 [JavaFX Application Thread] DEBUG AssetLoader          - Loading from cache: /assets/ui/fonts/VarelaRound-Regular.ttf
01:53:12.852 [JavaFX Application Thread] DEBUG AssetLoader          - Loading from cache: /assets/sounds/menu/select.wav
01:53:12.872 [JavaFX Application Thread] DEBUG AssetLoader          - Loading from cache: /assets/sounds/menu/select.wav
01:53:13.340 [JavaFX Application Thread] DEBUG AssetLoader          - Loading from cache: /assets/ui/fonts/VarelaRound-Regular.ttf
01:53:13.856 [JavaFX Application Thread] DEBUG AssetLoader          - Loading from cache: /assets/sounds/menu/select.wav
01:53:14.128 [JavaFX Application Thread] DEBUG AppStateMachine      - Pop state: DialogSubState
01:53:14.128 [JavaFX Application Thread] DEBUG Input                - Clearing active input actions
01:53:14.128 [JavaFX Application Thread] DEBUG AppStateMachine      - PlayState <- DialogSubState
01:53:44.642 [JavaFX Application Thread] DEBUG AssetLoader          - Loading from cache: /assets/sounds/MetalHit.wav
01:53:53.842 [JavaFX Application Thread] DEBUG AssetLoader          - Loading from cache: /assets/sounds/MetalHit.wav
01:53:56.883 [JavaFX Application Thread] DEBUG AssetLoader          - Loading from cache: /assets/sounds/GlassHit.wav
01:53:56.883 [JavaFX Application Thread] DEBUG AssetLoader          - Loading from cache: /assets/sounds/Oof.wav
01:54:00.306 [JavaFX Application Thread] DEBUG AssetLoader          - Loading from cache: /assets/ui/fonts/VarelaRound-Regular.ttf
01:54:00.306 [JavaFX Application Thread] DEBUG AssetLoader          - Loading from cache: /assets/ui/fonts/VarelaRound-Regular.ttf
01:54:00.307 [JavaFX Application Thread] DEBUG AssetLoader          - Loading from cache: /assets/properties/languages/english.properties
01:54:00.307 [JavaFX Application Thread] DEBUG AssetLoader          - Loading from cache: /assets/ui/fonts/VarelaRound-Regular.ttf
01:54:00.307 [JavaFX Application Thread] DEBUG AssetLoader          - Loading from cache: /assets/properties/languages/english.properties
01:54:00.307 [JavaFX Application Thread] DEBUG AssetLoader          - Loading from cache: /assets/ui/fonts/VarelaRound-Regular.ttf
01:54:00.307 [JavaFX Application Thread] DEBUG AppStateMachine      - Push state: DialogSubState
01:54:00.307 [JavaFX Application Thread] DEBUG Input                - Clearing active input actions
01:54:00.307 [JavaFX Application Thread] DEBUG AppStateMachine      - PlayState -> DialogSubState
01:54:00.308 [JavaFX Application Thread] DEBUG AssetLoader          - Loading from cache: /assets/sounds/GlassHit.wav
01:54:00.308 [JavaFX Application Thread] DEBUG AssetLoader          - Loading from cache: /assets/sounds/Oof.wav
01:54:01.553 [JavaFX Application Thread] DEBUG AssetLoader          - Loading from cache: /assets/sounds/menu/select.wav
01:54:02.564 [JavaFX Application Thread] DEBUG AssetLoader          - Loading from cache: /assets/sounds/menu/select.wav
01:54:02.836 [JavaFX Application Thread] DEBUG AssetLoader          - Loading from cache: /assets/sounds/menu/select.wav
01:54:03.301 [JavaFX Application Thread] DEBUG AppStateMachine      - Pop state: DialogSubState
01:54:03.301 [JavaFX Application Thread] DEBUG Input                - Clearing active input actions
01:54:03.301 [JavaFX Application Thread] DEBUG AppStateMachine      - PlayState <- DialogSubState
01:54:03.301 [JavaFX Application Thread] DEBUG FXGL                 - Exiting FXGL
01:54:03.301 [JavaFX Application Thread] DEBUG FXGL                 - Shutting down background threads
01:54:03.301 [JavaFX Application Thread] DEBUG FXGL                 - Saving FXGL system data
01:54:03.349 [JavaFX Application Thread] DEBUG DesktopFSService     - Writing to: system\fxgl.bundle
01:54:03.356 [JavaFX Application Thread] DEBUG FXGL                 - Closing logger and exiting JavaFX
