21:45:15.060 [JavaFX Application Thread] DEBUG GameApplication      - Logger initialized
21:45:15.089 [JavaFX Application Thread] DEBUG GameApplication      - Logging settings
Title: Breakout
Version: 0.1
Width: 600
Height: 700
Fullscreen: false
Intro: false
Menus: false
Profiling: false
Single step:false
App Mode: DEVELOPER
Menu Key: ESCAPE
Stage Style: DECORATED
Scene Factory: class com.almasb.fxgl.scene.SceneFactory
Dialog Factory: class com.almasb.fxgl.ui.FXGLDialogFactory
UI Factory: class com.almasb.fxgl.ui.FXGLUIFactory
Notification Service: class com.almasb.fxgl.gameplay.notification.XboxNotificationView
Exception Handler: class com.almasb.fxgl.app.FXGLExceptionHandler
21:45:15.089 [JavaFX Application Thread] DEBUG GameApplication      - Starting FXGL
21:45:15.105 [JavaFX Application Thread] INFO  FXGL                 - FXGL-0.5.4 on DESKTOP
21:45:15.105 [JavaFX Application Thread] INFO  FXGL                 - Source code and latest versions at: https://github.com/AlmasB/FXGL
21:45:15.106 [JavaFX Application Thread] INFO  FXGL                 -              Join the FXGL chat at: https://gitter.im/AlmasB/FXGL
21:45:15.106 [JavaFX Application Thread] DEBUG FXGL                 - FXGL started
21:45:15.107 [JavaFX Application Thread] DEBUG FXGL                 - Initializing FXGL
21:45:15.198 [JavaFX Application Thread] DEBUG AssetLoader          - Loading from disk: /assets/ui/cursors/fxgl_default.png
21:45:15.291 [JavaFX Application Thread] DEBUG AssetLoader          - Loading from disk: /assets/ui/fonts/VarelaRound-Regular.ttf
21:45:15.620 [JavaFX Application Thread] DEBUG MainWindow           - Creating a JavaFX scene
21:45:15.699 [JavaFX Application Thread] DEBUG MainWindow           - Target settings size: 600.0 x 700.0
21:45:15.699 [JavaFX Application Thread] DEBUG MainWindow           - Scaled scene size:    600.0 x 700.0
21:45:15.700 [JavaFX Application Thread] DEBUG MainWindow           - Scaled ratio: (1.0, 1.0)
21:45:15.715 [JavaFX Application Thread] DEBUG AssetLoader          - Loading from disk: /assets/ui/css/fxgl_dark.css
21:45:15.730 [JavaFX Application Thread] DEBUG AssetLoader          - Loading from disk: /assets/textures/fxgl_icon.png
21:45:15.762 [JavaFX Application Thread] DEBUG MainWindow           - Opening main window
21:45:16.174 [JavaFX Application Thread] DEBUG MainWindow           - Window border size: (6.0, 29.0)
21:45:16.175 [JavaFX Application Thread] DEBUG MainWindow           - Scaled size: 600.0 x 700.0
21:45:16.175 [JavaFX Application Thread] DEBUG MainWindow           - Scaled ratio: (1.0, 1.0)
21:45:16.175 [JavaFX Application Thread] DEBUG MainWindow           - Scene size: 600.0 x 700.0
21:45:16.176 [JavaFX Application Thread] DEBUG MainWindow           - Stage size: 606.0 x 729.0
21:45:16.321 [ForkJoinPool.commonPool-worker-1] DEBUG FS                   - Loaded DesktopFSService
21:45:16.322 [ForkJoinPool.commonPool-worker-1] DEBUG FXGL                 - Loading FXGL system data
21:45:16.333 [ForkJoinPool.commonPool-worker-1] DEBUG DesktopFSService     - Reading from: system\fxgl.bundle
21:45:16.352 [ForkJoinPool.commonPool-worker-1] DEBUG Bundle               - Logging bundle: FXGL
21:45:16.353 [ForkJoinPool.commonPool-worker-1] DEBUG Bundle               - FXGL.offline.timer.version.check=2018-12-02T17:17:06.777
21:45:16.355 [ForkJoinPool.commonPool-worker-1] DEBUG FXGL                 - Initializing state machine and application states
21:45:16.358 [ForkJoinPool.commonPool-worker-1] DEBUG AssetLoader          - Loading from disk: /assets/ui/cursors/fxgl_default.png
21:45:16.369 [ForkJoinPool.commonPool-worker-1] DEBUG AssetLoader          - Loading from disk: /assets/ui/cursors/fxgl_default.png
21:45:16.380 [ForkJoinPool.commonPool-worker-1] DEBUG AssetLoader          - Loading from cache: /assets/ui/fonts/VarelaRound-Regular.ttf
21:45:16.387 [ForkJoinPool.commonPool-worker-1] DEBUG AssetLoader          - Loading from disk: /assets/ui/cursors/fxgl_default.png
21:45:16.393 [ForkJoinPool.commonPool-worker-1] DEBUG GameScene            - Game scene initialized: 600x700
21:45:16.424 [ForkJoinPool.commonPool-worker-1] DEBUG GameWorld            - Game world initialized
21:45:16.552 [ForkJoinPool.commonPool-worker-1] DEBUG PhysicsWorld         - Physics world initialized: appHeight=700, physics.ppm=50,0
21:45:16.592 [ForkJoinPool.commonPool-worker-1] DEBUG Input                - Registered new binding: Pause - Esc
21:45:16.675 [JavaFX Application Thread] DEBUG FXGL                 - Running preInit()
21:45:16.677 [JavaFX Application Thread] DEBUG Input                - Registered new binding: Screenshot - P
21:45:16.678 [JavaFX Application Thread] DEBUG Input                - Registered new binding: Dev Options - CTRL+0
21:45:16.679 [JavaFX Application Thread] DEBUG Input                - Registered new binding: System info dump - CTRL+9
21:45:16.680 [JavaFX Application Thread] DEBUG Input                - Registered new binding: Restart - CTRL+R
21:45:16.680 [JavaFX Application Thread] DEBUG Input                - Registered new binding: New ball - Space
21:45:16.681 [JavaFX Application Thread] DEBUG Input                - Registered new binding: Move Left - A
21:45:16.681 [JavaFX Application Thread] DEBUG Input                - Registered new binding: Move Right - D
21:45:16.681 [JavaFX Application Thread] DEBUG Input                - Registered new binding: Add Level - N
21:45:16.681 [JavaFX Application Thread] DEBUG Input                - Registered new binding: Enable Level values editor - M
21:45:16.682 [JavaFX Application Thread] DEBUG Input                - Registered new binding: Show tutorial - T
21:45:16.686 [JavaFX Application Thread] DEBUG AssetLoader          - Loading from cache: /assets/ui/fonts/VarelaRound-Regular.ttf
21:45:16.693 [JavaFX Application Thread] DEBUG AssetLoader          - Loading from cache: /assets/ui/fonts/VarelaRound-Regular.ttf
21:45:16.697 [JavaFX Application Thread] DEBUG AssetLoader          - Loading from disk: /assets/properties/languages/english.properties
21:45:16.704 [JavaFX Application Thread] DEBUG AssetLoader          - Loading from cache: /assets/ui/fonts/VarelaRound-Regular.ttf
21:45:16.705 [JavaFX Application Thread] DEBUG AppStateMachine      - Push state: DialogSubState
21:45:16.706 [JavaFX Application Thread] DEBUG Input                - Clearing active input actions
21:45:16.706 [JavaFX Application Thread] DEBUG AppStateMachine      - StartupState -> DialogSubState
21:45:16.726 [JavaFX Application Thread] DEBUG AssetLoader          - Loading from cache: /assets/ui/fonts/VarelaRound-Regular.ttf
21:45:16.740 [JavaFX Application Thread] DEBUG AssetLoader          - Loading from cache: /assets/ui/fonts/VarelaRound-Regular.ttf
21:45:16.741 [JavaFX Application Thread] DEBUG AssetLoader          - Loading from cache: /assets/ui/fonts/VarelaRound-Regular.ttf
21:45:16.741 [JavaFX Application Thread] DEBUG AssetLoader          - Loading from cache: /assets/properties/languages/english.properties
21:45:16.744 [JavaFX Application Thread] DEBUG AssetLoader          - Loading from cache: /assets/ui/fonts/VarelaRound-Regular.ttf
21:45:16.749 [JavaFX Application Thread] DEBUG AssetLoader          - Loading from cache: /assets/ui/fonts/VarelaRound-Regular.ttf
21:45:16.750 [JavaFX Application Thread] DEBUG AssetLoader          - Loading from cache: /assets/ui/fonts/VarelaRound-Regular.ttf
21:45:16.750 [JavaFX Application Thread] DEBUG AssetLoader          - Loading from cache: /assets/ui/fonts/VarelaRound-Regular.ttf
21:45:16.751 [JavaFX Application Thread] DEBUG AssetLoader          - Loading from cache: /assets/properties/languages/english.properties
21:45:16.752 [JavaFX Application Thread] DEBUG AssetLoader          - Loading from cache: /assets/ui/fonts/VarelaRound-Regular.ttf
21:45:16.754 [JavaFX Application Thread] DEBUG AssetLoader          - Loading from cache: /assets/ui/fonts/VarelaRound-Regular.ttf
21:45:16.755 [JavaFX Application Thread] DEBUG AssetLoader          - Loading from cache: /assets/ui/fonts/VarelaRound-Regular.ttf
21:45:16.755 [JavaFX Application Thread] DEBUG AssetLoader          - Loading from cache: /assets/ui/fonts/VarelaRound-Regular.ttf
21:45:16.756 [JavaFX Application Thread] DEBUG AssetLoader          - Loading from cache: /assets/properties/languages/english.properties
21:45:16.756 [JavaFX Application Thread] DEBUG AssetLoader          - Loading from cache: /assets/ui/fonts/VarelaRound-Regular.ttf
21:45:16.758 [JavaFX Application Thread] DEBUG AssetLoader          - Loading from cache: /assets/ui/fonts/VarelaRound-Regular.ttf
21:45:16.759 [JavaFX Application Thread] DEBUG AssetLoader          - Loading from cache: /assets/ui/fonts/VarelaRound-Regular.ttf
21:45:16.759 [JavaFX Application Thread] DEBUG AssetLoader          - Loading from cache: /assets/properties/languages/english.properties
21:45:16.760 [JavaFX Application Thread] DEBUG AssetLoader          - Loading from cache: /assets/ui/fonts/VarelaRound-Regular.ttf
21:45:16.761 [JavaFX Application Thread] INFO  FXGL                 - FXGL initialization took: 1,654 sec
21:45:16.761 [JavaFX Application Thread] DEBUG LoopRunner           - Starting loop
21:45:17.706 [JavaFX Application Thread] DEBUG AssetLoader          - Loading from cache: /assets/ui/fonts/VarelaRound-Regular.ttf
21:45:21.051 [JavaFX Application Thread] DEBUG AssetLoader          - Loading from cache: /assets/sounds/menu/select.wav
21:45:21.287 [JavaFX Application Thread] DEBUG AssetLoader          - Loading from cache: /assets/ui/fonts/VarelaRound-Regular.ttf
21:45:21.901 [JavaFX Application Thread] DEBUG AssetLoader          - Loading from cache: /assets/sounds/menu/select.wav
21:45:27.020 [JavaFX Application Thread] DEBUG AssetLoader          - Loading from cache: /assets/sounds/menu/select.wav
21:45:27.647 [JavaFX Application Thread] DEBUG AssetLoader          - Loading from cache: /assets/ui/fonts/VarelaRound-Regular.ttf
21:45:30.156 [JavaFX Application Thread] DEBUG AssetLoader          - Loading from cache: /assets/sounds/menu/select.wav
21:45:30.783 [JavaFX Application Thread] DEBUG AssetLoader          - Loading from cache: /assets/ui/fonts/VarelaRound-Regular.ttf
21:45:30.791 [JavaFX Application Thread] DEBUG AssetLoader          - Loading from cache: /assets/sounds/menu/select.wav
21:45:31.542 [JavaFX Application Thread] DEBUG AppStateMachine      - Pop state: DialogSubState
21:45:31.542 [JavaFX Application Thread] DEBUG Input                - Clearing active input actions
21:45:31.543 [JavaFX Application Thread] DEBUG AppStateMachine      - StartupState <- DialogSubState
21:45:31.555 [JavaFX Application Thread] DEBUG StartupState         - STARTUP
21:45:31.555 [JavaFX Application Thread] DEBUG GameApplication      - Starting new game
21:45:31.555 [JavaFX Application Thread] DEBUG Input                - Clearing active input actions
21:45:31.555 [JavaFX Application Thread] DEBUG AssetLoader          - Loading from disk: /assets/ui/css/fxgl_dark.css
21:45:31.562 [JavaFX Application Thread] DEBUG AppStateMachine      - StartupState -> LoadingState
21:45:31.571 [FXGL Background Thread 1 ] DEBUG InitAppTask          - Clearing previous game
21:45:31.571 [FXGL Background Thread 1 ] DEBUG GameWorld            - Clearing game world
21:45:31.572 [FXGL Background Thread 1 ] DEBUG PhysicsWorld         - Clearing physics world
21:45:31.572 [FXGL Background Thread 1 ] DEBUG GameScene            - Clearing game scene
21:45:31.574 [FXGL Background Thread 1 ] DEBUG InitAppTask          - Initializing Game
21:45:31.639 [FXGL Background Thread 1 ] DEBUG GameScene            - Creating render group for layer: BACKGROUND(1000)
21:45:31.648 [FXGL Background Thread 1 ] DEBUG AssetLoader          - Loading from disk: /assets/textures/bat.png
21:45:31.702 [FXGL Background Thread 1 ] DEBUG AudioPlayer          - Playing music com.almasb.fxgl.audio.Music@53b4987c
21:45:31.713 [JavaFX Application Thread] FATAL FXGL                 - Uncaught Exception:

Fatal exception occurred: java.lang.IllegalArgumentException : Entity is already attached to world
E: com.almasb.fxgl.entity.GameWorld.addEntity(GameWorld.kt:73)
E: com.almasb.fxgl.entity.GameWorld.addEntities(GameWorld.kt:83)
E: gui.BreakoutApp.initGame(BreakoutApp.java:81)
E: com.almasb.fxgl.app.GameApplication.internalInitGame(GameApplication.java:238)
E: com.almasb.fxgl.app.LoadingState$InitAppTask.initGame(AppStates.kt:168)
E: com.almasb.fxgl.app.LoadingState$InitAppTask.call(AppStates.kt:138)
E: com.almasb.fxgl.app.LoadingState$InitAppTask.call(AppStates.kt:127)
E: javafx.concurrent.Task$TaskCallable.call(Task.java:1423)
E: java.util.concurrent.FutureTask.run(FutureTask.java:266)
E: java.util.concurrent.Executors$RunnableAdapter.call(Executors.java:511)
E: java.util.concurrent.FutureTask.run(FutureTask.java:266)
E: java.util.concurrent.ThreadPoolExecutor.runWorker(ThreadPoolExecutor.java:1149)
E: java.util.concurrent.ThreadPoolExecutor$Worker.run(ThreadPoolExecutor.java:624)
E: java.lang.Thread.run(Thread.java:748)

21:45:31.713 [JavaFX Application Thread] FATAL FXGL                 - Application will now exit
21:45:31.714 [JavaFX Application Thread] DEBUG LoopRunner           - Stopping loop
21:45:39.603 [JavaFX Application Thread] DEBUG FXGL                 - Exiting FXGL
21:45:39.603 [JavaFX Application Thread] DEBUG FXGL                 - Shutting down background threads
21:45:39.604 [JavaFX Application Thread] DEBUG FXGL                 - Saving FXGL system data
21:45:39.608 [JavaFX Application Thread] DEBUG DesktopFSService     - Writing to: system\fxgl.bundle
21:45:39.616 [JavaFX Application Thread] DEBUG FXGL                 - Closing logger and exiting JavaFX
